# seenums run started: 2026-06-02T13:17:00.766317
# initial_value=10.0  max_delta=2.0  forced_reset_count=never
# gpio: pin=6  ms=250  tickle_low_threshold=9.0
#
# timestamp                     event
#----------------------------------------------------------------------
2026-06-02T13:17:01.528  READ   raw=.           stable=10.00     anomalies=0
2026-06-02T13:17:03.981  READ   raw=4           stable=10.00     anomalies=1
2026-06-02T13:17:04.137  READ   raw=4           stable=10.00     anomalies=2
2026-06-02T13:17:04.286  READ   raw=4           stable=10.00     anomalies=3
2026-06-02T13:17:04.442  READ   raw=4           stable=10.00     anomalies=4
2026-06-02T13:17:04.591  READ   raw=2           stable=10.00     anomalies=5
2026-06-02T13:17:04.739  READ   raw=.
4         stable=10.00     anomalies=5
2026-06-02T13:17:04.877  READ   raw=None        stable=10.00     anomalies=5
2026-06-02T13:17:05.015  READ   raw=None        stable=10.00     anomalies=5
2026-06-02T13:17:05.168  READ   raw=None        stable=10.00     anomalies=5
2026-06-02T13:17:05.307  READ   raw=None        stable=10.00     anomalies=5
2026-06-02T13:17:05.482  READ   raw=None        stable=10.00     anomalies=5
2026-06-02T13:17:05.619  READ   raw=.           stable=10.00     anomalies=5
2026-06-02T13:17:05.754  READ   raw=.           stable=10.00     anomalies=5
2026-06-02T13:17:05.887  READ   raw=None        stable=10.00     anomalies=5
2026-06-02T13:17:06.027  READ   raw=.           stable=10.00     anomalies=5
2026-06-02T13:17:06.166  READ   raw=None        stable=10.00     anomalies=5
2026-06-02T13:17:06.307  READ   raw=None        stable=10.00     anomalies=5
2026-06-02T13:17:06.448  READ   raw=None        stable=10.00     anomalies=5
2026-06-02T13:17:06.588  READ   raw=None        stable=10.00     anomalies=5
2026-06-02T13:17:06.729  READ   raw=None        stable=10.00     anomalies=5
2026-06-02T13:17:06.869  READ   raw=None        stable=10.00     anomalies=5
2026-06-02T13:17:07.008  READ   raw=None        stable=10.00     anomalies=5
2026-06-02T13:17:07.148  READ   raw=None        stable=10.00     anomalies=5
2026-06-02T13:17:07.288  READ   raw=None        stable=10.00     anomalies=5
2026-06-02T13:17:07.427  READ   raw=None        stable=10.00     anomalies=5
2026-06-02T13:17:07.567  READ   raw=None        stable=10.00     anomalies=5
2026-06-02T13:17:07.707  READ   raw=None        stable=10.00     anomalies=5
2026-06-02T13:17:07.847  READ   raw=.           stable=10.00     anomalies=5
2026-06-02T13:17:08.009  READ   raw=None        stable=10.00     anomalies=5
2026-06-02T13:17:08.161  READ   raw=.           stable=10.00     anomalies=5
2026-06-02T13:17:08.312  READ   raw=None        stable=10.00     anomalies=5
2026-06-02T13:17:08.451  READ   raw=None        stable=10.00     anomalies=5
2026-06-02T13:17:08.591  READ   raw=None        stable=10.00     anomalies=5
2026-06-02T13:17:08.732  READ   raw=.           stable=10.00     anomalies=5
2026-06-02T13:17:08.875  READ   raw=None        stable=10.00     anomalies=5
2026-06-02T13:17:09.015  READ   raw=None        stable=10.00     anomalies=5
2026-06-02T13:17:09.157  READ   raw=None        stable=10.00     anomalies=5
2026-06-02T13:17:09.297  READ   raw=None        stable=10.00     anomalies=5
2026-06-02T13:17:09.435  READ   raw=None        stable=10.00     anomalies=5
2026-06-02T13:17:09.575  READ   raw=None        stable=10.00     anomalies=5
2026-06-02T13:17:09.715  READ   raw=None        stable=10.00     anomalies=5
2026-06-02T13:17:09.855  READ   raw=None        stable=10.00     anomalies=5
2026-06-02T13:17:09.994  READ   raw=None        stable=10.00     anomalies=5
2026-06-02T13:17:10.138  READ   raw=None        stable=10.00     anomalies=5
2026-06-02T13:17:10.278  READ   raw=None        stable=10.00     anomalies=5
2026-06-02T13:17:10.418  READ   raw=None        stable=10.00     anomalies=5
2026-06-02T13:17:10.561  READ   raw=None        stable=10.00     anomalies=5
2026-06-02T13:17:10.704  READ   raw=None        stable=10.00     anomalies=5
2026-06-02T13:17:10.845  READ   raw=.           stable=10.00     anomalies=5
2026-06-02T13:17:10.981  READ   raw=None        stable=10.00     anomalies=5
2026-06-02T13:17:11.119  READ   raw=None        stable=10.00     anomalies=5
2026-06-02T13:17:11.258  READ   raw=None        stable=10.00     anomalies=5
2026-06-02T13:17:11.396  READ   raw=None        stable=10.00     anomalies=5
2026-06-02T13:17:11.538  READ   raw=.           stable=10.00     anomalies=5
2026-06-02T13:17:11.677  READ   raw=.           stable=10.00     anomalies=5
2026-06-02T13:17:11.817  READ   raw=.           stable=10.00     anomalies=5
2026-06-02T13:17:11.959  READ   raw=.           stable=10.00     anomalies=5
2026-06-02T13:17:12.100  READ   raw=.           stable=10.00     anomalies=5
2026-06-02T13:17:12.238  READ   raw=.           stable=10.00     anomalies=5
2026-06-02T13:17:12.378  READ   raw=.           stable=10.00     anomalies=5
2026-06-02T13:17:12.517  READ   raw=.           stable=10.00     anomalies=5
2026-06-02T13:17:12.657  READ   raw=.           stable=10.00     anomalies=5
2026-06-02T13:17:12.796  READ   raw=.           stable=10.00     anomalies=5
2026-06-02T13:17:12.938  READ   raw=None        stable=10.00     anomalies=5
2026-06-02T13:17:13.083  READ   raw=.           stable=10.00     anomalies=5
2026-06-02T13:17:13.226  READ   raw=None        stable=10.00     anomalies=5
2026-06-02T13:17:13.369  READ   raw=.           stable=10.00     anomalies=5
2026-06-02T13:17:13.508  READ   raw=None        stable=10.00     anomalies=5
2026-06-02T13:17:13.649  READ   raw=.           stable=10.00     anomalies=5
2026-06-02T13:17:13.788  READ   raw=.           stable=10.00     anomalies=5
2026-06-02T13:17:13.927  READ   raw=.           stable=10.00     anomalies=5
2026-06-02T13:17:14.068  READ   raw=None        stable=10.00     anomalies=5
2026-06-02T13:17:14.206  READ   raw=None        stable=10.00     anomalies=5
2026-06-02T13:17:14.345  READ   raw=.           stable=10.00     anomalies=5
2026-06-02T13:17:14.483  READ   raw=.           stable=10.00     anomalies=5
2026-06-02T13:17:14.623  READ   raw=None        stable=10.00     anomalies=5
2026-06-02T13:17:14.765  READ   raw=None        stable=10.00     anomalies=5
2026-06-02T13:17:14.905  READ   raw=.           stable=10.00     anomalies=5
2026-06-02T13:17:15.045  READ   raw=.           stable=10.00     anomalies=5
2026-06-02T13:17:15.184  READ   raw=.           stable=10.00     anomalies=5
2026-06-02T13:17:15.323  READ   raw=.           stable=10.00     anomalies=5
2026-06-02T13:17:15.461  READ   raw=.           stable=10.00     anomalies=5
2026-06-02T13:17:15.617  READ   raw=None        stable=10.00     anomalies=5
2026-06-02T13:17:15.755  READ   raw=None        stable=10.00     anomalies=5
2026-06-02T13:17:15.895  READ   raw=None        stable=10.00     anomalies=5
2026-06-02T13:17:16.035  READ   raw=None        stable=10.00     anomalies=5
2026-06-02T13:17:16.173  READ   raw=.           stable=10.00     anomalies=5
2026-06-02T13:17:16.311  READ   raw=None        stable=10.00     anomalies=5
2026-06-02T13:17:16.452  READ   raw=None        stable=10.00     anomalies=5
2026-06-02T13:17:16.591  READ   raw=None        stable=10.00     anomalies=5
2026-06-02T13:17:16.730  READ   raw=None        stable=10.00     anomalies=5
2026-06-02T13:17:16.873  READ   raw=None        stable=10.00     anomalies=5
2026-06-02T13:17:17.012  READ   raw=None        stable=10.00     anomalies=5
2026-06-02T13:17:17.151  READ   raw=None        stable=10.00     anomalies=5
2026-06-02T13:17:17.295  READ   raw=None        stable=10.00     anomalies=5
2026-06-02T13:17:17.433  READ   raw=None        stable=10.00     anomalies=5
2026-06-02T13:17:17.573  READ   raw=None        stable=10.00     anomalies=5
2026-06-02T13:17:17.713  READ   raw=None        stable=10.00     anomalies=5
2026-06-02T13:17:17.854  READ   raw=1 8         stable=10.00     anomalies=5
2026-06-02T13:17:17.978  READ   raw=None        stable=10.00     anomalies=5
2026-06-02T13:17:18.125  READ   raw=7 2         stable=10.00     anomalies=5
2026-06-02T13:17:18.265  READ   raw=4 2         stable=10.00     anomalies=5
2026-06-02T13:17:18.390  READ   raw=None        stable=10.00     anomalies=5
2026-06-02T13:17:18.516  READ   raw=None        stable=10.00     anomalies=5
2026-06-02T13:17:18.656  READ   raw=None        stable=10.00     anomalies=5
2026-06-02T13:17:18.797  READ   raw=None        stable=10.00     anomalies=5
2026-06-02T13:17:18.937  READ   raw=None        stable=10.00     anomalies=5
2026-06-02T13:17:19.077  READ   raw=None        stable=10.00     anomalies=5
2026-06-02T13:17:19.216  READ   raw=None        stable=10.00     anomalies=5
2026-06-02T13:17:19.359  READ   raw=.           stable=10.00     anomalies=5
2026-06-02T13:17:19.500  READ   raw=None        stable=10.00     anomalies=5
2026-06-02T13:17:19.640  READ   raw=None        stable=10.00     anomalies=5
2026-06-02T13:17:19.781  READ   raw=None        stable=10.00     anomalies=5
2026-06-02T13:17:19.921  READ   raw=None        stable=10.00     anomalies=5
2026-06-02T13:17:20.061  READ   raw=None        stable=10.00     anomalies=5
2026-06-02T13:17:20.202  READ   raw=None        stable=10.00     anomalies=5
2026-06-02T13:17:20.346  READ   raw=None        stable=10.00     anomalies=5
2026-06-02T13:17:20.490  READ   raw=None        stable=10.00     anomalies=5
2026-06-02T13:17:20.632  READ   raw=None        stable=10.00     anomalies=5
2026-06-02T13:17:20.775  READ   raw=None        stable=10.00     anomalies=5
2026-06-02T13:17:20.919  READ   raw=None        stable=10.00     anomalies=5
2026-06-02T13:17:21.059  READ   raw=None        stable=10.00     anomalies=5
2026-06-02T13:17:21.200  READ   raw=None        stable=10.00     anomalies=5
2026-06-02T13:17:21.340  READ   raw=None        stable=10.00     anomalies=5
2026-06-02T13:17:21.480  READ   raw=None        stable=10.00     anomalies=5
2026-06-02T13:17:21.621  READ   raw=None        stable=10.00     anomalies=5
2026-06-02T13:17:21.762  READ   raw=None        stable=10.00     anomalies=5
2026-06-02T13:17:21.903  READ   raw=None        stable=10.00     anomalies=5
2026-06-02T13:17:22.043  READ   raw=46          stable=10.00     anomalies=6
2026-06-02T13:17:22.183  READ   raw=6           stable=10.00     anomalies=7
2026-06-02T13:17:22.323  READ   raw=46          stable=10.00     anomalies=8
2026-06-02T13:17:22.466  READ   raw=4           stable=10.00     anomalies=9
2026-06-02T13:17:22.607  READ   raw=None        stable=10.00     anomalies=9
2026-06-02T13:17:22.747  READ   raw=None        stable=10.00     anomalies=9
2026-06-02T13:17:22.890  READ   raw=.           stable=10.00     anomalies=9
2026-06-02T13:17:23.026  READ   raw=None        stable=10.00     anomalies=9
2026-06-02T13:17:23.164  READ   raw=None        stable=10.00     anomalies=9
2026-06-02T13:17:23.308  READ   raw=None        stable=10.00     anomalies=9
2026-06-02T13:17:23.448  READ   raw=None        stable=10.00     anomalies=9
2026-06-02T13:17:23.586  READ   raw=None        stable=10.00     anomalies=9
2026-06-02T13:17:23.725  READ   raw=None        stable=10.00     anomalies=9
2026-06-02T13:17:23.866  READ   raw=None        stable=10.00     anomalies=9
2026-06-02T13:17:24.007  READ   raw=None        stable=10.00     anomalies=9
2026-06-02T13:17:24.144  READ   raw=None        stable=10.00     anomalies=9
2026-06-02T13:17:24.291  READ   raw=None        stable=10.00     anomalies=9
2026-06-02T13:17:24.431  READ   raw=None        stable=10.00     anomalies=9
2026-06-02T13:17:24.569  READ   raw=None        stable=10.00     anomalies=9
2026-06-02T13:17:24.710  READ   raw=None        stable=10.00     anomalies=9
2026-06-02T13:17:24.852  READ   raw=None        stable=10.00     anomalies=9
2026-06-02T13:17:24.988  READ   raw=None        stable=10.00     anomalies=9
2026-06-02T13:17:25.126  READ   raw=None        stable=10.00     anomalies=9
2026-06-02T13:17:25.265  READ   raw=None        stable=10.00     anomalies=9
2026-06-02T13:17:25.403  READ   raw=None        stable=10.00     anomalies=9
2026-06-02T13:17:25.543  READ   raw=None        stable=10.00     anomalies=9
2026-06-02T13:17:25.700  READ   raw=None        stable=10.00     anomalies=9
2026-06-02T13:17:25.836  READ   raw=None        stable=10.00     anomalies=9
2026-06-02T13:17:25.973  READ   raw=None        stable=10.00     anomalies=9
2026-06-02T13:17:26.110  READ   raw=None        stable=10.00     anomalies=9
2026-06-02T13:17:26.248  READ   raw=.           stable=10.00     anomalies=9
2026-06-02T13:17:26.388  READ   raw=None        stable=10.00     anomalies=9
2026-06-02T13:17:26.524  READ   raw=None        stable=10.00     anomalies=9
2026-06-02T13:17:26.662  READ   raw=None        stable=10.00     anomalies=9
2026-06-02T13:17:26.800  READ   raw=None        stable=10.00     anomalies=9
2026-06-02T13:17:26.944  READ   raw=None        stable=10.00     anomalies=9
2026-06-02T13:17:27.104  READ   raw=None        stable=10.00     anomalies=9
2026-06-02T13:17:27.255  READ   raw=None        stable=10.00     anomalies=9
2026-06-02T13:17:27.401  READ   raw=None        stable=10.00     anomalies=9
2026-06-02T13:17:27.541  READ   raw=None        stable=10.00     anomalies=9
2026-06-02T13:17:27.692  READ   raw=None        stable=10.00     anomalies=9
2026-06-02T13:17:27.834  READ   raw=None        stable=10.00     anomalies=9
2026-06-02T13:17:27.975  READ   raw=None        stable=10.00     anomalies=9
2026-06-02T13:17:28.117  READ   raw=None        stable=10.00     anomalies=9
2026-06-02T13:17:28.260  READ   raw=None        stable=10.00     anomalies=9
2026-06-02T13:17:28.401  READ   raw=None        stable=10.00     anomalies=9
2026-06-02T13:17:28.542  READ   raw=None        stable=10.00     anomalies=9
2026-06-02T13:17:28.683  READ   raw=None        stable=10.00     anomalies=9
2026-06-02T13:17:28.820  READ   raw=None        stable=10.00     anomalies=9
2026-06-02T13:17:28.958  READ   raw=None        stable=10.00     anomalies=9
2026-06-02T13:17:29.096  READ   raw=None        stable=10.00     anomalies=9
2026-06-02T13:17:29.232  READ   raw=None        stable=10.00     anomalies=9
2026-06-02T13:17:29.368  READ   raw=None        stable=10.00     anomalies=9
2026-06-02T13:17:29.505  READ   raw=None        stable=10.00     anomalies=9
2026-06-02T13:17:29.645  READ   raw=None        stable=10.00     anomalies=9
2026-06-02T13:17:29.790  READ   raw=None        stable=10.00     anomalies=9
2026-06-02T13:17:29.939  READ   raw=None        stable=10.00     anomalies=9
2026-06-02T13:17:30.080  READ   raw=None        stable=10.00     anomalies=9
2026-06-02T13:17:30.222  READ   raw=None        stable=10.00     anomalies=9
2026-06-02T13:17:30.365  READ   raw=None        stable=10.00     anomalies=9
2026-06-02T13:17:30.507  READ   raw=None        stable=10.00     anomalies=9
2026-06-02T13:17:30.652  READ   raw=None        stable=10.00     anomalies=9
2026-06-02T13:17:30.796  READ   raw=None        stable=10.00     anomalies=9
2026-06-02T13:17:30.935  READ   raw=None        stable=10.00     anomalies=9
2026-06-02T13:17:31.074  READ   raw=None        stable=10.00     anomalies=9
2026-06-02T13:17:31.212  READ   raw=None        stable=10.00     anomalies=9
2026-06-02T13:17:31.352  READ   raw=None        stable=10.00     anomalies=9
2026-06-02T13:17:31.495  READ   raw=None        stable=10.00     anomalies=9
2026-06-02T13:17:31.638  READ   raw=None        stable=10.00     anomalies=9
2026-06-02T13:17:31.776  READ   raw=None        stable=10.00     anomalies=9
2026-06-02T13:17:31.916  READ   raw=None        stable=10.00     anomalies=9
2026-06-02T13:17:32.056  READ   raw=None        stable=10.00     anomalies=9
2026-06-02T13:17:32.197  READ   raw=None        stable=10.00     anomalies=9
2026-06-02T13:17:32.336  READ   raw=None        stable=10.00     anomalies=9
2026-06-02T13:17:32.475  READ   raw=None        stable=10.00     anomalies=9
2026-06-02T13:17:32.614  READ   raw=None        stable=10.00     anomalies=9
2026-06-02T13:17:32.752  READ   raw=None        stable=10.00     anomalies=9
2026-06-02T13:17:32.891  READ   raw=None        stable=10.00     anomalies=9
2026-06-02T13:17:33.030  READ   raw=None        stable=10.00     anomalies=9
2026-06-02T13:17:33.169  READ   raw=None        stable=10.00     anomalies=9
2026-06-02T13:17:33.309  READ   raw=None        stable=10.00     anomalies=9
2026-06-02T13:17:33.456  READ   raw=None        stable=10.00     anomalies=9
2026-06-02T13:17:33.595  READ   raw=None        stable=10.00     anomalies=9
2026-06-02T13:17:33.733  READ   raw=None        stable=10.00     anomalies=9
2026-06-02T13:17:33.871  READ   raw=.           stable=10.00     anomalies=9
2026-06-02T13:17:34.008  READ   raw=.           stable=10.00     anomalies=9
2026-06-02T13:17:34.149  READ   raw=None        stable=10.00     anomalies=9
2026-06-02T13:17:34.290  READ   raw=.           stable=10.00     anomalies=9
2026-06-02T13:17:34.430  READ   raw=None        stable=10.00     anomalies=9
2026-06-02T13:17:34.570  READ   raw=None        stable=10.00     anomalies=9
2026-06-02T13:17:34.709  READ   raw=None        stable=10.00     anomalies=9
2026-06-02T13:17:34.847  READ   raw=None        stable=10.00     anomalies=9
2026-06-02T13:17:34.988  READ   raw=None        stable=10.00     anomalies=9
2026-06-02T13:17:35.130  READ   raw=None        stable=10.00     anomalies=9
2026-06-02T13:17:35.268  READ   raw=None        stable=10.00     anomalies=9
2026-06-02T13:17:35.405  READ   raw=None        stable=10.00     anomalies=9
2026-06-02T13:17:35.546  READ   raw=None        stable=10.00     anomalies=9
2026-06-02T13:17:35.684  READ   raw=None        stable=10.00     anomalies=9
2026-06-02T13:17:35.823  READ   raw=None        stable=10.00     anomalies=9
2026-06-02T13:17:35.964  READ   raw=None        stable=10.00     anomalies=9
2026-06-02T13:17:36.101  READ   raw=None        stable=10.00     anomalies=9
2026-06-02T13:17:36.238  READ   raw=None        stable=10.00     anomalies=9
2026-06-02T13:17:36.378  READ   raw=None        stable=10.00     anomalies=9
2026-06-02T13:17:36.515  READ   raw=None        stable=10.00     anomalies=9
2026-06-02T13:17:36.654  READ   raw=None        stable=10.00     anomalies=9
2026-06-02T13:17:36.793  READ   raw=None        stable=10.00     anomalies=9
2026-06-02T13:17:36.938  READ   raw=.           stable=10.00     anomalies=9
2026-06-02T13:17:37.078  READ   raw=None        stable=10.00     anomalies=9
2026-06-02T13:17:37.219  READ   raw=None        stable=10.00     anomalies=9
2026-06-02T13:17:37.359  READ   raw=None        stable=10.00     anomalies=9
2026-06-02T13:17:37.500  READ   raw=None        stable=10.00     anomalies=9
2026-06-02T13:17:37.639  READ   raw=None        stable=10.00     anomalies=9
2026-06-02T13:17:37.778  READ   raw=None        stable=10.00     anomalies=9
2026-06-02T13:17:37.915  READ   raw=None        stable=10.00     anomalies=9
2026-06-02T13:17:38.054  READ   raw=None        stable=10.00     anomalies=9
2026-06-02T13:17:38.194  READ   raw=None        stable=10.00     anomalies=9
2026-06-02T13:17:38.333  READ   raw=None        stable=10.00     anomalies=9
2026-06-02T13:17:38.472  READ   raw=None        stable=10.00     anomalies=9
2026-06-02T13:17:38.613  READ   raw=None        stable=10.00     anomalies=9
2026-06-02T13:17:38.754  READ   raw=None        stable=10.00     anomalies=9
2026-06-02T13:17:38.893  READ   raw=None        stable=10.00     anomalies=9
2026-06-02T13:17:39.035  READ   raw=None        stable=10.00     anomalies=9
2026-06-02T13:17:39.177  READ   raw=None        stable=10.00     anomalies=9
2026-06-02T13:17:39.322  READ   raw=None        stable=10.00     anomalies=9
2026-06-02T13:17:39.465  READ   raw=None        stable=10.00     anomalies=9
2026-06-02T13:17:39.607  READ   raw=None        stable=10.00     anomalies=9
2026-06-02T13:17:39.750  READ   raw=7           stable=10.00     anomalies=10
2026-06-02T13:17:39.892  READ   raw=None        stable=10.00     anomalies=10
2026-06-02T13:17:40.033  READ   raw=None        stable=10.00     anomalies=10
2026-06-02T13:17:40.172  READ   raw=None        stable=10.00     anomalies=10
2026-06-02T13:17:40.309  READ   raw=None        stable=10.00     anomalies=10
2026-06-02T13:17:40.452  READ   raw=None        stable=10.00     anomalies=10
2026-06-02T13:17:40.589  READ   raw=None        stable=10.00     anomalies=10
2026-06-02T13:17:40.731  READ   raw=None        stable=10.00     anomalies=10
2026-06-02T13:17:40.870  READ   raw=None        stable=10.00     anomalies=10
2026-06-02T13:17:41.010  READ   raw=4           stable=10.00     anomalies=11
2026-06-02T13:17:41.151  READ   raw=None        stable=10.00     anomalies=11
2026-06-02T13:17:41.292  READ   raw=None        stable=10.00     anomalies=11
2026-06-02T13:17:41.430  READ   raw=.           stable=10.00     anomalies=11
2026-06-02T13:17:41.568  READ   raw=None        stable=10.00     anomalies=11
2026-06-02T13:17:41.707  READ   raw=None        stable=10.00     anomalies=11
2026-06-02T13:17:41.845  READ   raw=None        stable=10.00     anomalies=11
2026-06-02T13:17:41.984  READ   raw=None        stable=10.00     anomalies=11
2026-06-02T13:17:42.121  READ   raw=None        stable=10.00     anomalies=11
2026-06-02T13:17:42.260  READ   raw=None        stable=10.00     anomalies=11
2026-06-02T13:17:42.398  READ   raw=None        stable=10.00     anomalies=11
2026-06-02T13:17:42.537  READ   raw=None        stable=10.00     anomalies=11
2026-06-02T13:17:42.678  READ   raw=None        stable=10.00     anomalies=11
2026-06-02T13:17:42.817  READ   raw=None        stable=10.00     anomalies=11
2026-06-02T13:17:42.961  READ   raw=None        stable=10.00     anomalies=11
2026-06-02T13:17:43.099  READ   raw=None        stable=10.00     anomalies=11
2026-06-02T13:17:43.238  READ   raw=None        stable=10.00     anomalies=11
2026-06-02T13:17:43.375  READ   raw=None        stable=10.00     anomalies=11
2026-06-02T13:17:43.515  READ   raw=None        stable=10.00     anomalies=11
2026-06-02T13:17:43.654  READ   raw=None        stable=10.00     anomalies=11
2026-06-02T13:17:43.795  READ   raw=None        stable=10.00     anomalies=11
2026-06-02T13:17:43.934  READ   raw=None        stable=10.00     anomalies=11
2026-06-02T13:17:44.073  READ   raw=None        stable=10.00     anomalies=11
2026-06-02T13:17:44.213  READ   raw=None        stable=10.00     anomalies=11
2026-06-02T13:17:44.351  READ   raw=None        stable=10.00     anomalies=11
2026-06-02T13:17:44.492  READ   raw=None        stable=10.00     anomalies=11
2026-06-02T13:17:44.631  READ   raw=None        stable=10.00     anomalies=11
2026-06-02T13:17:44.768  READ   raw=None        stable=10.00     anomalies=11
2026-06-02T13:17:44.906  READ   raw=None        stable=10.00     anomalies=11
2026-06-02T13:17:45.045  READ   raw=None        stable=10.00     anomalies=11
2026-06-02T13:17:45.187  READ   raw=None        stable=10.00     anomalies=11
2026-06-02T13:17:45.330  READ   raw=None        stable=10.00     anomalies=11
2026-06-02T13:17:45.473  READ   raw=None        stable=10.00     anomalies=11
2026-06-02T13:17:45.615  READ   raw=None        stable=10.00     anomalies=11
2026-06-02T13:17:45.771  READ   raw=None        stable=10.00     anomalies=11
2026-06-02T13:17:45.916  READ   raw=4           stable=10.00     anomalies=12
2026-06-02T13:17:46.059  READ   raw=None        stable=10.00     anomalies=12
2026-06-02T13:17:46.201  READ   raw=4           stable=10.00     anomalies=13
2026-06-02T13:17:46.341  READ   raw=None        stable=10.00     anomalies=13
2026-06-02T13:17:46.486  READ   raw=.           stable=10.00     anomalies=13
2026-06-02T13:17:46.642  READ   raw=23          stable=10.00     anomalies=14
2026-06-02T13:17:46.784  READ   raw=4           stable=10.00     anomalies=15
2026-06-02T13:17:46.924  READ   raw=7           stable=10.00     anomalies=16
2026-06-02T13:17:47.079  READ   raw=.
2         stable=10.00     anomalies=16
2026-06-02T13:17:47.217  READ   raw=None        stable=10.00     anomalies=16
2026-06-02T13:17:47.358  READ   raw=208         stable=10.00     anomalies=17
2026-06-02T13:17:47.496  READ   raw=.           stable=10.00     anomalies=17
2026-06-02T13:17:47.636  READ   raw=None        stable=10.00     anomalies=17
2026-06-02T13:17:47.774  READ   raw=None        stable=10.00     anomalies=17
2026-06-02T13:17:47.913  READ   raw=.8          stable=10.00     anomalies=18
2026-06-02T13:17:48.053  READ   raw=None        stable=10.00     anomalies=18
2026-06-02T13:17:48.192  READ   raw=0           stable=10.00     anomalies=19
2026-06-02T13:17:48.331  READ   raw=None        stable=10.00     anomalies=19
2026-06-02T13:17:48.470  READ   raw=None        stable=10.00     anomalies=19
2026-06-02T13:17:48.610  READ   raw=None        stable=10.00     anomalies=19
2026-06-02T13:17:48.749  READ   raw=None        stable=10.00     anomalies=19
2026-06-02T13:17:48.887  READ   raw=None        stable=10.00     anomalies=19
2026-06-02T13:17:49.027  READ   raw=None        stable=10.00     anomalies=19
2026-06-02T13:17:49.165  READ   raw=None        stable=10.00     anomalies=19
2026-06-02T13:17:49.305  READ   raw=None        stable=10.00     anomalies=19
2026-06-02T13:17:49.445  READ   raw=None        stable=10.00     anomalies=19
2026-06-02T13:17:49.584  READ   raw=None        stable=10.00     anomalies=19
2026-06-02T13:17:49.724  READ   raw=None        stable=10.00     anomalies=19
2026-06-02T13:17:49.863  READ   raw=None        stable=10.00     anomalies=19
2026-06-02T13:17:50.002  READ   raw=None        stable=10.00     anomalies=19
2026-06-02T13:17:50.143  READ   raw=None        stable=10.00     anomalies=19
2026-06-02T13:17:50.282  READ   raw=None        stable=10.00     anomalies=19
2026-06-02T13:17:50.422  READ   raw=28          stable=10.00     anomalies=20
2026-06-02T13:17:50.562  READ   raw=None        stable=10.00     anomalies=20
2026-06-02T13:17:50.702  READ   raw=None        stable=10.00     anomalies=20
2026-06-02T13:17:50.841  READ   raw=None        stable=10.00     anomalies=20
2026-06-02T13:17:50.981  READ   raw=None        stable=10.00     anomalies=20
2026-06-02T13:17:51.118  READ   raw=None        stable=10.00     anomalies=20
2026-06-02T13:17:51.256  READ   raw=None        stable=10.00     anomalies=20
2026-06-02T13:17:51.395  READ   raw=None        stable=10.00     anomalies=20
2026-06-02T13:17:51.534  READ   raw=None        stable=10.00     anomalies=20
2026-06-02T13:17:51.674  READ   raw=None        stable=10.00     anomalies=20
2026-06-02T13:17:51.835  READ   raw=None        stable=10.00     anomalies=20
2026-06-02T13:17:51.976  READ   raw=None        stable=10.00     anomalies=20
2026-06-02T13:17:52.115  READ   raw=None        stable=10.00     anomalies=20
2026-06-02T13:17:52.256  READ   raw=None        stable=10.00     anomalies=20
2026-06-02T13:17:52.394  READ   raw=None        stable=10.00     anomalies=20
2026-06-02T13:17:52.533  READ   raw=None        stable=10.00     anomalies=20
2026-06-02T13:17:52.672  READ   raw=None        stable=10.00     anomalies=20
2026-06-02T13:17:52.814  READ   raw=None        stable=10.00     anomalies=20
2026-06-02T13:17:52.954  READ   raw=None        stable=10.00     anomalies=20
2026-06-02T13:17:53.093  READ   raw=None        stable=10.00     anomalies=20
2026-06-02T13:17:53.232  READ   raw=None        stable=10.00     anomalies=20
2026-06-02T13:17:53.380  READ   raw=.           stable=10.00     anomalies=20
2026-06-02T13:17:53.520  READ   raw=4           stable=10.00     anomalies=21
2026-06-02T13:17:53.661  READ   raw=5           stable=10.00     anomalies=22
2026-06-02T13:17:53.800  READ   raw=None        stable=10.00     anomalies=22
2026-06-02T13:17:53.941  READ   raw=None        stable=10.00     anomalies=22
2026-06-02T13:17:54.082  READ   raw=None        stable=10.00     anomalies=22
2026-06-02T13:17:54.222  READ   raw=None        stable=10.00     anomalies=22
2026-06-02T13:17:54.361  READ   raw=None        stable=10.00     anomalies=22
2026-06-02T13:17:54.501  READ   raw=.           stable=10.00     anomalies=22
2026-06-02T13:17:54.644  READ   raw=None        stable=10.00     anomalies=22
2026-06-02T13:17:54.792  READ   raw=None        stable=10.00     anomalies=22
2026-06-02T13:17:54.944  READ   raw=None        stable=10.00     anomalies=22
2026-06-02T13:17:55.103  READ   raw=.           stable=10.00     anomalies=22
2026-06-02T13:17:55.249  READ   raw=.           stable=10.00     anomalies=22
2026-06-02T13:17:55.396  READ   raw=None        stable=10.00     anomalies=22
2026-06-02T13:17:55.562  READ   raw=None        stable=10.00     anomalies=22
2026-06-02T13:17:55.710  READ   raw=None        stable=10.00     anomalies=22
2026-06-02T13:17:55.859  READ   raw=None        stable=10.00     anomalies=22
2026-06-02T13:17:56.007  READ   raw=None        stable=10.00     anomalies=22
2026-06-02T13:17:56.150  READ   raw=None        stable=10.00     anomalies=22
2026-06-02T13:17:56.297  READ   raw=.           stable=10.00     anomalies=22
2026-06-02T13:17:56.438  READ   raw=None        stable=10.00     anomalies=22
2026-06-02T13:17:56.580  READ   raw=None        stable=10.00     anomalies=22
2026-06-02T13:17:56.727  READ   raw=None        stable=10.00     anomalies=22
2026-06-02T13:17:56.870  READ   raw=None        stable=10.00     anomalies=22
2026-06-02T13:17:57.018  READ   raw=None        stable=10.00     anomalies=22
2026-06-02T13:17:57.165  READ   raw=None        stable=10.00     anomalies=22
2026-06-02T13:17:57.310  READ   raw=None        stable=10.00     anomalies=22
2026-06-02T13:17:57.445  READ   raw=None        stable=10.00     anomalies=22
2026-06-02T13:17:57.590  READ   raw=None        stable=10.00     anomalies=22
2026-06-02T13:17:57.737  READ   raw=None        stable=10.00     anomalies=22
2026-06-02T13:17:57.884  READ   raw=None        stable=10.00     anomalies=22
2026-06-02T13:17:58.027  READ   raw=2           stable=10.00     anomalies=23
2026-06-02T13:17:58.173  READ   raw=.           stable=10.00     anomalies=23
2026-06-02T13:17:58.319  READ   raw=.           stable=10.00     anomalies=23
2026-06-02T13:17:58.468  READ   raw=None        stable=10.00     anomalies=23
2026-06-02T13:17:58.613  READ   raw=None        stable=10.00     anomalies=23
2026-06-02T13:17:58.758  READ   raw=2           stable=10.00     anomalies=24
2026-06-02T13:17:58.907  READ   raw=None        stable=10.00     anomalies=24
2026-06-02T13:17:59.056  READ   raw=None        stable=10.00     anomalies=24
2026-06-02T13:17:59.203  READ   raw=None        stable=10.00     anomalies=24
2026-06-02T13:17:59.364  READ   raw=None        stable=10.00     anomalies=24
2026-06-02T13:17:59.512  READ   raw=None        stable=10.00     anomalies=24
2026-06-02T13:17:59.658  READ   raw=None        stable=10.00     anomalies=24
2026-06-02T13:17:59.803  READ   raw=None        stable=10.00     anomalies=24
2026-06-02T13:17:59.947  READ   raw=None        stable=10.00     anomalies=24
2026-06-02T13:18:00.093  READ   raw=None        stable=10.00     anomalies=24
2026-06-02T13:18:00.237  READ   raw=None        stable=10.00     anomalies=24
2026-06-02T13:18:00.379  READ   raw=None        stable=10.00     anomalies=24
2026-06-02T13:18:00.521  READ   raw=None        stable=10.00     anomalies=24
2026-06-02T13:18:00.665  READ   raw=None        stable=10.00     anomalies=24
2026-06-02T13:18:00.810  READ   raw=None        stable=10.00     anomalies=24
2026-06-02T13:18:00.966  READ   raw=None        stable=10.00     anomalies=24
2026-06-02T13:18:01.111  READ   raw=None        stable=10.00     anomalies=24
2026-06-02T13:18:01.256  READ   raw=.           stable=10.00     anomalies=24
2026-06-02T13:18:01.401  READ   raw=.           stable=10.00     anomalies=24
2026-06-02T13:18:01.549  READ   raw=5           stable=10.00     anomalies=25
2026-06-02T13:18:01.695  READ   raw=4           stable=10.00     anomalies=26
2026-06-02T13:18:01.840  READ   raw=None        stable=10.00     anomalies=26
2026-06-02T13:18:01.985  READ   raw=None        stable=10.00     anomalies=26
2026-06-02T13:18:02.131  READ   raw=None        stable=10.00     anomalies=26
2026-06-02T13:18:02.272  READ   raw=None        stable=10.00     anomalies=26
2026-06-02T13:18:02.414  READ   raw=None        stable=10.00     anomalies=26
2026-06-02T13:18:02.560  READ   raw=None        stable=10.00     anomalies=26
2026-06-02T13:18:02.706  READ   raw=None        stable=10.00     anomalies=26
2026-06-02T13:18:02.848  READ   raw=None        stable=10.00     anomalies=26
2026-06-02T13:18:02.989  READ   raw=None        stable=10.00     anomalies=26
2026-06-02T13:18:03.133  READ   raw=None        stable=10.00     anomalies=26
2026-06-02T13:18:03.278  READ   raw=4.          stable=10.00     anomalies=27
2026-06-02T13:18:03.424  READ   raw=6           stable=10.00     anomalies=28
2026-06-02T13:18:03.567  READ   raw=None        stable=10.00     anomalies=28
2026-06-02T13:18:03.714  READ   raw=None        stable=10.00     anomalies=28
2026-06-02T13:18:03.854  READ   raw=.           stable=10.00     anomalies=28
2026-06-02T13:18:04.002  READ   raw=5           stable=10.00     anomalies=29
2026-06-02T13:18:04.142  READ   raw=.           stable=10.00     anomalies=29
2026-06-02T13:18:04.287  READ   raw=5           stable=10.00     anomalies=30
2026-06-02T13:18:04.433  READ   raw=5           stable=10.00     anomalies=31
2026-06-02T13:18:04.581  READ   raw=.           stable=10.00     anomalies=31
2026-06-02T13:18:04.727  READ   raw=.           stable=10.00     anomalies=31
2026-06-02T13:18:04.871  READ   raw=5           stable=10.00     anomalies=32
2026-06-02T13:18:05.014  READ   raw=5           stable=10.00     anomalies=33
2026-06-02T13:18:05.161  READ   raw=5           stable=10.00     anomalies=34
2026-06-02T13:18:05.305  READ   raw=5           stable=10.00     anomalies=35
2026-06-02T13:18:05.452  READ   raw=5           stable=10.00     anomalies=36
2026-06-02T13:18:05.597  READ   raw=5           stable=10.00     anomalies=37
2026-06-02T13:18:05.745  READ   raw=5           stable=10.00     anomalies=38
2026-06-02T13:18:05.890  READ   raw=0           stable=10.00     anomalies=39
2026-06-02T13:18:06.036  READ   raw=0           stable=10.00     anomalies=40
2026-06-02T13:18:06.185  READ   raw=5           stable=10.00     anomalies=41
2026-06-02T13:18:06.331  READ   raw=00          stable=10.00     anomalies=42
2026-06-02T13:18:06.474  READ   raw=00          stable=10.00     anomalies=43
2026-06-02T13:18:06.624  READ   raw=5           stable=10.00     anomalies=44
2026-06-02T13:18:06.770  READ   raw=5           stable=10.00     anomalies=45
2026-06-02T13:18:06.916  READ   raw=5           stable=10.00     anomalies=46
2026-06-02T13:18:07.060  READ   raw=5           stable=10.00     anomalies=47
2026-06-02T13:18:07.210  READ   raw=None        stable=10.00     anomalies=47
2026-06-02T13:18:07.358  READ   raw=None        stable=10.00     anomalies=47
2026-06-02T13:18:07.499  READ   raw=3           stable=10.00     anomalies=48
2026-06-02T13:18:07.641  READ   raw=None        stable=10.00     anomalies=48
2026-06-02T13:18:07.785  READ   raw=3           stable=10.00     anomalies=49
2026-06-02T13:18:07.927  READ   raw=5           stable=10.00     anomalies=50
2026-06-02T13:18:08.069  READ   raw=None        stable=10.00     anomalies=50
2026-06-02T13:18:08.211  READ   raw=None        stable=10.00     anomalies=50
2026-06-02T13:18:08.353  READ   raw=5           stable=10.00     anomalies=51
2026-06-02T13:18:08.499  READ   raw=5           stable=10.00     anomalies=52
2026-06-02T13:18:08.648  READ   raw=None        stable=10.00     anomalies=52
2026-06-02T13:18:08.791  READ   raw=5           stable=10.00     anomalies=53
2026-06-02T13:18:08.934  READ   raw=None        stable=10.00     anomalies=53
2026-06-02T13:18:09.082  READ   raw=5           stable=10.00     anomalies=54
2026-06-02T13:18:09.235  READ   raw=5           stable=10.00     anomalies=55
2026-06-02T13:18:09.480  # run ended: 2026-06-02T13:18:09.480713
