# seenums run started: 2026-06-04T11:34:51.935307
# initial_value=4.2  max_delta=2.0  forced_reset_count=never
# gpio: pin=6  ms=250  tickle_low_threshold=3.5
#
# timestamp                     event
#----------------------------------------------------------------------
2026-06-04T11:34:52.496  READ   raw=None        stable=4.20      anomalies=0
2026-06-04T11:34:52.726  READ   raw=None        stable=4.20      anomalies=0
2026-06-04T11:34:52.850  READ   raw=None        stable=4.20      anomalies=0
2026-06-04T11:34:52.969  READ   raw=None        stable=4.20      anomalies=0
2026-06-04T11:34:53.087  READ   raw=None        stable=4.20      anomalies=0
2026-06-04T11:34:53.205  READ   raw=None        stable=4.20      anomalies=0
2026-06-04T11:34:53.327  READ   raw=None        stable=4.20      anomalies=0
2026-06-04T11:34:53.452  READ   raw=None        stable=4.20      anomalies=0
2026-06-04T11:34:53.574  READ   raw=None        stable=4.20      anomalies=0
2026-06-04T11:34:53.697  READ   raw=None        stable=4.20      anomalies=0
2026-06-04T11:34:53.819  READ   raw=7           stable=4.20      anomalies=1
2026-06-04T11:34:53.942  READ   raw=7           stable=4.20      anomalies=2
2026-06-04T11:34:54.063  READ   raw=None        stable=4.20      anomalies=2
2026-06-04T11:34:54.185  READ   raw=None        stable=4.20      anomalies=2
2026-06-04T11:34:54.302  READ   raw=None        stable=4.20      anomalies=2
2026-06-04T11:34:54.419  READ   raw=None        stable=4.20      anomalies=2
2026-06-04T11:34:54.542  READ   raw=None        stable=4.20      anomalies=2
2026-06-04T11:34:54.668  READ   raw=None        stable=4.20      anomalies=2
2026-06-04T11:34:54.794  READ   raw=None        stable=4.20      anomalies=2
2026-06-04T11:34:54.930  READ   raw=None        stable=4.20      anomalies=2
2026-06-04T11:34:55.066  READ   raw=.           stable=4.20      anomalies=2
2026-06-04T11:34:55.193  READ   raw=.           stable=4.20      anomalies=2
2026-06-04T11:34:55.320  READ   raw=.           stable=4.20      anomalies=2
2026-06-04T11:34:55.448  READ   raw=None        stable=4.20      anomalies=2
2026-06-04T11:34:55.575  READ   raw=None        stable=4.20      anomalies=2
2026-06-04T11:34:55.702  READ   raw=None        stable=4.20      anomalies=2
2026-06-04T11:34:55.828  READ   raw=None        stable=4.20      anomalies=2
2026-06-04T11:34:55.954  READ   raw=None        stable=4.20      anomalies=2
2026-06-04T11:34:56.078  READ   raw=None        stable=4.20      anomalies=2
2026-06-04T11:34:56.197  READ   raw=None        stable=4.20      anomalies=2
2026-06-04T11:34:56.314  READ   raw=None        stable=4.20      anomalies=2
2026-06-04T11:34:56.433  READ   raw=None        stable=4.20      anomalies=2
2026-06-04T11:34:56.550  READ   raw=None        stable=4.20      anomalies=2
2026-06-04T11:34:56.668  READ   raw=None        stable=4.20      anomalies=2
2026-06-04T11:34:56.786  READ   raw=None        stable=4.20      anomalies=2
2026-06-04T11:34:56.903  READ   raw=None        stable=4.20      anomalies=2
2026-06-04T11:34:57.020  READ   raw=None        stable=4.20      anomalies=2
2026-06-04T11:34:57.137  READ   raw=None        stable=4.20      anomalies=2
2026-06-04T11:34:57.255  READ   raw=None        stable=4.20      anomalies=2
2026-06-04T11:34:57.378  READ   raw=None        stable=4.20      anomalies=2
2026-06-04T11:34:57.497  READ   raw=None        stable=4.20      anomalies=2
2026-06-04T11:34:57.615  READ   raw=None        stable=4.20      anomalies=2
2026-06-04T11:34:57.736  READ   raw=None        stable=4.20      anomalies=2
2026-06-04T11:34:57.862  READ   raw=002         stable=4.20      anomalies=3
2026-06-04T11:34:57.982  READ   raw=None        stable=4.20      anomalies=3
2026-06-04T11:34:58.108  READ   raw=02          stable=4.20      anomalies=4
2026-06-04T11:34:58.236  READ   raw=..          stable=4.20      anomalies=4
2026-06-04T11:34:58.354  READ   raw=None        stable=4.20      anomalies=4
2026-06-04T11:34:58.480  READ   raw=None        stable=4.20      anomalies=4
2026-06-04T11:34:58.607  READ   raw=None        stable=4.20      anomalies=4
2026-06-04T11:34:58.729  READ   raw=None        stable=4.20      anomalies=4
2026-06-04T11:34:58.856  READ   raw=None        stable=4.20      anomalies=4
2026-06-04T11:34:58.981  READ   raw=4           stable=4.00      anomalies=0
2026-06-04T11:34:59.102  READ   raw=7           stable=4.00      anomalies=1
2026-06-04T11:34:59.227  READ   raw=None        stable=4.00      anomalies=1
2026-06-04T11:34:59.345  READ   raw=None        stable=4.00      anomalies=1
2026-06-04T11:34:59.465  READ   raw=None        stable=4.00      anomalies=1
2026-06-04T11:34:59.585  READ   raw=.           stable=4.00      anomalies=1
2026-06-04T11:34:59.708  READ   raw=None        stable=4.00      anomalies=1
2026-06-04T11:34:59.832  READ   raw=None        stable=4.00      anomalies=1
2026-06-04T11:34:59.955  READ   raw=None        stable=4.00      anomalies=1
2026-06-04T11:35:00.079  READ   raw=None        stable=4.00      anomalies=1
2026-06-04T11:35:00.196  READ   raw=None        stable=4.00      anomalies=1
2026-06-04T11:35:00.315  READ   raw=None        stable=4.00      anomalies=1
2026-06-04T11:35:00.433  READ   raw=None        stable=4.00      anomalies=1
2026-06-04T11:35:00.551  READ   raw=None        stable=4.00      anomalies=1
2026-06-04T11:35:00.670  READ   raw=None        stable=4.00      anomalies=1
2026-06-04T11:35:00.787  READ   raw=None        stable=4.00      anomalies=1
2026-06-04T11:35:00.909  READ   raw=None        stable=4.00      anomalies=1
2026-06-04T11:35:01.033  READ   raw=None        stable=4.00      anomalies=1
2026-06-04T11:35:01.156  READ   raw=None        stable=4.00      anomalies=1
2026-06-04T11:35:01.280  READ   raw=None        stable=4.00      anomalies=1
2026-06-04T11:35:01.405  READ   raw=None        stable=4.00      anomalies=1
2026-06-04T11:35:01.556  READ   raw=None        stable=4.00      anomalies=1
2026-06-04T11:35:01.690  READ   raw=None        stable=4.00      anomalies=1
2026-06-04T11:35:01.845  READ   raw=None        stable=4.00      anomalies=1
2026-06-04T11:35:01.986  READ   raw=None        stable=4.00      anomalies=1
2026-06-04T11:35:02.109  READ   raw=None        stable=4.00      anomalies=1
2026-06-04T11:35:02.232  READ   raw=None        stable=4.00      anomalies=1
2026-06-04T11:35:02.355  READ   raw=None        stable=4.00      anomalies=1
2026-06-04T11:35:02.476  READ   raw=None        stable=4.00      anomalies=1
2026-06-04T11:35:02.607  READ   raw=None        stable=4.00      anomalies=1
2026-06-04T11:35:02.736  READ   raw=None        stable=4.00      anomalies=1
2026-06-04T11:35:02.867  READ   raw=None        stable=4.00      anomalies=1
2026-06-04T11:35:02.995  READ   raw=None        stable=4.00      anomalies=1
2026-06-04T11:35:03.118  READ   raw=None        stable=4.00      anomalies=1
2026-06-04T11:35:03.239  READ   raw=None        stable=4.00      anomalies=1
2026-06-04T11:35:03.363  READ   raw=None        stable=4.00      anomalies=1
2026-06-04T11:35:03.486  READ   raw=None        stable=4.00      anomalies=1
2026-06-04T11:35:03.608  READ   raw=None        stable=4.00      anomalies=1
2026-06-04T11:35:03.732  READ   raw=None        stable=4.00      anomalies=1
2026-06-04T11:35:03.858  READ   raw=None        stable=4.00      anomalies=1
2026-06-04T11:35:03.991  READ   raw=None        stable=4.00      anomalies=1
2026-06-04T11:35:04.123  READ   raw=None        stable=4.00      anomalies=1
2026-06-04T11:35:04.263  READ   raw=None        stable=4.00      anomalies=1
2026-06-04T11:35:04.391  READ   raw=None        stable=4.00      anomalies=1
2026-06-04T11:35:04.514  READ   raw=None        stable=4.00      anomalies=1
2026-06-04T11:35:04.636  READ   raw=None        stable=4.00      anomalies=1
2026-06-04T11:35:04.761  READ   raw=None        stable=4.00      anomalies=1
2026-06-04T11:35:04.889  READ   raw=None        stable=4.00      anomalies=1
2026-06-04T11:35:05.012  READ   raw=None        stable=4.00      anomalies=1
2026-06-04T11:35:05.225  READ   raw=None        stable=4.00      anomalies=1
2026-06-04T11:35:05.396  READ   raw=None        stable=4.00      anomalies=1
2026-06-04T11:35:05.521  READ   raw=None        stable=4.00      anomalies=1
2026-06-04T11:35:05.638  READ   raw=None        stable=4.00      anomalies=1
2026-06-04T11:35:05.764  READ   raw=None        stable=4.00      anomalies=1
2026-06-04T11:35:05.891  READ   raw=None        stable=4.00      anomalies=1
2026-06-04T11:35:06.012  READ   raw=None        stable=4.00      anomalies=1
2026-06-04T11:35:06.133  READ   raw=None        stable=4.00      anomalies=1
2026-06-04T11:35:06.256  READ   raw=None        stable=4.00      anomalies=1
2026-06-04T11:35:06.383  READ   raw=None        stable=4.00      anomalies=1
2026-06-04T11:35:06.508  READ   raw=None        stable=4.00      anomalies=1
2026-06-04T11:35:06.633  READ   raw=None        stable=4.00      anomalies=1
2026-06-04T11:35:06.759  READ   raw=None        stable=4.00      anomalies=1
2026-06-04T11:35:06.888  READ   raw=None        stable=4.00      anomalies=1
2026-06-04T11:35:07.020  READ   raw=None        stable=4.00      anomalies=1
2026-06-04T11:35:07.145  READ   raw=None        stable=4.00      anomalies=1
2026-06-04T11:35:07.272  READ   raw=None        stable=4.00      anomalies=1
2026-06-04T11:35:07.397  READ   raw=None        stable=4.00      anomalies=1
2026-06-04T11:35:07.521  READ   raw=None        stable=4.00      anomalies=1
2026-06-04T11:35:07.647  READ   raw=None        stable=4.00      anomalies=1
2026-06-04T11:35:07.770  READ   raw=None        stable=4.00      anomalies=1
2026-06-04T11:35:07.901  READ   raw=None        stable=4.00      anomalies=1
2026-06-04T11:35:08.046  READ   raw=None        stable=4.00      anomalies=1
2026-06-04T11:35:08.226  READ   raw=None        stable=4.00      anomalies=1
2026-06-04T11:35:08.358  READ   raw=None        stable=4.00      anomalies=1
2026-06-04T11:35:08.506  READ   raw=None        stable=4.00      anomalies=1
2026-06-04T11:35:08.640  READ   raw=None        stable=4.00      anomalies=1
2026-06-04T11:35:08.810  READ   raw=None        stable=4.00      anomalies=1
2026-06-04T11:35:08.990  READ   raw=7           stable=4.00      anomalies=2
2026-06-04T11:35:09.113  READ   raw=None        stable=4.00      anomalies=2
2026-06-04T11:35:09.238  READ   raw=None        stable=4.00      anomalies=2
2026-06-04T11:35:09.361  READ   raw=None        stable=4.00      anomalies=2
2026-06-04T11:35:09.484  READ   raw=None        stable=4.00      anomalies=2
2026-06-04T11:35:09.609  READ   raw=None        stable=4.00      anomalies=2
2026-06-04T11:35:09.733  READ   raw=None        stable=4.00      anomalies=2
2026-06-04T11:35:09.856  READ   raw=None        stable=4.00      anomalies=2
2026-06-04T11:35:09.984  READ   raw=None        stable=4.00      anomalies=2
2026-06-04T11:35:10.110  READ   raw=None        stable=4.00      anomalies=2
2026-06-04T11:35:10.236  READ   raw=None        stable=4.00      anomalies=2
2026-06-04T11:35:10.361  READ   raw=None        stable=4.00      anomalies=2
2026-06-04T11:35:10.486  READ   raw=None        stable=4.00      anomalies=2
2026-06-04T11:35:10.617  READ   raw=None        stable=4.00      anomalies=2
2026-06-04T11:35:10.752  READ   raw=None        stable=4.00      anomalies=2
2026-06-04T11:35:10.887  READ   raw=None        stable=4.00      anomalies=2
2026-06-04T11:35:11.012  READ   raw=None        stable=4.00      anomalies=2
2026-06-04T11:35:11.139  READ   raw=None        stable=4.00      anomalies=2
2026-06-04T11:35:11.265  READ   raw=None        stable=4.00      anomalies=2
2026-06-04T11:35:11.394  READ   raw=None        stable=4.00      anomalies=2
2026-06-04T11:35:11.524  READ   raw=None        stable=4.00      anomalies=2
2026-06-04T11:35:11.651  READ   raw=None        stable=4.00      anomalies=2
2026-06-04T11:35:11.778  READ   raw=None        stable=4.00      anomalies=2
2026-06-04T11:35:11.904  READ   raw=None        stable=4.00      anomalies=2
2026-06-04T11:35:12.034  READ   raw=None        stable=4.00      anomalies=2
2026-06-04T11:35:12.162  READ   raw=None        stable=4.00      anomalies=2
2026-06-04T11:35:12.288  READ   raw=None        stable=4.00      anomalies=2
2026-06-04T11:35:12.405  READ   raw=None        stable=4.00      anomalies=2
2026-06-04T11:35:12.529  READ   raw=None        stable=4.00      anomalies=2
2026-06-04T11:35:12.658  READ   raw=None        stable=4.00      anomalies=2
2026-06-04T11:35:12.781  READ   raw=None        stable=4.00      anomalies=2
2026-06-04T11:35:12.902  READ   raw=None        stable=4.00      anomalies=2
2026-06-04T11:35:13.019  READ   raw=None        stable=4.00      anomalies=2
2026-06-04T11:35:13.142  READ   raw=None        stable=4.00      anomalies=2
2026-06-04T11:35:13.264  READ   raw=None        stable=4.00      anomalies=2
2026-06-04T11:35:13.390  READ   raw=None        stable=4.00      anomalies=2
2026-06-04T11:35:13.516  READ   raw=None        stable=4.00      anomalies=2
2026-06-04T11:35:13.641  READ   raw=None        stable=4.00      anomalies=2
2026-06-04T11:35:13.766  READ   raw=None        stable=4.00      anomalies=2
2026-06-04T11:35:13.893  READ   raw=None        stable=4.00      anomalies=2
2026-06-04T11:35:14.036  READ   raw=None        stable=4.00      anomalies=2
2026-06-04T11:35:14.165  READ   raw=None        stable=4.00      anomalies=2
2026-06-04T11:35:14.289  READ   raw=None        stable=4.00      anomalies=2
2026-06-04T11:35:14.416  READ   raw=None        stable=4.00      anomalies=2
2026-06-04T11:35:14.540  READ   raw=None        stable=4.00      anomalies=2
2026-06-04T11:35:14.667  READ   raw=None        stable=4.00      anomalies=2
2026-06-04T11:35:14.793  READ   raw=None        stable=4.00      anomalies=2
2026-06-04T11:35:14.916  READ   raw=None        stable=4.00      anomalies=2
2026-06-04T11:35:15.037  READ   raw=None        stable=4.00      anomalies=2
2026-06-04T11:35:15.162  READ   raw=None        stable=4.00      anomalies=2
2026-06-04T11:35:15.316  READ   raw=None        stable=4.00      anomalies=2
2026-06-04T11:35:15.439  READ   raw=None        stable=4.00      anomalies=2
2026-06-04T11:35:15.562  READ   raw=None        stable=4.00      anomalies=2
2026-06-04T11:35:15.686  READ   raw=None        stable=4.00      anomalies=2
2026-06-04T11:35:15.805  READ   raw=None        stable=4.00      anomalies=2
2026-06-04T11:35:15.928  READ   raw=None        stable=4.00      anomalies=2
2026-06-04T11:35:16.052  READ   raw=None        stable=4.00      anomalies=2
2026-06-04T11:35:16.178  READ   raw=None        stable=4.00      anomalies=2
2026-06-04T11:35:16.305  READ   raw=None        stable=4.00      anomalies=2
2026-06-04T11:35:16.433  READ   raw=None        stable=4.00      anomalies=2
2026-06-04T11:35:16.558  READ   raw=None        stable=4.00      anomalies=2
2026-06-04T11:35:16.682  READ   raw=None        stable=4.00      anomalies=2
2026-06-04T11:35:16.807  READ   raw=None        stable=4.00      anomalies=2
2026-06-04T11:35:16.931  READ   raw=None        stable=4.00      anomalies=2
2026-06-04T11:35:17.058  READ   raw=None        stable=4.00      anomalies=2
2026-06-04T11:35:17.185  READ   raw=None        stable=4.00      anomalies=2
2026-06-04T11:35:17.311  READ   raw=None        stable=4.00      anomalies=2
2026-06-04T11:35:17.439  READ   raw=None        stable=4.00      anomalies=2
2026-06-04T11:35:17.567  READ   raw=None        stable=4.00      anomalies=2
2026-06-04T11:35:17.695  READ   raw=None        stable=4.00      anomalies=2
2026-06-04T11:35:17.823  READ   raw=None        stable=4.00      anomalies=2
2026-06-04T11:35:17.946  READ   raw=None        stable=4.00      anomalies=2
2026-06-04T11:35:18.075  READ   raw=None        stable=4.00      anomalies=2
2026-06-04T11:35:18.202  READ   raw=None        stable=4.00      anomalies=2
2026-06-04T11:35:18.328  READ   raw=None        stable=4.00      anomalies=2
2026-06-04T11:35:18.454  READ   raw=None        stable=4.00      anomalies=2
2026-06-04T11:35:18.582  READ   raw=None        stable=4.00      anomalies=2
2026-06-04T11:35:18.708  READ   raw=None        stable=4.00      anomalies=2
2026-06-04T11:35:18.834  READ   raw=None        stable=4.00      anomalies=2
2026-06-04T11:35:18.957  READ   raw=None        stable=4.00      anomalies=2
2026-06-04T11:35:19.083  READ   raw=None        stable=4.00      anomalies=2
2026-06-04T11:35:19.209  READ   raw=None        stable=4.00      anomalies=2
2026-06-04T11:35:19.333  READ   raw=None        stable=4.00      anomalies=2
2026-06-04T11:35:19.458  READ   raw=None        stable=4.00      anomalies=2
2026-06-04T11:35:19.585  READ   raw=None        stable=4.00      anomalies=2
2026-06-04T11:35:19.713  READ   raw=None        stable=4.00      anomalies=2
2026-06-04T11:35:19.837  READ   raw=None        stable=4.00      anomalies=2
2026-06-04T11:35:19.971  READ   raw=None        stable=4.00      anomalies=2
2026-06-04T11:35:20.096  READ   raw=None        stable=4.00      anomalies=2
2026-06-04T11:35:20.222  READ   raw=None        stable=4.00      anomalies=2
2026-06-04T11:35:20.349  READ   raw=None        stable=4.00      anomalies=2
2026-06-04T11:35:20.473  READ   raw=None        stable=4.00      anomalies=2
2026-06-04T11:35:20.597  READ   raw=None        stable=4.00      anomalies=2
2026-06-04T11:35:20.728  READ   raw=None        stable=4.00      anomalies=2
2026-06-04T11:35:20.852  READ   raw=None        stable=4.00      anomalies=2
2026-06-04T11:35:20.978  READ   raw=None        stable=4.00      anomalies=2
2026-06-04T11:35:21.103  READ   raw=None        stable=4.00      anomalies=2
2026-06-04T11:35:21.229  READ   raw=3           stable=4.00      anomalies=3
2026-06-04T11:35:21.355  READ   raw=None        stable=4.00      anomalies=3
2026-06-04T11:35:21.476  READ   raw=None        stable=4.00      anomalies=3
2026-06-04T11:35:21.617  READ   raw=4           stable=4.00      anomalies=0
2026-06-04T11:35:21.749  READ   raw=None        stable=4.00      anomalies=0
2026-06-04T11:35:21.893  READ   raw=None        stable=4.00      anomalies=0
2026-06-04T11:35:22.029  READ   raw=None        stable=4.00      anomalies=0
2026-06-04T11:35:22.156  READ   raw=None        stable=4.00      anomalies=0
2026-06-04T11:35:22.303  READ   raw=None        stable=4.00      anomalies=0
2026-06-04T11:35:22.430  READ   raw=None        stable=4.00      anomalies=0
2026-06-04T11:35:22.565  READ   raw=None        stable=4.00      anomalies=0
2026-06-04T11:35:22.694  READ   raw=None        stable=4.00      anomalies=0
2026-06-04T11:35:22.825  READ   raw=None        stable=4.00      anomalies=0
2026-06-04T11:35:23.001  READ   raw=None        stable=4.00      anomalies=0
2026-06-04T11:35:23.133  READ   raw=None        stable=4.00      anomalies=0
2026-06-04T11:35:23.265  READ   raw=None        stable=4.00      anomalies=0
2026-06-04T11:35:23.388  READ   raw=None        stable=4.00      anomalies=0
2026-06-04T11:35:23.528  READ   raw=4           stable=4.00      anomalies=0
2026-06-04T11:35:23.657  READ   raw=None        stable=4.00      anomalies=0
2026-06-04T11:35:23.790  READ   raw=None        stable=4.00      anomalies=0
2026-06-04T11:35:23.915  READ   raw=None        stable=4.00      anomalies=0
2026-06-04T11:35:24.036  READ   raw=None        stable=4.00      anomalies=0
2026-06-04T11:35:24.166  READ   raw=None        stable=4.00      anomalies=0
2026-06-04T11:35:24.295  READ   raw=2001        stable=4.00      anomalies=1
2026-06-04T11:35:24.416  READ   raw=None        stable=4.00      anomalies=1
2026-06-04T11:35:24.546  READ   raw=001         stable=4.00      anomalies=2
2026-06-04T11:35:24.669  READ   raw=None        stable=4.00      anomalies=2
2026-06-04T11:35:24.790  READ   raw=None        stable=4.00      anomalies=2
2026-06-04T11:35:24.915  READ   raw=None        stable=4.00      anomalies=2
2026-06-04T11:35:25.035  READ   raw=None        stable=4.00      anomalies=2
2026-06-04T11:35:25.155  READ   raw=None        stable=4.00      anomalies=2
2026-06-04T11:35:25.276  READ   raw=None        stable=4.00      anomalies=2
2026-06-04T11:35:25.398  READ   raw=None        stable=4.00      anomalies=2
2026-06-04T11:35:25.518  READ   raw=None        stable=4.00      anomalies=2
2026-06-04T11:35:25.639  READ   raw=None        stable=4.00      anomalies=2
2026-06-04T11:35:25.760  READ   raw=None        stable=4.00      anomalies=2
2026-06-04T11:35:25.885  READ   raw=None        stable=4.00      anomalies=2
2026-06-04T11:35:26.014  READ   raw=None        stable=4.00      anomalies=2
2026-06-04T11:35:26.146  READ   raw=None        stable=4.00      anomalies=2
2026-06-04T11:35:26.276  READ   raw=.           stable=4.00      anomalies=2
2026-06-04T11:35:26.404  READ   raw=7           stable=4.00      anomalies=3
2026-06-04T11:35:26.533  READ   raw=None        stable=4.00      anomalies=3
2026-06-04T11:35:26.664  READ   raw=None        stable=4.00      anomalies=3
2026-06-04T11:35:26.797  READ   raw=None        stable=4.00      anomalies=3
2026-06-04T11:35:26.934  READ   raw=None        stable=4.00      anomalies=3
2026-06-04T11:35:27.068  READ   raw=7           stable=4.00      anomalies=4
2026-06-04T11:35:27.207  READ   raw=None        stable=4.00      anomalies=4
2026-06-04T11:35:27.337  READ   raw=None        stable=4.00      anomalies=4
2026-06-04T11:35:27.458  READ   raw=None        stable=4.00      anomalies=4
2026-06-04T11:35:27.591  READ   raw=None        stable=4.00      anomalies=4
2026-06-04T11:35:27.713  READ   raw=None        stable=4.00      anomalies=4
2026-06-04T11:35:27.831  READ   raw=None        stable=4.00      anomalies=4
2026-06-04T11:35:27.952  READ   raw=None        stable=4.00      anomalies=4
2026-06-04T11:35:28.072  READ   raw=None        stable=4.00      anomalies=4
2026-06-04T11:35:28.213  READ   raw=None        stable=4.00      anomalies=4
2026-06-04T11:35:28.337  READ   raw=None        stable=4.00      anomalies=4
2026-06-04T11:35:28.456  READ   raw=None        stable=4.00      anomalies=4
2026-06-04T11:35:28.590  READ   raw=None        stable=4.00      anomalies=4
2026-06-04T11:35:28.721  READ   raw=None        stable=4.00      anomalies=4
2026-06-04T11:35:28.845  READ   raw=None        stable=4.00      anomalies=4
2026-06-04T11:35:28.970  READ   raw=None        stable=4.00      anomalies=4
2026-06-04T11:35:29.098  READ   raw=None        stable=4.00      anomalies=4
2026-06-04T11:35:29.236  READ   raw=.           stable=4.00      anomalies=4
2026-06-04T11:35:29.369  READ   raw=.           stable=4.00      anomalies=4
2026-06-04T11:35:29.497  READ   raw=None        stable=4.00      anomalies=4
2026-06-04T11:35:29.624  READ   raw=None        stable=4.00      anomalies=4
2026-06-04T11:35:29.757  READ   raw=6           stable=4.00      anomalies=5
2026-06-04T11:35:29.883  READ   raw=4           stable=4.00      anomalies=0
2026-06-04T11:35:30.013  READ   raw=None        stable=4.00      anomalies=0
2026-06-04T11:35:30.142  READ   raw=None        stable=4.00      anomalies=0
2026-06-04T11:35:30.269  READ   raw=None        stable=4.00      anomalies=0
2026-06-04T11:35:30.396  READ   raw=None        stable=4.00      anomalies=0
2026-06-04T11:35:30.523  READ   raw=None        stable=4.00      anomalies=0
2026-06-04T11:35:30.652  READ   raw=None        stable=4.00      anomalies=0
2026-06-04T11:35:30.782  READ   raw=None        stable=4.00      anomalies=0
2026-06-04T11:35:30.909  READ   raw=None        stable=4.00      anomalies=0
2026-06-04T11:35:31.035  READ   raw=None        stable=4.00      anomalies=0
2026-06-04T11:35:31.162  READ   raw=01          stable=4.00      anomalies=1
2026-06-04T11:35:31.289  READ   raw=001         stable=4.00      anomalies=2
2026-06-04T11:35:31.414  READ   raw=001         stable=4.00      anomalies=3
2026-06-04T11:35:31.540  READ   raw=002         stable=4.00      anomalies=4
2026-06-04T11:35:31.669  READ   raw=002         stable=4.00      anomalies=5
2026-06-04T11:35:31.795  READ   raw=002         stable=4.00      anomalies=6
2026-06-04T11:35:31.921  READ   raw=002         stable=4.00      anomalies=7
2026-06-04T11:35:32.048  READ   raw=002         stable=4.00      anomalies=8
2026-06-04T11:35:32.177  READ   raw=002         stable=4.00      anomalies=9
2026-06-04T11:35:32.308  READ   raw=002         stable=4.00      anomalies=10
2026-06-04T11:35:32.450  READ   raw=002         stable=4.00      anomalies=11
2026-06-04T11:35:32.581  READ   raw=002         stable=4.00      anomalies=12
2026-06-04T11:35:32.712  READ   raw=002         stable=4.00      anomalies=13
2026-06-04T11:35:32.840  READ   raw=002         stable=4.00      anomalies=14
2026-06-04T11:35:32.973  READ   raw=002         stable=4.00      anomalies=15
2026-06-04T11:35:33.102  READ   raw=002         stable=4.00      anomalies=16
2026-06-04T11:35:33.233  READ   raw=002         stable=4.00      anomalies=17
2026-06-04T11:35:33.362  READ   raw=002         stable=4.00      anomalies=18
2026-06-04T11:35:33.489  READ   raw=002         stable=4.00      anomalies=19
2026-06-04T11:35:33.614  READ   raw=None        stable=4.00      anomalies=19
2026-06-04T11:35:33.738  READ   raw=None        stable=4.00      anomalies=19
2026-06-04T11:35:33.861  READ   raw=None        stable=4.00      anomalies=19
2026-06-04T11:35:33.984  READ   raw=None        stable=4.00      anomalies=19
2026-06-04T11:35:34.114  READ   raw=None        stable=4.00      anomalies=19
2026-06-04T11:35:34.241  READ   raw=None        stable=4.00      anomalies=19
2026-06-04T11:35:34.363  READ   raw=None        stable=4.00      anomalies=19
2026-06-04T11:35:34.485  READ   raw=None        stable=4.00      anomalies=19
2026-06-04T11:35:34.608  READ   raw=None        stable=4.00      anomalies=19
2026-06-04T11:35:34.729  READ   raw=None        stable=4.00      anomalies=19
2026-06-04T11:35:34.848  READ   raw=None        stable=4.00      anomalies=19
2026-06-04T11:35:34.971  READ   raw=None        stable=4.00      anomalies=19
2026-06-04T11:35:35.095  READ   raw=None        stable=4.00      anomalies=19
2026-06-04T11:35:35.221  READ   raw=003         stable=4.00      anomalies=20
2026-06-04T11:35:35.347  READ   raw=003         stable=4.00      anomalies=21
2026-06-04T11:35:35.474  READ   raw=00          stable=4.00      anomalies=22
2026-06-04T11:35:35.601  READ   raw=00          stable=4.00      anomalies=23
2026-06-04T11:35:35.731  READ   raw=00          stable=4.00      anomalies=24
2026-06-04T11:35:35.858  READ   raw=00          stable=4.00      anomalies=25
2026-06-04T11:35:35.986  READ   raw=00          stable=4.00      anomalies=26
2026-06-04T11:35:36.114  READ   raw=00          stable=4.00      anomalies=27
2026-06-04T11:35:36.241  READ   raw=00          stable=4.00      anomalies=28
2026-06-04T11:35:36.368  READ   raw=00          stable=4.00      anomalies=29
2026-06-04T11:35:36.496  READ   raw=00          stable=4.00      anomalies=30
2026-06-04T11:35:36.626  READ   raw=00          stable=4.00      anomalies=31
2026-06-04T11:35:36.774  READ   raw=00          stable=4.00      anomalies=32
2026-06-04T11:35:36.901  READ   raw=00          stable=4.00      anomalies=33
2026-06-04T11:35:37.043  READ   raw=00          stable=4.00      anomalies=34
2026-06-04T11:35:37.171  READ   raw=00          stable=4.00      anomalies=35
2026-06-04T11:35:37.300  READ   raw=00          stable=4.00      anomalies=36
2026-06-04T11:35:37.427  READ   raw=00          stable=4.00      anomalies=37
2026-06-04T11:35:37.553  READ   raw=00          stable=4.00      anomalies=38
2026-06-04T11:35:37.679  READ   raw=00          stable=4.00      anomalies=39
2026-06-04T11:35:37.805  READ   raw=00          stable=4.00      anomalies=40
2026-06-04T11:35:37.932  READ   raw=00          stable=4.00      anomalies=41
2026-06-04T11:35:38.060  READ   raw=00          stable=4.00      anomalies=42
2026-06-04T11:35:38.188  READ   raw=00          stable=4.00      anomalies=43
2026-06-04T11:35:38.316  READ   raw=003         stable=4.00      anomalies=44
2026-06-04T11:35:38.442  READ   raw=003         stable=4.00      anomalies=45
2026-06-04T11:35:38.572  READ   raw=003         stable=4.00      anomalies=46
2026-06-04T11:35:38.704  READ   raw=003         stable=4.00      anomalies=47
2026-06-04T11:35:38.829  READ   raw=003         stable=4.00      anomalies=48
2026-06-04T11:35:38.956  READ   raw=003         stable=4.00      anomalies=49
2026-06-04T11:35:39.085  READ   raw=003         stable=4.00      anomalies=50
2026-06-04T11:35:39.212  READ   raw=003         stable=4.00      anomalies=51
2026-06-04T11:35:39.343  READ   raw=003         stable=4.00      anomalies=52
2026-06-04T11:35:39.473  READ   raw=001.        stable=4.00      anomalies=53
2026-06-04T11:35:39.603  READ   raw=001         stable=4.00      anomalies=54
2026-06-04T11:35:39.732  READ   raw=001         stable=4.00      anomalies=55
2026-06-04T11:35:39.859  READ   raw=001.        stable=4.00      anomalies=56
2026-06-04T11:35:39.985  READ   raw=001         stable=4.00      anomalies=57
2026-06-04T11:35:40.112  READ   raw=001.        stable=4.00      anomalies=58
2026-06-04T11:35:40.240  READ   raw=001.        stable=4.00      anomalies=59
2026-06-04T11:35:40.367  READ   raw=001.        stable=4.00      anomalies=60
2026-06-04T11:35:40.494  READ   raw=001         stable=4.00      anomalies=61
2026-06-04T11:35:40.622  READ   raw=001.        stable=4.00      anomalies=62
2026-06-04T11:35:40.753  READ   raw=None        stable=4.00      anomalies=62
2026-06-04T11:35:40.881  READ   raw=.           stable=4.00      anomalies=62
2026-06-04T11:35:41.003  READ   raw=None        stable=4.00      anomalies=62
2026-06-04T11:35:41.134  READ   raw=3           stable=4.00      anomalies=63
2026-06-04T11:35:41.267  READ   raw=None        stable=4.00      anomalies=63
2026-06-04T11:35:41.393  READ   raw=7           stable=4.00      anomalies=64
2026-06-04T11:35:41.520  READ   raw=None        stable=4.00      anomalies=64
2026-06-04T11:35:41.648  READ   raw=None        stable=4.00      anomalies=64
2026-06-04T11:35:41.772  READ   raw=None        stable=4.00      anomalies=64
2026-06-04T11:35:41.905  READ   raw=None        stable=4.00      anomalies=64
2026-06-04T11:35:42.036  READ   raw=None        stable=4.00      anomalies=64
2026-06-04T11:35:42.164  READ   raw=None        stable=4.00      anomalies=64
2026-06-04T11:35:42.289  READ   raw=None        stable=4.00      anomalies=64
2026-06-04T11:35:42.419  READ   raw=None        stable=4.00      anomalies=64
2026-06-04T11:35:42.556  READ   raw=None        stable=4.00      anomalies=64
2026-06-04T11:35:42.691  READ   raw=None        stable=4.00      anomalies=64
2026-06-04T11:35:42.829  READ   raw=None        stable=4.00      anomalies=64
2026-06-04T11:35:42.952  READ   raw=None        stable=4.00      anomalies=64
2026-06-04T11:35:43.073  READ   raw=7           stable=4.00      anomalies=65
2026-06-04T11:35:43.202  READ   raw=4           stable=4.00      anomalies=0
2026-06-04T11:35:43.328  READ   raw=None        stable=4.00      anomalies=0
2026-06-04T11:35:43.446  READ   raw=None        stable=4.00      anomalies=0
2026-06-04T11:35:43.571  READ   raw=None        stable=4.00      anomalies=0
2026-06-04T11:35:43.697  READ   raw=None        stable=4.00      anomalies=0
2026-06-04T11:35:43.824  READ   raw=None        stable=4.00      anomalies=0
2026-06-04T11:35:43.948  READ   raw=7           stable=4.00      anomalies=1
2026-06-04T11:35:44.066  READ   raw=None        stable=4.00      anomalies=1
2026-06-04T11:35:44.183  READ   raw=None        stable=4.00      anomalies=1
2026-06-04T11:35:44.301  READ   raw=None        stable=4.00      anomalies=1
2026-06-04T11:35:44.425  READ   raw=None        stable=4.00      anomalies=1
2026-06-04T11:35:44.551  READ   raw=None        stable=4.00      anomalies=1
2026-06-04T11:35:44.683  READ   raw=None        stable=4.00      anomalies=1
2026-06-04T11:35:44.807  READ   raw=7           stable=4.00      anomalies=2
2026-06-04T11:35:44.931  READ   raw=None        stable=4.00      anomalies=2
2026-06-04T11:35:45.053  READ   raw=None        stable=4.00      anomalies=2
2026-06-04T11:35:45.174  READ   raw=None        stable=4.00      anomalies=2
2026-06-04T11:35:45.292  READ   raw=None        stable=4.00      anomalies=2
2026-06-04T11:35:45.413  READ   raw=None        stable=4.00      anomalies=2
2026-06-04T11:35:45.533  READ   raw=None        stable=4.00      anomalies=2
2026-06-04T11:35:45.652  READ   raw=None        stable=4.00      anomalies=2
2026-06-04T11:35:45.770  READ   raw=None        stable=4.00      anomalies=2
2026-06-04T11:35:45.888  READ   raw=None        stable=4.00      anomalies=2
2026-06-04T11:35:46.005  READ   raw=None        stable=4.00      anomalies=2
2026-06-04T11:35:46.124  READ   raw=None        stable=4.00      anomalies=2
2026-06-04T11:35:46.242  READ   raw=None        stable=4.00      anomalies=2
2026-06-04T11:35:46.359  READ   raw=None        stable=4.00      anomalies=2
2026-06-04T11:35:46.477  READ   raw=None        stable=4.00      anomalies=2
2026-06-04T11:35:46.597  READ   raw=None        stable=4.00      anomalies=2
2026-06-04T11:35:46.713  READ   raw=None        stable=4.00      anomalies=2
2026-06-04T11:35:46.830  READ   raw=None        stable=4.00      anomalies=2
2026-06-04T11:35:46.949  READ   raw=None        stable=4.00      anomalies=2
2026-06-04T11:35:47.074  READ   raw=None        stable=4.00      anomalies=2
2026-06-04T11:35:47.199  READ   raw=None        stable=4.00      anomalies=2
2026-06-04T11:35:47.324  READ   raw=None        stable=4.00      anomalies=2
2026-06-04T11:35:47.447  READ   raw=None        stable=4.00      anomalies=2
2026-06-04T11:35:47.572  READ   raw=None        stable=4.00      anomalies=2
2026-06-04T11:35:47.696  READ   raw=None        stable=4.00      anomalies=2
2026-06-04T11:35:47.819  READ   raw=None        stable=4.00      anomalies=2
2026-06-04T11:35:47.943  READ   raw=None        stable=4.00      anomalies=2
2026-06-04T11:35:48.068  READ   raw=None        stable=4.00      anomalies=2
2026-06-04T11:35:48.193  READ   raw=None        stable=4.00      anomalies=2
2026-06-04T11:35:48.316  READ   raw=None        stable=4.00      anomalies=2
2026-06-04T11:35:48.440  READ   raw=None        stable=4.00      anomalies=2
2026-06-04T11:35:48.562  READ   raw=None        stable=4.00      anomalies=2
2026-06-04T11:35:48.686  READ   raw=None        stable=4.00      anomalies=2
2026-06-04T11:35:48.810  READ   raw=None        stable=4.00      anomalies=2
2026-06-04T11:35:48.933  READ   raw=None        stable=4.00      anomalies=2
2026-06-04T11:35:49.055  READ   raw=None        stable=4.00      anomalies=2
2026-06-04T11:35:49.176  READ   raw=None        stable=4.00      anomalies=2
2026-06-04T11:35:49.299  READ   raw=None        stable=4.00      anomalies=2
2026-06-04T11:35:49.420  READ   raw=None        stable=4.00      anomalies=2
2026-06-04T11:35:49.543  READ   raw=None        stable=4.00      anomalies=2
2026-06-04T11:35:49.665  READ   raw=7           stable=4.00      anomalies=3
2026-06-04T11:35:49.787  READ   raw=None        stable=4.00      anomalies=3
2026-06-04T11:35:49.906  READ   raw=None        stable=4.00      anomalies=3
2026-06-04T11:35:50.024  READ   raw=None        stable=4.00      anomalies=3
2026-06-04T11:35:50.150  READ   raw=None        stable=4.00      anomalies=3
2026-06-04T11:35:50.276  READ   raw=None        stable=4.00      anomalies=3
2026-06-04T11:35:50.401  READ   raw=7           stable=4.00      anomalies=4
2026-06-04T11:35:50.528  READ   raw=.           stable=4.00      anomalies=4
2026-06-04T11:35:50.652  READ   raw=None        stable=4.00      anomalies=4
2026-06-04T11:35:50.771  READ   raw=None        stable=4.00      anomalies=4
2026-06-04T11:35:50.890  READ   raw=None        stable=4.00      anomalies=4
2026-06-04T11:35:51.017  READ   raw=.           stable=4.00      anomalies=4
2026-06-04T11:35:51.143  READ   raw=.           stable=4.00      anomalies=4
2026-06-04T11:35:51.276  READ   raw=None        stable=4.00      anomalies=4
2026-06-04T11:35:51.404  READ   raw=None        stable=4.00      anomalies=4
2026-06-04T11:35:51.540  READ   raw=None        stable=4.00      anomalies=4
2026-06-04T11:35:51.671  READ   raw=None        stable=4.00      anomalies=4
2026-06-04T11:35:51.803  READ   raw=None        stable=4.00      anomalies=4
2026-06-04T11:35:51.935  READ   raw=None        stable=4.00      anomalies=4
2026-06-04T11:35:52.074  READ   raw=None        stable=4.00      anomalies=4
2026-06-04T11:35:52.197  READ   raw=None        stable=4.00      anomalies=4
2026-06-04T11:35:52.324  READ   raw=2002        stable=4.00      anomalies=5
2026-06-04T11:35:52.448  READ   raw=None        stable=4.00      anomalies=5
2026-06-04T11:35:52.573  READ   raw=None        stable=4.00      anomalies=5
2026-06-04T11:35:52.696  READ   raw=None        stable=4.00      anomalies=5
2026-06-04T11:35:52.815  READ   raw=None        stable=4.00      anomalies=5
2026-06-04T11:35:52.933  READ   raw=None        stable=4.00      anomalies=5
2026-06-04T11:35:53.050  READ   raw=None        stable=4.00      anomalies=5
2026-06-04T11:35:53.177  READ   raw=002         stable=4.00      anomalies=6
2026-06-04T11:35:53.304  READ   raw=None        stable=4.00      anomalies=6
2026-06-04T11:35:53.425  READ   raw=None        stable=4.00      anomalies=6
2026-06-04T11:35:53.543  READ   raw=None        stable=4.00      anomalies=6
2026-06-04T11:35:53.672  READ   raw=None        stable=4.00      anomalies=6
2026-06-04T11:35:53.797  READ   raw=None        stable=4.00      anomalies=6
2026-06-04T11:35:53.924  READ   raw=None        stable=4.00      anomalies=6
2026-06-04T11:35:54.051  READ   raw=None        stable=4.00      anomalies=6
2026-06-04T11:35:54.177  READ   raw=None        stable=4.00      anomalies=6
2026-06-04T11:35:54.294  READ   raw=None        stable=4.00      anomalies=6
2026-06-04T11:35:54.413  READ   raw=None        stable=4.00      anomalies=6
2026-06-04T11:35:54.531  READ   raw=None        stable=4.00      anomalies=6
2026-06-04T11:35:54.650  READ   raw=None        stable=4.00      anomalies=6
2026-06-04T11:35:54.770  READ   raw=None        stable=4.00      anomalies=6
2026-06-04T11:35:54.887  READ   raw=None        stable=4.00      anomalies=6
2026-06-04T11:35:55.005  READ   raw=None        stable=4.00      anomalies=6
2026-06-04T11:35:55.122  READ   raw=None        stable=4.00      anomalies=6
2026-06-04T11:35:55.240  READ   raw=None        stable=4.00      anomalies=6
2026-06-04T11:35:55.360  READ   raw=None        stable=4.00      anomalies=6
2026-06-04T11:35:55.479  READ   raw=None        stable=4.00      anomalies=6
2026-06-04T11:35:55.599  READ   raw=None        stable=4.00      anomalies=6
2026-06-04T11:35:55.718  READ   raw=None        stable=4.00      anomalies=6
2026-06-04T11:35:55.842  READ   raw=None        stable=4.00      anomalies=6
2026-06-04T11:35:55.963  READ   raw=None        stable=4.00      anomalies=6
2026-06-04T11:35:56.081  READ   raw=None        stable=4.00      anomalies=6
2026-06-04T11:35:56.200  READ   raw=None        stable=4.00      anomalies=6
2026-06-04T11:35:56.324  READ   raw=None        stable=4.00      anomalies=6
2026-06-04T11:35:56.442  READ   raw=None        stable=4.00      anomalies=6
2026-06-04T11:35:56.559  READ   raw=None        stable=4.00      anomalies=6
2026-06-04T11:35:56.676  READ   raw=None        stable=4.00      anomalies=6
2026-06-04T11:35:56.796  READ   raw=None        stable=4.00      anomalies=6
2026-06-04T11:35:56.912  READ   raw=None        stable=4.00      anomalies=6
2026-06-04T11:35:57.029  READ   raw=None        stable=4.00      anomalies=6
2026-06-04T11:35:57.147  READ   raw=None        stable=4.00      anomalies=6
2026-06-04T11:35:57.266  READ   raw=None        stable=4.00      anomalies=6
2026-06-04T11:35:57.385  READ   raw=None        stable=4.00      anomalies=6
2026-06-04T11:35:57.502  READ   raw=None        stable=4.00      anomalies=6
2026-06-04T11:35:57.623  READ   raw=None        stable=4.00      anomalies=6
2026-06-04T11:35:57.742  READ   raw=None        stable=4.00      anomalies=6
2026-06-04T11:35:57.859  READ   raw=None        stable=4.00      anomalies=6
2026-06-04T11:35:57.978  READ   raw=None        stable=4.00      anomalies=6
2026-06-04T11:35:58.096  READ   raw=None        stable=4.00      anomalies=6
2026-06-04T11:35:58.214  READ   raw=None        stable=4.00      anomalies=6
2026-06-04T11:35:58.331  READ   raw=None        stable=4.00      anomalies=6
2026-06-04T11:35:58.451  READ   raw=None        stable=4.00      anomalies=6
2026-06-04T11:35:58.569  READ   raw=None        stable=4.00      anomalies=6
2026-06-04T11:35:58.688  READ   raw=None        stable=4.00      anomalies=6
2026-06-04T11:35:58.806  READ   raw=None        stable=4.00      anomalies=6
2026-06-04T11:35:58.923  READ   raw=None        stable=4.00      anomalies=6
2026-06-04T11:35:59.042  READ   raw=None        stable=4.00      anomalies=6
2026-06-04T11:35:59.162  READ   raw=None        stable=4.00      anomalies=6
2026-06-04T11:35:59.283  READ   raw=None        stable=4.00      anomalies=6
2026-06-04T11:35:59.401  READ   raw=None        stable=4.00      anomalies=6
2026-06-04T11:35:59.518  READ   raw=None        stable=4.00      anomalies=6
2026-06-04T11:35:59.637  READ   raw=None        stable=4.00      anomalies=6
2026-06-04T11:35:59.757  READ   raw=None        stable=4.00      anomalies=6
2026-06-04T11:35:59.875  READ   raw=None        stable=4.00      anomalies=6
2026-06-04T11:35:59.994  READ   raw=None        stable=4.00      anomalies=6
2026-06-04T11:36:00.115  READ   raw=None        stable=4.00      anomalies=6
2026-06-04T11:36:00.232  READ   raw=None        stable=4.00      anomalies=6
2026-06-04T11:36:00.351  READ   raw=None        stable=4.00      anomalies=6
2026-06-04T11:36:00.468  READ   raw=None        stable=4.00      anomalies=6
2026-06-04T11:36:00.586  READ   raw=None        stable=4.00      anomalies=6
2026-06-04T11:36:00.714  READ   raw=None        stable=4.00      anomalies=6
2026-06-04T11:36:00.844  READ   raw=None        stable=4.00      anomalies=6
2026-06-04T11:36:00.961  READ   raw=None        stable=4.00      anomalies=6
2026-06-04T11:36:01.094  READ   raw=None        stable=4.00      anomalies=6
2026-06-04T11:36:01.220  READ   raw=None        stable=4.00      anomalies=6
2026-06-04T11:36:01.351  READ   raw=None        stable=4.00      anomalies=6
2026-06-04T11:36:01.485  READ   raw=None        stable=4.00      anomalies=6
2026-06-04T11:36:01.611  READ   raw=7           stable=4.00      anomalies=7
2026-06-04T11:36:01.731  READ   raw=None        stable=4.00      anomalies=7
2026-06-04T11:36:01.859  READ   raw=. 1         stable=4.00      anomalies=7
2026-06-04T11:36:01.980  READ   raw=None        stable=4.00      anomalies=7
2026-06-04T11:36:02.099  READ   raw=None        stable=4.00      anomalies=7
2026-06-04T11:36:02.227  READ   raw=None        stable=4.00      anomalies=7
2026-06-04T11:36:02.354  READ   raw=None        stable=4.00      anomalies=7
2026-06-04T11:36:02.481  READ   raw=None        stable=4.00      anomalies=7
2026-06-04T11:36:02.606  READ   raw=.           stable=4.00      anomalies=7
2026-06-04T11:36:02.725  READ   raw=None        stable=4.00      anomalies=7
2026-06-04T11:36:02.844  READ   raw=None        stable=4.00      anomalies=7
2026-06-04T11:36:02.963  READ   raw=None        stable=4.00      anomalies=7
2026-06-04T11:36:03.084  READ   raw=None        stable=4.00      anomalies=7
2026-06-04T11:36:03.205  READ   raw=None        stable=4.00      anomalies=7
2026-06-04T11:36:03.324  READ   raw=None        stable=4.00      anomalies=7
2026-06-04T11:36:03.442  READ   raw=None        stable=4.00      anomalies=7
2026-06-04T11:36:03.560  READ   raw=None        stable=4.00      anomalies=7
2026-06-04T11:36:03.679  READ   raw=None        stable=4.00      anomalies=7
2026-06-04T11:36:03.803  READ   raw=None        stable=4.00      anomalies=7
2026-06-04T11:36:03.935  READ   raw=.           stable=4.00      anomalies=7
2026-06-04T11:36:04.056  READ   raw=None        stable=4.00      anomalies=7
2026-06-04T11:36:04.189  READ   raw=None        stable=4.00      anomalies=7
2026-06-04T11:36:04.312  READ   raw=None        stable=4.00      anomalies=7
2026-06-04T11:36:04.439  READ   raw=None        stable=4.00      anomalies=7
2026-06-04T11:36:04.567  READ   raw=None        stable=4.00      anomalies=7
2026-06-04T11:36:04.687  READ   raw=None        stable=4.00      anomalies=7
2026-06-04T11:36:04.811  READ   raw=None        stable=4.00      anomalies=7
2026-06-04T11:36:04.935  READ   raw=7.          stable=4.00      anomalies=8
2026-06-04T11:36:05.052  READ   raw=None        stable=4.00      anomalies=8
2026-06-04T11:36:05.176  READ   raw=None        stable=4.00      anomalies=8
2026-06-04T11:36:05.295  READ   raw=None        stable=4.00      anomalies=8
2026-06-04T11:36:05.418  READ   raw=None        stable=4.00      anomalies=8
2026-06-04T11:36:05.540  READ   raw=None        stable=4.00      anomalies=8
2026-06-04T11:36:05.678  READ   raw=None        stable=4.00      anomalies=8
2026-06-04T11:36:05.814  READ   raw=None        stable=4.00      anomalies=8
2026-06-04T11:36:05.938  READ   raw=None        stable=4.00      anomalies=8
2026-06-04T11:36:06.061  READ   raw=None        stable=4.00      anomalies=8
2026-06-04T11:36:06.185  READ   raw=None        stable=4.00      anomalies=8
2026-06-04T11:36:06.312  READ   raw=None        stable=4.00      anomalies=8
2026-06-04T11:36:06.436  READ   raw=None        stable=4.00      anomalies=8
2026-06-04T11:36:06.561  READ   raw=None        stable=4.00      anomalies=8
2026-06-04T11:36:06.687  READ   raw=None        stable=4.00      anomalies=8
2026-06-04T11:36:06.806  READ   raw=None        stable=4.00      anomalies=8
2026-06-04T11:36:06.930  READ   raw=None        stable=4.00      anomalies=8
2026-06-04T11:36:07.053  READ   raw=None        stable=4.00      anomalies=8
2026-06-04T11:36:07.171  READ   raw=None        stable=4.00      anomalies=8
2026-06-04T11:36:07.288  READ   raw=None        stable=4.00      anomalies=8
2026-06-04T11:36:07.406  READ   raw=None        stable=4.00      anomalies=8
2026-06-04T11:36:07.525  READ   raw=None        stable=4.00      anomalies=8
2026-06-04T11:36:07.642  READ   raw=None        stable=4.00      anomalies=8
2026-06-04T11:36:07.763  READ   raw=None        stable=4.00      anomalies=8
2026-06-04T11:36:07.880  READ   raw=None        stable=4.00      anomalies=8
2026-06-04T11:36:07.999  READ   raw=None        stable=4.00      anomalies=8
2026-06-04T11:36:08.116  READ   raw=None        stable=4.00      anomalies=8
2026-06-04T11:36:08.232  READ   raw=None        stable=4.00      anomalies=8
2026-06-04T11:36:08.351  READ   raw=None        stable=4.00      anomalies=8
2026-06-04T11:36:08.470  READ   raw=None        stable=4.00      anomalies=8
2026-06-04T11:36:08.588  READ   raw=None        stable=4.00      anomalies=8
2026-06-04T11:36:08.706  READ   raw=None        stable=4.00      anomalies=8
2026-06-04T11:36:08.839  READ   raw=None        stable=4.00      anomalies=8
2026-06-04T11:36:08.962  READ   raw=None        stable=4.00      anomalies=8
2026-06-04T11:36:09.082  READ   raw=None        stable=4.00      anomalies=8
2026-06-04T11:36:09.200  READ   raw=None        stable=4.00      anomalies=8
2026-06-04T11:36:09.317  READ   raw=None        stable=4.00      anomalies=8
2026-06-04T11:36:09.435  READ   raw=None        stable=4.00      anomalies=8
2026-06-04T11:36:09.552  READ   raw=None        stable=4.00      anomalies=8
2026-06-04T11:36:09.671  READ   raw=None        stable=4.00      anomalies=8
2026-06-04T11:36:09.793  READ   raw=None        stable=4.00      anomalies=8
2026-06-04T11:36:09.911  READ   raw=None        stable=4.00      anomalies=8
2026-06-04T11:36:10.031  READ   raw=None        stable=4.00      anomalies=8
2026-06-04T11:36:10.150  READ   raw=None        stable=4.00      anomalies=8
2026-06-04T11:36:10.269  READ   raw=None        stable=4.00      anomalies=8
2026-06-04T11:36:10.387  READ   raw=None        stable=4.00      anomalies=8
2026-06-04T11:36:10.508  READ   raw=None        stable=4.00      anomalies=8
2026-06-04T11:36:10.627  READ   raw=None        stable=4.00      anomalies=8
2026-06-04T11:36:10.746  READ   raw=None        stable=4.00      anomalies=8
2026-06-04T11:36:10.862  READ   raw=None        stable=4.00      anomalies=8
2026-06-04T11:36:10.981  READ   raw=None        stable=4.00      anomalies=8
2026-06-04T11:36:11.101  READ   raw=None        stable=4.00      anomalies=8
2026-06-04T11:36:11.220  READ   raw=None        stable=4.00      anomalies=8
2026-06-04T11:36:11.339  READ   raw=None        stable=4.00      anomalies=8
2026-06-04T11:36:11.458  READ   raw=None        stable=4.00      anomalies=8
2026-06-04T11:36:11.594  READ   raw=None        stable=4.00      anomalies=8
2026-06-04T11:36:11.713  READ   raw=None        stable=4.00      anomalies=8
2026-06-04T11:36:11.831  READ   raw=None        stable=4.00      anomalies=8
2026-06-04T11:36:11.949  READ   raw=None        stable=4.00      anomalies=8
2026-06-04T11:36:12.067  READ   raw=None        stable=4.00      anomalies=8
2026-06-04T11:36:12.183  READ   raw=None        stable=4.00      anomalies=8
2026-06-04T11:36:12.301  READ   raw=None        stable=4.00      anomalies=8
2026-06-04T11:36:12.420  READ   raw=None        stable=4.00      anomalies=8
2026-06-04T11:36:12.538  READ   raw=None        stable=4.00      anomalies=8
2026-06-04T11:36:12.657  READ   raw=None        stable=4.00      anomalies=8
2026-06-04T11:36:12.774  READ   raw=None        stable=4.00      anomalies=8
2026-06-04T11:36:12.893  READ   raw=None        stable=4.00      anomalies=8
2026-06-04T11:36:13.011  READ   raw=None        stable=4.00      anomalies=8
2026-06-04T11:36:13.128  READ   raw=None        stable=4.00      anomalies=8
2026-06-04T11:36:13.247  READ   raw=None        stable=4.00      anomalies=8
2026-06-04T11:36:13.365  READ   raw=None        stable=4.00      anomalies=8
2026-06-04T11:36:13.483  READ   raw=None        stable=4.00      anomalies=8
2026-06-04T11:36:13.602  READ   raw=None        stable=4.00      anomalies=8
2026-06-04T11:36:13.721  READ   raw=None        stable=4.00      anomalies=8
2026-06-04T11:36:13.840  READ   raw=None        stable=4.00      anomalies=8
2026-06-04T11:36:13.960  READ   raw=None        stable=4.00      anomalies=8
2026-06-04T11:36:14.078  READ   raw=None        stable=4.00      anomalies=8
2026-06-04T11:36:14.203  READ   raw=None        stable=4.00      anomalies=8
2026-06-04T11:36:14.320  READ   raw=None        stable=4.00      anomalies=8
2026-06-04T11:36:14.438  READ   raw=None        stable=4.00      anomalies=8
2026-06-04T11:36:14.556  READ   raw=None        stable=4.00      anomalies=8
2026-06-04T11:36:14.674  READ   raw=None        stable=4.00      anomalies=8
2026-06-04T11:36:14.792  READ   raw=None        stable=4.00      anomalies=8
2026-06-04T11:36:14.912  READ   raw=None        stable=4.00      anomalies=8
2026-06-04T11:36:15.029  READ   raw=None        stable=4.00      anomalies=8
2026-06-04T11:36:15.147  READ   raw=None        stable=4.00      anomalies=8
2026-06-04T11:36:15.268  READ   raw=None        stable=4.00      anomalies=8
2026-06-04T11:36:15.388  READ   raw=None        stable=4.00      anomalies=8
2026-06-04T11:36:15.505  READ   raw=None        stable=4.00      anomalies=8
2026-06-04T11:36:15.623  READ   raw=None        stable=4.00      anomalies=8
2026-06-04T11:36:15.744  READ   raw=None        stable=4.00      anomalies=8
2026-06-04T11:36:15.865  READ   raw=None        stable=4.00      anomalies=8
2026-06-04T11:36:15.982  READ   raw=None        stable=4.00      anomalies=8
2026-06-04T11:36:16.103  READ   raw=None        stable=4.00      anomalies=8
2026-06-04T11:36:16.221  READ   raw=None        stable=4.00      anomalies=8
2026-06-04T11:36:16.340  READ   raw=None        stable=4.00      anomalies=8
2026-06-04T11:36:16.458  READ   raw=None        stable=4.00      anomalies=8
2026-06-04T11:36:16.576  READ   raw=None        stable=4.00      anomalies=8
2026-06-04T11:36:16.700  READ   raw=None        stable=4.00      anomalies=8
2026-06-04T11:36:16.822  READ   raw=None        stable=4.00      anomalies=8
2026-06-04T11:36:16.946  READ   raw=None        stable=4.00      anomalies=8
2026-06-04T11:36:17.066  READ   raw=None        stable=4.00      anomalies=8
2026-06-04T11:36:17.289  # run ended: 2026-06-04T11:36:17.289888
