# seenums run started: 2026-06-04T11:39:58.865295
# initial_value=4.2  max_delta=2.0  forced_reset_count=never
# gpio: pin=6  ms=250  tickle_low_threshold=3.5
#
# timestamp                     event
#----------------------------------------------------------------------
2026-06-04T11:39:59.422  READ   raw=None        stable=4.20      anomalies=0
2026-06-04T11:39:59.640  READ   raw=None        stable=4.20      anomalies=0
2026-06-04T11:39:59.766  READ   raw=None        stable=4.20      anomalies=0
2026-06-04T11:39:59.883  READ   raw=None        stable=4.20      anomalies=0
2026-06-04T11:39:59.999  READ   raw=None        stable=4.20      anomalies=0
2026-06-04T11:40:00.114  READ   raw=None        stable=4.20      anomalies=0
2026-06-04T11:40:00.230  READ   raw=None        stable=4.20      anomalies=0
2026-06-04T11:40:00.346  READ   raw=None        stable=4.20      anomalies=0
2026-06-04T11:40:00.461  READ   raw=None        stable=4.20      anomalies=0
2026-06-04T11:40:00.590  READ   raw=.           stable=4.20      anomalies=0
2026-06-04T11:40:00.719  READ   raw=.           stable=4.20      anomalies=0
2026-06-04T11:40:00.847  READ   raw=.           stable=4.20      anomalies=0
2026-06-04T11:40:01.001  READ   raw=.           stable=4.20      anomalies=0
2026-06-04T11:40:01.129  READ   raw=None        stable=4.20      anomalies=0
2026-06-04T11:40:01.243  READ   raw=None        stable=4.20      anomalies=0
2026-06-04T11:40:01.357  READ   raw=None        stable=4.20      anomalies=0
2026-06-04T11:40:01.473  READ   raw=None        stable=4.20      anomalies=0
2026-06-04T11:40:01.589  READ   raw=None        stable=4.20      anomalies=0
2026-06-04T11:40:01.707  READ   raw=None        stable=4.20      anomalies=0
2026-06-04T11:40:01.823  READ   raw=None        stable=4.20      anomalies=0
2026-06-04T11:40:01.948  READ   raw=None        stable=4.20      anomalies=0
2026-06-04T11:40:02.071  READ   raw=None        stable=4.20      anomalies=0
2026-06-04T11:40:02.201  READ   raw=.           stable=4.20      anomalies=0
2026-06-04T11:40:02.320  READ   raw=None        stable=4.20      anomalies=0
2026-06-04T11:40:02.442  READ   raw=5           stable=4.20      anomalies=1
2026-06-04T11:40:02.560  READ   raw=None        stable=4.20      anomalies=1
2026-06-04T11:40:02.686  READ   raw=None        stable=4.20      anomalies=1
2026-06-04T11:40:02.813  READ   raw=None        stable=4.20      anomalies=1
2026-06-04T11:40:02.935  READ   raw=None        stable=4.20      anomalies=1
2026-06-04T11:40:03.059  READ   raw=None        stable=4.20      anomalies=1
2026-06-04T11:40:03.183  READ   raw=None        stable=4.20      anomalies=1
2026-06-04T11:40:03.309  READ   raw=.           stable=4.20      anomalies=1
2026-06-04T11:40:03.435  READ   raw=None        stable=4.20      anomalies=1
2026-06-04T11:40:03.552  READ   raw=None        stable=4.20      anomalies=1
2026-06-04T11:40:03.669  READ   raw=None        stable=4.20      anomalies=1
2026-06-04T11:40:03.784  READ   raw=None        stable=4.20      anomalies=1
2026-06-04T11:40:03.901  READ   raw=None        stable=4.20      anomalies=1
2026-06-04T11:40:04.018  READ   raw=None        stable=4.20      anomalies=1
2026-06-04T11:40:04.143  READ   raw=02          stable=4.20      anomalies=2
2026-06-04T11:40:04.259  READ   raw=None        stable=4.20      anomalies=2
2026-06-04T11:40:04.374  READ   raw=None        stable=4.20      anomalies=2
2026-06-04T11:40:04.490  READ   raw=None        stable=4.20      anomalies=2
2026-06-04T11:40:04.607  READ   raw=None        stable=4.20      anomalies=2
2026-06-04T11:40:04.723  READ   raw=None        stable=4.20      anomalies=2
2026-06-04T11:40:04.838  READ   raw=None        stable=4.20      anomalies=2
2026-06-04T11:40:04.954  READ   raw=None        stable=4.20      anomalies=2
2026-06-04T11:40:05.069  READ   raw=None        stable=4.20      anomalies=2
2026-06-04T11:40:05.185  READ   raw=None        stable=4.20      anomalies=2
2026-06-04T11:40:05.302  READ   raw=None        stable=4.20      anomalies=2
2026-06-04T11:40:05.417  READ   raw=None        stable=4.20      anomalies=2
2026-06-04T11:40:05.533  READ   raw=None        stable=4.20      anomalies=2
2026-06-04T11:40:05.649  READ   raw=None        stable=4.20      anomalies=2
2026-06-04T11:40:05.765  READ   raw=None        stable=4.20      anomalies=2
2026-06-04T11:40:05.882  READ   raw=None        stable=4.20      anomalies=2
2026-06-04T11:40:06.003  READ   raw=None        stable=4.20      anomalies=2
2026-06-04T11:40:06.122  READ   raw=None        stable=4.20      anomalies=2
2026-06-04T11:40:06.238  READ   raw=None        stable=4.20      anomalies=2
2026-06-04T11:40:06.356  READ   raw=None        stable=4.20      anomalies=2
2026-06-04T11:40:06.474  READ   raw=None        stable=4.20      anomalies=2
2026-06-04T11:40:06.592  READ   raw=None        stable=4.20      anomalies=2
2026-06-04T11:40:06.708  READ   raw=None        stable=4.20      anomalies=2
2026-06-04T11:40:06.826  READ   raw=None        stable=4.20      anomalies=2
2026-06-04T11:40:06.941  READ   raw=None        stable=4.20      anomalies=2
2026-06-04T11:40:07.056  READ   raw=None        stable=4.20      anomalies=2
2026-06-04T11:40:07.172  READ   raw=None        stable=4.20      anomalies=2
2026-06-04T11:40:07.292  READ   raw=None        stable=4.20      anomalies=2
2026-06-04T11:40:07.407  READ   raw=None        stable=4.20      anomalies=2
2026-06-04T11:40:07.527  READ   raw=None        stable=4.20      anomalies=2
2026-06-04T11:40:07.644  READ   raw=None        stable=4.20      anomalies=2
2026-06-04T11:40:07.760  READ   raw=None        stable=4.20      anomalies=2
2026-06-04T11:40:07.876  READ   raw=None        stable=4.20      anomalies=2
2026-06-04T11:40:07.993  READ   raw=None        stable=4.20      anomalies=2
2026-06-04T11:40:08.109  READ   raw=None        stable=4.20      anomalies=2
2026-06-04T11:40:08.225  READ   raw=None        stable=4.20      anomalies=2
2026-06-04T11:40:08.342  READ   raw=None        stable=4.20      anomalies=2
2026-06-04T11:40:08.461  READ   raw=None        stable=4.20      anomalies=2
2026-06-04T11:40:08.579  READ   raw=None        stable=4.20      anomalies=2
2026-06-04T11:40:08.699  READ   raw=.           stable=4.20      anomalies=2
2026-06-04T11:40:08.825  READ   raw=None        stable=4.20      anomalies=2
2026-06-04T11:40:08.949  READ   raw=None        stable=4.20      anomalies=2
2026-06-04T11:40:09.073  READ   raw=None        stable=4.20      anomalies=2
2026-06-04T11:40:09.194  READ   raw=None        stable=4.20      anomalies=2
2026-06-04T11:40:09.310  READ   raw=None        stable=4.20      anomalies=2
2026-06-04T11:40:09.424  READ   raw=None        stable=4.20      anomalies=2
2026-06-04T11:40:09.547  READ   raw=None        stable=4.20      anomalies=2
2026-06-04T11:40:09.665  READ   raw=7           stable=4.20      anomalies=3
2026-06-04T11:40:09.780  READ   raw=None        stable=4.20      anomalies=3
2026-06-04T11:40:09.895  READ   raw=None        stable=4.20      anomalies=3
2026-06-04T11:40:10.010  READ   raw=None        stable=4.20      anomalies=3
2026-06-04T11:40:10.127  READ   raw=None        stable=4.20      anomalies=3
2026-06-04T11:40:10.243  READ   raw=None        stable=4.20      anomalies=3
2026-06-04T11:40:10.358  READ   raw=None        stable=4.20      anomalies=3
2026-06-04T11:40:10.473  READ   raw=None        stable=4.20      anomalies=3
2026-06-04T11:40:10.590  READ   raw=None        stable=4.20      anomalies=3
2026-06-04T11:40:10.707  READ   raw=None        stable=4.20      anomalies=3
2026-06-04T11:40:10.828  READ   raw=None        stable=4.20      anomalies=3
2026-06-04T11:40:10.944  READ   raw=None        stable=4.20      anomalies=3
2026-06-04T11:40:11.062  READ   raw=None        stable=4.20      anomalies=3
2026-06-04T11:40:11.188  READ   raw=None        stable=4.20      anomalies=3
2026-06-04T11:40:11.307  READ   raw=None        stable=4.20      anomalies=3
2026-06-04T11:40:11.430  READ   raw=None        stable=4.20      anomalies=3
2026-06-04T11:40:11.547  READ   raw=None        stable=4.20      anomalies=3
2026-06-04T11:40:11.662  READ   raw=None        stable=4.20      anomalies=3
2026-06-04T11:40:11.778  READ   raw=None        stable=4.20      anomalies=3
2026-06-04T11:40:11.900  READ   raw=None        stable=4.20      anomalies=3
2026-06-04T11:40:12.023  READ   raw=None        stable=4.20      anomalies=3
2026-06-04T11:40:12.139  READ   raw=None        stable=4.20      anomalies=3
2026-06-04T11:40:12.257  READ   raw=None        stable=4.20      anomalies=3
2026-06-04T11:40:12.373  READ   raw=None        stable=4.20      anomalies=3
2026-06-04T11:40:12.581  # run ended: 2026-06-04T11:40:12.581374
