# seenums run started: 2026-06-04T11:38:11.037292
# initial_value=4.2  max_delta=2.0  forced_reset_count=never
# gpio: pin=6  ms=250  tickle_low_threshold=3.5
#
# timestamp                     event
#----------------------------------------------------------------------
2026-06-04T11:38:11.590  READ   raw=None        stable=4.20      anomalies=0
2026-06-04T11:38:11.812  READ   raw=None        stable=4.20      anomalies=0
2026-06-04T11:38:11.937  READ   raw=None        stable=4.20      anomalies=0
2026-06-04T11:38:12.055  READ   raw=None        stable=4.20      anomalies=0
2026-06-04T11:38:12.170  READ   raw=None        stable=4.20      anomalies=0
2026-06-04T11:38:12.285  READ   raw=None        stable=4.20      anomalies=0
2026-06-04T11:38:12.399  READ   raw=None        stable=4.20      anomalies=0
2026-06-04T11:38:12.514  READ   raw=None        stable=4.20      anomalies=0
2026-06-04T11:38:12.631  READ   raw=None        stable=4.20      anomalies=0
2026-06-04T11:38:12.787  READ   raw=None        stable=4.20      anomalies=0
2026-06-04T11:38:12.903  READ   raw=None        stable=4.20      anomalies=0
2026-06-04T11:38:13.019  READ   raw=None        stable=4.20      anomalies=0
2026-06-04T11:38:13.135  READ   raw=None        stable=4.20      anomalies=0
2026-06-04T11:38:13.258  READ   raw=None        stable=4.20      anomalies=0
2026-06-04T11:38:13.394  READ   raw=None        stable=4.20      anomalies=0
2026-06-04T11:38:13.526  READ   raw=.7          stable=4.20      anomalies=1
2026-06-04T11:38:13.642  READ   raw=None        stable=4.20      anomalies=1
2026-06-04T11:38:13.763  READ   raw=None        stable=4.20      anomalies=1
2026-06-04T11:38:13.892  READ   raw=None        stable=4.20      anomalies=1
2026-06-04T11:38:14.021  READ   raw=.           stable=4.20      anomalies=1
2026-06-04T11:38:14.139  READ   raw=None        stable=4.20      anomalies=1
2026-06-04T11:38:14.256  READ   raw=None        stable=4.20      anomalies=1
2026-06-04T11:38:14.388  READ   raw=None        stable=4.20      anomalies=1
2026-06-04T11:38:14.506  READ   raw=None        stable=4.20      anomalies=1
2026-06-04T11:38:14.622  READ   raw=None        stable=4.20      anomalies=1
2026-06-04T11:38:14.736  READ   raw=None        stable=4.20      anomalies=1
2026-06-04T11:38:14.852  READ   raw=None        stable=4.20      anomalies=1
2026-06-04T11:38:14.974  READ   raw=None        stable=4.20      anomalies=1
2026-06-04T11:38:15.096  READ   raw=None        stable=4.20      anomalies=1
2026-06-04T11:38:15.212  READ   raw=None        stable=4.20      anomalies=1
2026-06-04T11:38:15.329  READ   raw=None        stable=4.20      anomalies=1
2026-06-04T11:38:15.454  READ   raw=None        stable=4.20      anomalies=1
2026-06-04T11:38:15.578  READ   raw=None        stable=4.20      anomalies=1
2026-06-04T11:38:15.702  READ   raw=.           stable=4.20      anomalies=1
2026-06-04T11:38:15.826  READ   raw=.           stable=4.20      anomalies=1
2026-06-04T11:38:15.955  READ   raw=7           stable=4.20      anomalies=2
2026-06-04T11:38:16.079  READ   raw=7           stable=4.20      anomalies=3
2026-06-04T11:38:16.202  READ   raw=7           stable=4.20      anomalies=4
2026-06-04T11:38:16.317  READ   raw=None        stable=4.20      anomalies=4
2026-06-04T11:38:16.440  READ   raw=7           stable=4.20      anomalies=5
2026-06-04T11:38:16.565  READ   raw=None        stable=4.20      anomalies=5
2026-06-04T11:38:16.682  READ   raw=None        stable=4.20      anomalies=5
2026-06-04T11:38:16.797  READ   raw=None        stable=4.20      anomalies=5
2026-06-04T11:38:16.913  READ   raw=None        stable=4.20      anomalies=5
2026-06-04T11:38:17.028  READ   raw=None        stable=4.20      anomalies=5
2026-06-04T11:38:17.145  READ   raw=None        stable=4.20      anomalies=5
2026-06-04T11:38:17.261  READ   raw=None        stable=4.20      anomalies=5
2026-06-04T11:38:17.378  READ   raw=None        stable=4.20      anomalies=5
2026-06-04T11:38:17.493  READ   raw=None        stable=4.20      anomalies=5
2026-06-04T11:38:17.607  READ   raw=None        stable=4.20      anomalies=5
2026-06-04T11:38:17.722  READ   raw=None        stable=4.20      anomalies=5
2026-06-04T11:38:17.857  READ   raw=None        stable=4.20      anomalies=5
2026-06-04T11:38:17.972  READ   raw=None        stable=4.20      anomalies=5
2026-06-04T11:38:18.089  READ   raw=None        stable=4.20      anomalies=5
2026-06-04T11:38:18.204  READ   raw=None        stable=4.20      anomalies=5
2026-06-04T11:38:18.321  READ   raw=None        stable=4.20      anomalies=5
2026-06-04T11:38:18.437  READ   raw=None        stable=4.20      anomalies=5
2026-06-04T11:38:18.554  READ   raw=None        stable=4.20      anomalies=5
2026-06-04T11:38:18.671  READ   raw=None        stable=4.20      anomalies=5
2026-06-04T11:38:18.786  READ   raw=None        stable=4.20      anomalies=5
2026-06-04T11:38:18.903  READ   raw=None        stable=4.20      anomalies=5
2026-06-04T11:38:19.019  READ   raw=None        stable=4.20      anomalies=5
2026-06-04T11:38:19.133  READ   raw=None        stable=4.20      anomalies=5
2026-06-04T11:38:19.248  READ   raw=None        stable=4.20      anomalies=5
2026-06-04T11:38:19.362  READ   raw=None        stable=4.20      anomalies=5
2026-06-04T11:38:19.477  READ   raw=None        stable=4.20      anomalies=5
2026-06-04T11:38:19.591  READ   raw=None        stable=4.20      anomalies=5
2026-06-04T11:38:19.705  READ   raw=None        stable=4.20      anomalies=5
2026-06-04T11:38:19.821  READ   raw=None        stable=4.20      anomalies=5
2026-06-04T11:38:19.937  READ   raw=None        stable=4.20      anomalies=5
2026-06-04T11:38:20.056  READ   raw=None        stable=4.20      anomalies=5
2026-06-04T11:38:20.173  READ   raw=None        stable=4.20      anomalies=5
2026-06-04T11:38:20.288  READ   raw=None        stable=4.20      anomalies=5
2026-06-04T11:38:20.404  READ   raw=None        stable=4.20      anomalies=5
2026-06-04T11:38:20.520  READ   raw=None        stable=4.20      anomalies=5
2026-06-04T11:38:20.637  READ   raw=None        stable=4.20      anomalies=5
2026-06-04T11:38:20.753  READ   raw=None        stable=4.20      anomalies=5
2026-06-04T11:38:20.870  READ   raw=None        stable=4.20      anomalies=5
2026-06-04T11:38:20.986  READ   raw=None        stable=4.20      anomalies=5
2026-06-04T11:38:21.101  READ   raw=None        stable=4.20      anomalies=5
2026-06-04T11:38:21.216  READ   raw=None        stable=4.20      anomalies=5
2026-06-04T11:38:21.332  READ   raw=None        stable=4.20      anomalies=5
2026-06-04T11:38:21.447  READ   raw=None        stable=4.20      anomalies=5
2026-06-04T11:38:21.565  READ   raw=None        stable=4.20      anomalies=5
2026-06-04T11:38:21.680  READ   raw=None        stable=4.20      anomalies=5
2026-06-04T11:38:21.797  READ   raw=None        stable=4.20      anomalies=5
2026-06-04T11:38:21.914  READ   raw=None        stable=4.20      anomalies=5
2026-06-04T11:38:22.036  READ   raw=None        stable=4.20      anomalies=5
2026-06-04T11:38:22.183  READ   raw=None        stable=4.20      anomalies=5
2026-06-04T11:38:22.313  READ   raw=None        stable=4.20      anomalies=5
2026-06-04T11:38:22.454  READ   raw=None        stable=4.20      anomalies=5
2026-06-04T11:38:22.590  READ   raw=None        stable=4.20      anomalies=5
2026-06-04T11:38:22.707  READ   raw=None        stable=4.20      anomalies=5
2026-06-04T11:38:22.822  READ   raw=None        stable=4.20      anomalies=5
2026-06-04T11:38:22.947  READ   raw=None        stable=4.20      anomalies=5
2026-06-04T11:38:23.068  READ   raw=None        stable=4.20      anomalies=5
2026-06-04T11:38:23.193  READ   raw=None        stable=4.20      anomalies=5
2026-06-04T11:38:23.309  READ   raw=None        stable=4.20      anomalies=5
2026-06-04T11:38:23.424  READ   raw=None        stable=4.20      anomalies=5
2026-06-04T11:38:23.542  READ   raw=None        stable=4.20      anomalies=5
2026-06-04T11:38:23.657  READ   raw=None        stable=4.20      anomalies=5
2026-06-04T11:38:23.772  READ   raw=None        stable=4.20      anomalies=5
2026-06-04T11:38:23.894  READ   raw=None        stable=4.20      anomalies=5
2026-06-04T11:38:24.011  READ   raw=None        stable=4.20      anomalies=5
2026-06-04T11:38:24.128  READ   raw=None        stable=4.20      anomalies=5
2026-06-04T11:38:24.245  READ   raw=None        stable=4.20      anomalies=5
2026-06-04T11:38:24.365  READ   raw=None        stable=4.20      anomalies=5
2026-06-04T11:38:24.485  READ   raw=None        stable=4.20      anomalies=5
2026-06-04T11:38:24.605  READ   raw=None        stable=4.20      anomalies=5
2026-06-04T11:38:24.721  READ   raw=None        stable=4.20      anomalies=5
2026-06-04T11:38:24.837  READ   raw=None        stable=4.20      anomalies=5
2026-06-04T11:38:24.953  READ   raw=None        stable=4.20      anomalies=5
2026-06-04T11:38:25.069  READ   raw=None        stable=4.20      anomalies=5
2026-06-04T11:38:25.231  # run ended: 2026-06-04T11:38:25.231630
