# seenums run started: 2026-06-04T11:36:47.440979
# initial_value=4.2  max_delta=2.0  forced_reset_count=never
# gpio: pin=6  ms=250  tickle_low_threshold=3.5
#
# timestamp                     event
#----------------------------------------------------------------------
2026-06-04T11:36:48.110  READ   raw=None        stable=4.20      anomalies=0
2026-06-04T11:36:48.342  READ   raw=None        stable=4.20      anomalies=0
2026-06-04T11:36:48.481  READ   raw=None        stable=4.20      anomalies=0
2026-06-04T11:36:48.618  READ   raw=None        stable=4.20      anomalies=0
2026-06-04T11:36:48.748  READ   raw=None        stable=4.20      anomalies=0
2026-06-04T11:36:48.888  READ   raw=None        stable=4.20      anomalies=0
2026-06-04T11:36:49.022  READ   raw=None        stable=4.20      anomalies=0
2026-06-04T11:36:49.146  READ   raw=None        stable=4.20      anomalies=0
2026-06-04T11:36:49.270  READ   raw=None        stable=4.20      anomalies=0
2026-06-04T11:36:49.396  READ   raw=None        stable=4.20      anomalies=0
2026-06-04T11:36:49.521  READ   raw=None        stable=4.20      anomalies=0
2026-06-04T11:36:49.648  READ   raw=None        stable=4.20      anomalies=0
2026-06-04T11:36:49.776  READ   raw=None        stable=4.20      anomalies=0
2026-06-04T11:36:49.902  READ   raw=None        stable=4.20      anomalies=0
2026-06-04T11:36:50.026  READ   raw=None        stable=4.20      anomalies=0
2026-06-04T11:36:50.150  READ   raw=None        stable=4.20      anomalies=0
2026-06-04T11:36:50.271  READ   raw=None        stable=4.20      anomalies=0
2026-06-04T11:36:50.393  READ   raw=None        stable=4.20      anomalies=0
2026-06-04T11:36:50.518  READ   raw=None        stable=4.20      anomalies=0
2026-06-04T11:36:50.646  READ   raw=None        stable=4.20      anomalies=0
2026-06-04T11:36:50.778  READ   raw=None        stable=4.20      anomalies=0
2026-06-04T11:36:50.910  READ   raw=None        stable=4.20      anomalies=0
2026-06-04T11:36:51.042  READ   raw=None        stable=4.20      anomalies=0
2026-06-04T11:36:51.169  READ   raw=None        stable=4.20      anomalies=0
2026-06-04T11:36:51.297  READ   raw=None        stable=4.20      anomalies=0
2026-06-04T11:36:51.427  READ   raw=None        stable=4.20      anomalies=0
2026-06-04T11:36:51.550  READ   raw=None        stable=4.20      anomalies=0
2026-06-04T11:36:51.674  READ   raw=None        stable=4.20      anomalies=0
2026-06-04T11:36:51.799  READ   raw=None        stable=4.20      anomalies=0
2026-06-04T11:36:51.921  READ   raw=None        stable=4.20      anomalies=0
2026-06-04T11:36:52.062  READ   raw=None        stable=4.20      anomalies=0
2026-06-04T11:36:52.190  READ   raw=None        stable=4.20      anomalies=0
2026-06-04T11:36:52.315  READ   raw=None        stable=4.20      anomalies=0
2026-06-04T11:36:52.435  READ   raw=None        stable=4.20      anomalies=0
2026-06-04T11:36:52.557  READ   raw=None        stable=4.20      anomalies=0
2026-06-04T11:36:52.681  READ   raw=None        stable=4.20      anomalies=0
2026-06-04T11:36:52.806  READ   raw=None        stable=4.20      anomalies=0
2026-06-04T11:36:52.930  READ   raw=None        stable=4.20      anomalies=0
2026-06-04T11:36:53.054  READ   raw=None        stable=4.20      anomalies=0
2026-06-04T11:36:53.175  READ   raw=None        stable=4.20      anomalies=0
2026-06-04T11:36:53.295  READ   raw=None        stable=4.20      anomalies=0
2026-06-04T11:36:53.419  READ   raw=None        stable=4.20      anomalies=0
2026-06-04T11:36:53.540  READ   raw=None        stable=4.20      anomalies=0
2026-06-04T11:36:53.664  READ   raw=None        stable=4.20      anomalies=0
2026-06-04T11:36:53.788  READ   raw=None        stable=4.20      anomalies=0
2026-06-04T11:36:53.912  READ   raw=None        stable=4.20      anomalies=0
2026-06-04T11:36:54.038  READ   raw=None        stable=4.20      anomalies=0
2026-06-04T11:36:54.165  READ   raw=None        stable=4.20      anomalies=0
2026-06-04T11:36:54.288  READ   raw=None        stable=4.20      anomalies=0
2026-06-04T11:36:54.411  READ   raw=None        stable=4.20      anomalies=0
2026-06-04T11:36:54.534  READ   raw=None        stable=4.20      anomalies=0
2026-06-04T11:36:54.659  READ   raw=None        stable=4.20      anomalies=0
2026-06-04T11:36:54.784  READ   raw=None        stable=4.20      anomalies=0
2026-06-04T11:36:54.908  READ   raw=None        stable=4.20      anomalies=0
2026-06-04T11:36:55.028  READ   raw=None        stable=4.20      anomalies=0
2026-06-04T11:36:55.152  READ   raw=None        stable=4.20      anomalies=0
2026-06-04T11:36:55.272  READ   raw=None        stable=4.20      anomalies=0
2026-06-04T11:36:55.392  READ   raw=None        stable=4.20      anomalies=0
2026-06-04T11:36:55.514  READ   raw=None        stable=4.20      anomalies=0
2026-06-04T11:36:55.637  READ   raw=None        stable=4.20      anomalies=0
2026-06-04T11:36:55.766  READ   raw=None        stable=4.20      anomalies=0
2026-06-04T11:36:55.889  READ   raw=None        stable=4.20      anomalies=0
2026-06-04T11:36:56.012  READ   raw=None        stable=4.20      anomalies=0
2026-06-04T11:36:56.135  READ   raw=None        stable=4.20      anomalies=0
2026-06-04T11:36:56.257  READ   raw=None        stable=4.20      anomalies=0
2026-06-04T11:36:56.379  READ   raw=None        stable=4.20      anomalies=0
2026-06-04T11:36:56.502  READ   raw=None        stable=4.20      anomalies=0
2026-06-04T11:36:56.624  READ   raw=None        stable=4.20      anomalies=0
2026-06-04T11:36:56.747  READ   raw=None        stable=4.20      anomalies=0
2026-06-04T11:36:56.874  READ   raw=None        stable=4.20      anomalies=0
2026-06-04T11:36:56.996  READ   raw=None        stable=4.20      anomalies=0
2026-06-04T11:36:57.134  READ   raw=None        stable=4.20      anomalies=0
2026-06-04T11:36:57.271  READ   raw=None        stable=4.20      anomalies=0
2026-06-04T11:36:57.396  READ   raw=None        stable=4.20      anomalies=0
2026-06-04T11:36:57.518  READ   raw=None        stable=4.20      anomalies=0
2026-06-04T11:36:57.723  # run ended: 2026-06-04T11:36:57.723838
