# seenums run started: 2026-06-02T13:26:45.735133
# initial_value=10.0  max_delta=2.0  forced_reset_count=never
# gpio: pin=6  ms=250  tickle_low_threshold=9.0
#
# timestamp                     event
#----------------------------------------------------------------------
2026-06-02T13:26:46.322  READ   raw=77034       stable=10.00     anomalies=1
2026-06-02T13:26:46.585  READ   raw=77034       stable=10.00     anomalies=2
2026-06-02T13:26:46.730  READ   raw=77034       stable=10.00     anomalies=3
2026-06-02T13:26:46.874  READ   raw=77034       stable=10.00     anomalies=4
2026-06-02T13:26:47.013  READ   raw=77034       stable=10.00     anomalies=5
2026-06-02T13:26:47.154  READ   raw=77034       stable=10.00     anomalies=6
2026-06-02T13:26:47.292  READ   raw=7031.       stable=10.00     anomalies=7
2026-06-02T13:26:47.433  READ   raw=7031.       stable=10.00     anomalies=8
2026-06-02T13:26:47.574  READ   raw=031.        stable=10.00     anomalies=9
2026-06-02T13:26:47.713  READ   raw=7031.       stable=10.00     anomalies=10
2026-06-02T13:26:47.852  READ   raw=7031.       stable=10.00     anomalies=11
2026-06-02T13:26:47.992  READ   raw=7031.       stable=10.00     anomalies=12
2026-06-02T13:26:48.130  READ   raw=7031.       stable=10.00     anomalies=13
2026-06-02T13:26:48.271  READ   raw=7031.       stable=10.00     anomalies=14
2026-06-02T13:26:48.409  READ   raw=7031.       stable=10.00     anomalies=15
2026-06-02T13:26:48.547  READ   raw=77032       stable=10.00     anomalies=16
2026-06-02T13:26:48.686  READ   raw=77032       stable=10.00     anomalies=17
2026-06-02T13:26:48.825  READ   raw=77032       stable=10.00     anomalies=18
2026-06-02T13:26:48.965  READ   raw=77032       stable=10.00     anomalies=19
2026-06-02T13:26:49.105  READ   raw=77032       stable=10.00     anomalies=20
2026-06-02T13:26:49.244  READ   raw=77032       stable=10.00     anomalies=21
2026-06-02T13:26:49.413  READ   raw=77032.      stable=10.00     anomalies=22
2026-06-02T13:26:49.551  READ   raw=77032       stable=10.00     anomalies=23
2026-06-02T13:26:49.689  READ   raw=77032       stable=10.00     anomalies=24
2026-06-02T13:26:49.827  READ   raw=0.27.       stable=10.00     anomalies=24
2026-06-02T13:26:49.966  READ   raw=0.27.       stable=10.00     anomalies=24
2026-06-02T13:26:50.107  READ   raw=0.27.       stable=10.00     anomalies=24
2026-06-02T13:26:50.246  READ   raw=0.27.       stable=10.00     anomalies=24
2026-06-02T13:26:50.384  READ   raw=0.27.       stable=10.00     anomalies=24
2026-06-02T13:26:50.522  READ   raw=0.27.       stable=10.00     anomalies=24
2026-06-02T13:26:50.660  READ   raw=0.27.       stable=10.00     anomalies=24
2026-06-02T13:26:50.808  READ   raw=0.27.       stable=10.00     anomalies=24
2026-06-02T13:26:50.947  READ   raw=0.27.       stable=10.00     anomalies=24
2026-06-02T13:26:51.087  READ   raw=0.24        stable=10.00     anomalies=25
2026-06-02T13:26:51.227  READ   raw=0.24        stable=10.00     anomalies=26
2026-06-02T13:26:51.366  READ   raw=70.24       stable=10.00     anomalies=27
2026-06-02T13:26:51.505  READ   raw=70.24       stable=10.00     anomalies=28
2026-06-02T13:26:51.644  READ   raw=0.24        stable=10.00     anomalies=29
2026-06-02T13:26:51.783  READ   raw=024         stable=10.00     anomalies=30
2026-06-02T13:26:51.922  READ   raw=0.24        stable=10.00     anomalies=31
2026-06-02T13:26:52.059  READ   raw=0.24        stable=10.00     anomalies=32
2026-06-02T13:26:52.197  READ   raw=0.24        stable=10.00     anomalies=33
2026-06-02T13:26:52.334  READ   raw=0.24        stable=10.00     anomalies=34
2026-06-02T13:26:52.472  READ   raw=0.24        stable=10.00     anomalies=35
2026-06-02T13:26:52.610  READ   raw=0.24        stable=10.00     anomalies=36
2026-06-02T13:26:52.749  READ   raw=0.24        stable=10.00     anomalies=37
2026-06-02T13:26:52.888  READ   raw=0.24        stable=10.00     anomalies=38
2026-06-02T13:26:53.026  READ   raw=0.24        stable=10.00     anomalies=39
2026-06-02T13:26:53.164  READ   raw=0.24        stable=10.00     anomalies=40
2026-06-02T13:26:53.302  READ   raw=7024        stable=10.00     anomalies=41
2026-06-02T13:26:53.443  READ   raw=0.24        stable=10.00     anomalies=42
2026-06-02T13:26:53.581  READ   raw=0.24        stable=10.00     anomalies=43
2026-06-02T13:26:53.717  READ   raw=0.24        stable=10.00     anomalies=44
2026-06-02T13:26:53.856  READ   raw=770.24      stable=10.00     anomalies=45
2026-06-02T13:26:53.994  READ   raw=012.        stable=10.00     anomalies=46
2026-06-02T13:26:54.131  READ   raw=012.        stable=10.00     anomalies=47
2026-06-02T13:26:54.270  READ   raw=012.        stable=10.00     anomalies=48
2026-06-02T13:26:54.407  READ   raw=012.        stable=10.00     anomalies=49
2026-06-02T13:26:54.546  READ   raw=012.        stable=10.00     anomalies=50
2026-06-02T13:26:54.685  READ   raw=012.        stable=10.00     anomalies=51
2026-06-02T13:26:54.824  READ   raw=012         stable=10.00     anomalies=52
2026-06-02T13:26:54.964  READ   raw=012..       stable=10.00     anomalies=52
2026-06-02T13:26:55.105  READ   raw=012.        stable=10.00     anomalies=53
2026-06-02T13:26:55.244  READ   raw=0.06.       stable=10.00     anomalies=53
2026-06-02T13:26:55.381  READ   raw=0.06.       stable=10.00     anomalies=53
2026-06-02T13:26:55.521  READ   raw=0.06.       stable=10.00     anomalies=53
2026-06-02T13:26:55.660  READ   raw=0.06.       stable=10.00     anomalies=53
2026-06-02T13:26:55.799  READ   raw=0.06        stable=10.00     anomalies=54
2026-06-02T13:26:55.938  READ   raw=0.06.       stable=10.00     anomalies=54
2026-06-02T13:26:56.078  READ   raw=0.06        stable=10.00     anomalies=55
2026-06-02T13:26:56.217  READ   raw=0.06.       stable=10.00     anomalies=55
2026-06-02T13:26:56.356  READ   raw=0.06.       stable=10.00     anomalies=55
2026-06-02T13:26:56.494  READ   raw=001.        stable=10.00     anomalies=56
2026-06-02T13:26:56.632  READ   raw=001.        stable=10.00     anomalies=57
2026-06-02T13:26:56.772  READ   raw=001.        stable=10.00     anomalies=58
2026-06-02T13:26:56.911  READ   raw=001.        stable=10.00     anomalies=59
2026-06-02T13:26:57.050  READ   raw=001.        stable=10.00     anomalies=60
2026-06-02T13:26:57.188  READ   raw=001.        stable=10.00     anomalies=61
2026-06-02T13:26:57.327  READ   raw=001.        stable=10.00     anomalies=62
2026-06-02T13:26:57.465  READ   raw=001.        stable=10.00     anomalies=63
2026-06-02T13:26:57.602  READ   raw=001.        stable=10.00     anomalies=64
2026-06-02T13:26:57.740  READ   raw=0.00        stable=10.00     anomalies=65
2026-06-02T13:26:57.884  READ   raw=0.00        stable=10.00     anomalies=66
2026-06-02T13:26:58.021  READ   raw=0.00        stable=10.00     anomalies=67
2026-06-02T13:26:58.159  READ   raw=0.00        stable=10.00     anomalies=68
2026-06-02T13:26:58.297  READ   raw=0.00        stable=10.00     anomalies=69
2026-06-02T13:26:58.435  READ   raw=000         stable=10.00     anomalies=70
2026-06-02T13:26:58.571  READ   raw=0.00        stable=10.00     anomalies=71
2026-06-02T13:26:58.709  READ   raw=0.00        stable=10.00     anomalies=72
2026-06-02T13:26:58.847  READ   raw=0.00        stable=10.00     anomalies=73
2026-06-02T13:26:58.983  READ   raw=98          stable=9.80      anomalies=0
2026-06-02T13:26:59.119  READ   raw=None        stable=9.80      anomalies=0
2026-06-02T13:26:59.263  READ   raw=None        stable=9.80      anomalies=0
2026-06-02T13:26:59.411  READ   raw=4           stable=9.80      anomalies=1
2026-06-02T13:26:59.552  READ   raw=None        stable=9.80      anomalies=1
2026-06-02T13:26:59.679  READ   raw=None        stable=9.80      anomalies=1
2026-06-02T13:26:59.805  READ   raw=None        stable=9.80      anomalies=1
2026-06-02T13:26:59.931  READ   raw=None        stable=9.80      anomalies=1
2026-06-02T13:27:00.055  READ   raw=None        stable=9.80      anomalies=1
2026-06-02T13:27:00.179  READ   raw=None        stable=9.80      anomalies=1
2026-06-02T13:27:00.306  READ   raw=None        stable=9.80      anomalies=1
2026-06-02T13:27:00.432  READ   raw=None        stable=9.80      anomalies=1
2026-06-02T13:27:00.571  READ   raw=None        stable=9.80      anomalies=1
2026-06-02T13:27:00.711  READ   raw=8           stable=9.80      anomalies=2
2026-06-02T13:27:00.842  READ   raw=None        stable=9.80      anomalies=2
2026-06-02T13:27:00.980  READ   raw=None        stable=9.80      anomalies=2
2026-06-02T13:27:01.118  READ   raw=58          stable=9.80      anomalies=3
2026-06-02T13:27:01.257  READ   raw=08          stable=9.80      anomalies=4
2026-06-02T13:27:01.382  READ   raw=None        stable=9.80      anomalies=4
2026-06-02T13:27:01.506  READ   raw=None        stable=9.80      anomalies=4
2026-06-02T13:27:01.630  READ   raw=None        stable=9.80      anomalies=4
2026-06-02T13:27:01.759  READ   raw=None        stable=9.80      anomalies=4
2026-06-02T13:27:01.896  READ   raw=None        stable=9.80      anomalies=4
2026-06-02T13:27:02.035  READ   raw=None        stable=9.80      anomalies=4
2026-06-02T13:27:02.173  READ   raw=None        stable=9.80      anomalies=4
2026-06-02T13:27:02.311  READ   raw=None        stable=9.80      anomalies=4
2026-06-02T13:27:02.448  READ   raw=None        stable=9.80      anomalies=4
2026-06-02T13:27:02.585  READ   raw=None        stable=9.80      anomalies=4
2026-06-02T13:27:02.722  READ   raw=None        stable=9.80      anomalies=4
2026-06-02T13:27:02.859  READ   raw=None        stable=9.80      anomalies=4
2026-06-02T13:27:03.009  READ   raw=None        stable=9.80      anomalies=4
2026-06-02T13:27:03.148  READ   raw=None        stable=9.80      anomalies=4
2026-06-02T13:27:03.287  READ   raw=None        stable=9.80      anomalies=4
2026-06-02T13:27:03.423  READ   raw=None        stable=9.80      anomalies=4
2026-06-02T13:27:03.560  READ   raw=None        stable=9.80      anomalies=4
2026-06-02T13:27:03.697  READ   raw=None        stable=9.80      anomalies=4
2026-06-02T13:27:03.834  READ   raw=None        stable=9.80      anomalies=4
2026-06-02T13:27:03.972  READ   raw=None        stable=9.80      anomalies=4
2026-06-02T13:27:04.109  READ   raw=None        stable=9.80      anomalies=4
2026-06-02T13:27:04.250  READ   raw=None        stable=9.80      anomalies=4
2026-06-02T13:27:04.387  READ   raw=None        stable=9.80      anomalies=4
2026-06-02T13:27:04.526  READ   raw=None        stable=9.80      anomalies=4
2026-06-02T13:27:04.664  READ   raw=None        stable=9.80      anomalies=4
2026-06-02T13:27:04.801  READ   raw=None        stable=9.80      anomalies=4
2026-06-02T13:27:04.939  READ   raw=None        stable=9.80      anomalies=4
2026-06-02T13:27:05.064  READ   raw=None        stable=9.80      anomalies=4
2026-06-02T13:27:05.188  READ   raw=None        stable=9.80      anomalies=4
2026-06-02T13:27:05.312  READ   raw=None        stable=9.80      anomalies=4
2026-06-02T13:27:05.438  READ   raw=None        stable=9.80      anomalies=4
2026-06-02T13:27:05.566  READ   raw=None        stable=9.80      anomalies=4
2026-06-02T13:27:05.691  READ   raw=None        stable=9.80      anomalies=4
2026-06-02T13:27:05.818  READ   raw=None        stable=9.80      anomalies=4
2026-06-02T13:27:05.944  READ   raw=None        stable=9.80      anomalies=4
2026-06-02T13:27:06.069  READ   raw=None        stable=9.80      anomalies=4
2026-06-02T13:27:06.196  READ   raw=None        stable=9.80      anomalies=4
2026-06-02T13:27:06.321  READ   raw=None        stable=9.80      anomalies=4
2026-06-02T13:27:06.446  READ   raw=None        stable=9.80      anomalies=4
2026-06-02T13:27:06.570  READ   raw=None        stable=9.80      anomalies=4
2026-06-02T13:27:06.695  READ   raw=None        stable=9.80      anomalies=4
2026-06-02T13:27:06.818  READ   raw=None        stable=9.80      anomalies=4
2026-06-02T13:27:06.945  READ   raw=None        stable=9.80      anomalies=4
2026-06-02T13:27:07.071  READ   raw=None        stable=9.80      anomalies=4
2026-06-02T13:27:07.195  READ   raw=None        stable=9.80      anomalies=4
2026-06-02T13:27:07.320  READ   raw=None        stable=9.80      anomalies=4
2026-06-02T13:27:07.446  READ   raw=None        stable=9.80      anomalies=4
2026-06-02T13:27:07.573  READ   raw=None        stable=9.80      anomalies=4
2026-06-02T13:27:07.698  READ   raw=None        stable=9.80      anomalies=4
2026-06-02T13:27:07.823  READ   raw=None        stable=9.80      anomalies=4
2026-06-02T13:27:07.948  READ   raw=None        stable=9.80      anomalies=4
2026-06-02T13:27:08.074  READ   raw=None        stable=9.80      anomalies=4
2026-06-02T13:27:08.199  READ   raw=None        stable=9.80      anomalies=4
2026-06-02T13:27:08.325  READ   raw=None        stable=9.80      anomalies=4
2026-06-02T13:27:08.449  READ   raw=None        stable=9.80      anomalies=4
2026-06-02T13:27:08.575  READ   raw=None        stable=9.80      anomalies=4
2026-06-02T13:27:08.700  READ   raw=None        stable=9.80      anomalies=4
2026-06-02T13:27:08.825  READ   raw=None        stable=9.80      anomalies=4
2026-06-02T13:27:08.949  READ   raw=None        stable=9.80      anomalies=4
2026-06-02T13:27:09.074  READ   raw=None        stable=9.80      anomalies=4
2026-06-02T13:27:09.198  READ   raw=None        stable=9.80      anomalies=4
2026-06-02T13:27:09.323  READ   raw=None        stable=9.80      anomalies=4
2026-06-02T13:27:09.450  READ   raw=None        stable=9.80      anomalies=4
2026-06-02T13:27:09.574  READ   raw=None        stable=9.80      anomalies=4
2026-06-02T13:27:09.699  READ   raw=None        stable=9.80      anomalies=4
2026-06-02T13:27:09.838  READ   raw=None        stable=9.80      anomalies=4
2026-06-02T13:27:09.975  READ   raw=None        stable=9.80      anomalies=4
2026-06-02T13:27:10.114  READ   raw=None        stable=9.80      anomalies=4
2026-06-02T13:27:10.286  READ   raw=None        stable=9.80      anomalies=4
2026-06-02T13:27:10.443  READ   raw=None        stable=9.80      anomalies=4
2026-06-02T13:27:10.581  READ   raw=None        stable=9.80      anomalies=4
2026-06-02T13:27:10.719  READ   raw=7           stable=9.80      anomalies=5
2026-06-02T13:27:10.856  READ   raw=None        stable=9.80      anomalies=5
2026-06-02T13:27:10.994  READ   raw=None        stable=9.80      anomalies=5
2026-06-02T13:27:11.130  READ   raw=None        stable=9.80      anomalies=5
2026-06-02T13:27:11.268  READ   raw=None        stable=9.80      anomalies=5
2026-06-02T13:27:11.404  READ   raw=None        stable=9.80      anomalies=5
2026-06-02T13:27:11.544  READ   raw=None        stable=9.80      anomalies=5
2026-06-02T13:27:11.681  READ   raw=None        stable=9.80      anomalies=5
2026-06-02T13:27:11.819  READ   raw=None        stable=9.80      anomalies=5
2026-06-02T13:27:11.956  READ   raw=None        stable=9.80      anomalies=5
2026-06-02T13:27:12.094  READ   raw=None        stable=9.80      anomalies=5
2026-06-02T13:27:12.230  READ   raw=None        stable=9.80      anomalies=5
2026-06-02T13:27:12.370  READ   raw=None        stable=9.80      anomalies=5
2026-06-02T13:27:12.508  READ   raw=None        stable=9.80      anomalies=5
2026-06-02T13:27:12.645  READ   raw=None        stable=9.80      anomalies=5
2026-06-02T13:27:12.782  READ   raw=None        stable=9.80      anomalies=5
2026-06-02T13:27:12.923  READ   raw=None        stable=9.80      anomalies=5
2026-06-02T13:27:13.061  READ   raw=None        stable=9.80      anomalies=5
2026-06-02T13:27:13.197  READ   raw=None        stable=9.80      anomalies=5
2026-06-02T13:27:13.338  READ   raw=None        stable=9.80      anomalies=5
2026-06-02T13:27:13.474  READ   raw=None        stable=9.80      anomalies=5
2026-06-02T13:27:13.612  READ   raw=None        stable=9.80      anomalies=5
2026-06-02T13:27:13.749  READ   raw=None        stable=9.80      anomalies=5
2026-06-02T13:27:13.887  READ   raw=None        stable=9.80      anomalies=5
2026-06-02T13:27:14.026  READ   raw=None        stable=9.80      anomalies=5
2026-06-02T13:27:14.164  READ   raw=None        stable=9.80      anomalies=5
2026-06-02T13:27:14.301  READ   raw=None        stable=9.80      anomalies=5
2026-06-02T13:27:14.438  READ   raw=None        stable=9.80      anomalies=5
2026-06-02T13:27:14.576  READ   raw=None        stable=9.80      anomalies=5
2026-06-02T13:27:14.714  READ   raw=None        stable=9.80      anomalies=5
2026-06-02T13:27:14.850  READ   raw=None        stable=9.80      anomalies=5
2026-06-02T13:27:14.983  READ   raw=None        stable=9.80      anomalies=5
2026-06-02T13:27:15.108  READ   raw=None        stable=9.80      anomalies=5
2026-06-02T13:27:15.233  READ   raw=None        stable=9.80      anomalies=5
2026-06-02T13:27:15.357  READ   raw=None        stable=9.80      anomalies=5
2026-06-02T13:27:15.482  READ   raw=None        stable=9.80      anomalies=5
2026-06-02T13:27:15.607  READ   raw=None        stable=9.80      anomalies=5
2026-06-02T13:27:15.731  READ   raw=None        stable=9.80      anomalies=5
2026-06-02T13:27:15.857  READ   raw=None        stable=9.80      anomalies=5
2026-06-02T13:27:15.982  READ   raw=None        stable=9.80      anomalies=5
2026-06-02T13:27:16.105  READ   raw=None        stable=9.80      anomalies=5
2026-06-02T13:27:16.229  READ   raw=None        stable=9.80      anomalies=5
2026-06-02T13:27:16.354  READ   raw=None        stable=9.80      anomalies=5
2026-06-02T13:27:16.479  READ   raw=None        stable=9.80      anomalies=5
2026-06-02T13:27:16.603  READ   raw=None        stable=9.80      anomalies=5
2026-06-02T13:27:16.726  READ   raw=None        stable=9.80      anomalies=5
2026-06-02T13:27:16.850  READ   raw=None        stable=9.80      anomalies=5
2026-06-02T13:27:16.973  READ   raw=None        stable=9.80      anomalies=5
2026-06-02T13:27:17.098  READ   raw=None        stable=9.80      anomalies=5
2026-06-02T13:27:17.222  READ   raw=None        stable=9.80      anomalies=5
2026-06-02T13:27:17.346  READ   raw=None        stable=9.80      anomalies=5
2026-06-02T13:27:17.470  READ   raw=None        stable=9.80      anomalies=5
2026-06-02T13:27:17.595  READ   raw=None        stable=9.80      anomalies=5
2026-06-02T13:27:17.721  READ   raw=None        stable=9.80      anomalies=5
2026-06-02T13:27:17.846  READ   raw=None        stable=9.80      anomalies=5
2026-06-02T13:27:17.971  READ   raw=None        stable=9.80      anomalies=5
2026-06-02T13:27:18.101  READ   raw=None        stable=9.80      anomalies=5
2026-06-02T13:27:18.225  READ   raw=None        stable=9.80      anomalies=5
2026-06-02T13:27:18.356  READ   raw=None        stable=9.80      anomalies=5
2026-06-02T13:27:18.480  READ   raw=None        stable=9.80      anomalies=5
2026-06-02T13:27:18.604  READ   raw=None        stable=9.80      anomalies=5
2026-06-02T13:27:18.729  READ   raw=None        stable=9.80      anomalies=5
2026-06-02T13:27:18.858  READ   raw=4           stable=9.80      anomalies=6
2026-06-02T13:27:18.991  READ   raw=3           stable=9.80      anomalies=7
2026-06-02T13:27:19.126  READ   raw=7           stable=9.80      anomalies=8
2026-06-02T13:27:19.271  READ   raw=None        stable=9.80      anomalies=8
2026-06-02T13:27:19.429  READ   raw=None        stable=9.80      anomalies=8
2026-06-02T13:27:19.642  READ   raw=None        stable=9.80      anomalies=8
2026-06-02T13:27:19.802  READ   raw=None        stable=9.80      anomalies=8
2026-06-02T13:27:19.960  READ   raw=None        stable=9.80      anomalies=8
2026-06-02T13:27:20.106  READ   raw=None        stable=9.80      anomalies=8
2026-06-02T13:27:20.251  READ   raw=None        stable=9.80      anomalies=8
2026-06-02T13:27:20.395  READ   raw=None        stable=9.80      anomalies=8
2026-06-02T13:27:20.573  READ   raw=None        stable=9.80      anomalies=8
2026-06-02T13:27:20.766  READ   raw=None        stable=9.80      anomalies=8
2026-06-02T13:27:20.926  READ   raw=None        stable=9.80      anomalies=8
2026-06-02T13:27:21.075  READ   raw=None        stable=9.80      anomalies=8
2026-06-02T13:27:21.221  READ   raw=None        stable=9.80      anomalies=8
2026-06-02T13:27:21.360  READ   raw=None        stable=9.80      anomalies=8
2026-06-02T13:27:21.508  READ   raw=None        stable=9.80      anomalies=8
2026-06-02T13:27:21.653  READ   raw=None        stable=9.80      anomalies=8
2026-06-02T13:27:21.797  READ   raw=None        stable=9.80      anomalies=8
2026-06-02T13:27:21.936  READ   raw=None        stable=9.80      anomalies=8
2026-06-02T13:27:22.072  READ   raw=None        stable=9.80      anomalies=8
2026-06-02T13:27:22.217  READ   raw=None        stable=9.80      anomalies=8
2026-06-02T13:27:22.354  READ   raw=None        stable=9.80      anomalies=8
2026-06-02T13:27:22.490  READ   raw=None        stable=9.80      anomalies=8
2026-06-02T13:27:22.629  READ   raw=None        stable=9.80      anomalies=8
2026-06-02T13:27:22.774  READ   raw=None        stable=9.80      anomalies=8
2026-06-02T13:27:22.920  READ   raw=None        stable=9.80      anomalies=8
2026-06-02T13:27:23.065  READ   raw=None        stable=9.80      anomalies=8
2026-06-02T13:27:23.209  READ   raw=None        stable=9.80      anomalies=8
2026-06-02T13:27:23.355  READ   raw=None        stable=9.80      anomalies=8
2026-06-02T13:27:23.499  READ   raw=None        stable=9.80      anomalies=8
2026-06-02T13:27:23.643  READ   raw=None        stable=9.80      anomalies=8
2026-06-02T13:27:23.789  READ   raw=None        stable=9.80      anomalies=8
2026-06-02T13:27:23.935  READ   raw=None        stable=9.80      anomalies=8
2026-06-02T13:27:24.081  READ   raw=None        stable=9.80      anomalies=8
2026-06-02T13:27:24.225  READ   raw=None        stable=9.80      anomalies=8
2026-06-02T13:27:24.371  READ   raw=None        stable=9.80      anomalies=8
2026-06-02T13:27:24.515  READ   raw=None        stable=9.80      anomalies=8
2026-06-02T13:27:24.664  READ   raw=None        stable=9.80      anomalies=8
2026-06-02T13:27:24.815  READ   raw=None        stable=9.80      anomalies=8
2026-06-02T13:27:24.959  READ   raw=None        stable=9.80      anomalies=8
2026-06-02T13:27:25.105  READ   raw=None        stable=9.80      anomalies=8
2026-06-02T13:27:25.244  READ   raw=None        stable=9.80      anomalies=8
2026-06-02T13:27:25.393  READ   raw=None        stable=9.80      anomalies=8
2026-06-02T13:27:25.539  READ   raw=None        stable=9.80      anomalies=8
2026-06-02T13:27:25.685  READ   raw=None        stable=9.80      anomalies=8
2026-06-02T13:27:25.808  READ   raw=None        stable=9.80      anomalies=8
2026-06-02T13:27:25.933  READ   raw=None        stable=9.80      anomalies=8
2026-06-02T13:27:26.056  READ   raw=None        stable=9.80      anomalies=8
2026-06-02T13:27:26.181  READ   raw=None        stable=9.80      anomalies=8
2026-06-02T13:27:26.305  READ   raw=None        stable=9.80      anomalies=8
2026-06-02T13:27:26.431  READ   raw=None        stable=9.80      anomalies=8
2026-06-02T13:27:26.556  READ   raw=None        stable=9.80      anomalies=8
2026-06-02T13:27:26.683  READ   raw=None        stable=9.80      anomalies=8
2026-06-02T13:27:26.807  READ   raw=None        stable=9.80      anomalies=8
2026-06-02T13:27:26.932  READ   raw=None        stable=9.80      anomalies=8
2026-06-02T13:27:27.056  READ   raw=None        stable=9.80      anomalies=8
2026-06-02T13:27:27.180  READ   raw=None        stable=9.80      anomalies=8
2026-06-02T13:27:27.305  READ   raw=None        stable=9.80      anomalies=8
2026-06-02T13:27:27.432  READ   raw=None        stable=9.80      anomalies=8
2026-06-02T13:27:27.557  READ   raw=None        stable=9.80      anomalies=8
2026-06-02T13:27:27.682  READ   raw=None        stable=9.80      anomalies=8
2026-06-02T13:27:27.806  READ   raw=None        stable=9.80      anomalies=8
2026-06-02T13:27:27.932  READ   raw=None        stable=9.80      anomalies=8
2026-06-02T13:27:28.056  READ   raw=None        stable=9.80      anomalies=8
2026-06-02T13:27:28.181  READ   raw=None        stable=9.80      anomalies=8
2026-06-02T13:27:28.321  READ   raw=None        stable=9.80      anomalies=8
2026-06-02T13:27:28.445  READ   raw=None        stable=9.80      anomalies=8
2026-06-02T13:27:28.570  READ   raw=None        stable=9.80      anomalies=8
2026-06-02T13:27:28.694  READ   raw=None        stable=9.80      anomalies=8
2026-06-02T13:27:28.818  READ   raw=None        stable=9.80      anomalies=8
2026-06-02T13:27:28.943  READ   raw=None        stable=9.80      anomalies=8
2026-06-02T13:27:29.066  READ   raw=None        stable=9.80      anomalies=8
2026-06-02T13:27:29.191  READ   raw=None        stable=9.80      anomalies=8
2026-06-02T13:27:29.366  READ   raw=None        stable=9.80      anomalies=8
2026-06-02T13:27:29.501  READ   raw=None        stable=9.80      anomalies=8
2026-06-02T13:27:29.627  READ   raw=None        stable=9.80      anomalies=8
2026-06-02T13:27:29.758  READ   raw=None        stable=9.80      anomalies=8
2026-06-02T13:27:29.884  READ   raw=None        stable=9.80      anomalies=8
2026-06-02T13:27:30.012  READ   raw=5           stable=9.80      anomalies=9
2026-06-02T13:27:30.139  READ   raw=None        stable=9.80      anomalies=9
2026-06-02T13:27:30.267  READ   raw=None        stable=9.80      anomalies=9
2026-06-02T13:27:30.396  READ   raw=7           stable=9.80      anomalies=10
2026-06-02T13:27:30.535  READ   raw=None        stable=9.80      anomalies=10
2026-06-02T13:27:30.672  READ   raw=932         stable=9.32      anomalies=0
2026-06-02T13:27:30.809  READ   raw=932         stable=9.32      anomalies=0
2026-06-02T13:27:30.935  READ   raw=None        stable=9.32      anomalies=0
2026-06-02T13:27:31.059  READ   raw=None        stable=9.32      anomalies=0
2026-06-02T13:27:31.186  READ   raw=None        stable=9.32      anomalies=0
2026-06-02T13:27:31.315  READ   raw=2           stable=9.32      anomalies=1
2026-06-02T13:27:31.448  READ   raw=2           stable=9.32      anomalies=2
2026-06-02T13:27:31.622  READ   raw=None        stable=9.32      anomalies=2
2026-06-02T13:27:31.746  READ   raw=None        stable=9.32      anomalies=2
2026-06-02T13:27:31.870  READ   raw=None        stable=9.32      anomalies=2
2026-06-02T13:27:31.996  READ   raw=None        stable=9.32      anomalies=2
2026-06-02T13:27:32.122  READ   raw=None        stable=9.32      anomalies=2
2026-06-02T13:27:32.251  READ   raw=None        stable=9.32      anomalies=2
2026-06-02T13:27:32.374  READ   raw=None        stable=9.32      anomalies=2
2026-06-02T13:27:32.499  READ   raw=None        stable=9.32      anomalies=2
2026-06-02T13:27:32.624  READ   raw=None        stable=9.32      anomalies=2
2026-06-02T13:27:32.754  READ   raw=None        stable=9.32      anomalies=2
2026-06-02T13:27:32.882  READ   raw=None        stable=9.32      anomalies=2
2026-06-02T13:27:33.008  READ   raw=None        stable=9.32      anomalies=2
2026-06-02T13:27:33.132  READ   raw=None        stable=9.32      anomalies=2
2026-06-02T13:27:33.258  READ   raw=None        stable=9.32      anomalies=2
2026-06-02T13:27:33.393  READ   raw=None        stable=9.32      anomalies=2
2026-06-02T13:27:33.518  READ   raw=None        stable=9.32      anomalies=2
2026-06-02T13:27:33.644  READ   raw=None        stable=9.32      anomalies=2
2026-06-02T13:27:33.769  READ   raw=None        stable=9.32      anomalies=2
2026-06-02T13:27:33.892  READ   raw=None        stable=9.32      anomalies=2
2026-06-02T13:27:34.019  READ   raw=None        stable=9.32      anomalies=2
2026-06-02T13:27:34.146  READ   raw=None        stable=9.32      anomalies=2
2026-06-02T13:27:34.269  READ   raw=None        stable=9.32      anomalies=2
2026-06-02T13:27:34.394  READ   raw=None        stable=9.32      anomalies=2
2026-06-02T13:27:34.517  READ   raw=None        stable=9.32      anomalies=2
2026-06-02T13:27:34.643  READ   raw=None        stable=9.32      anomalies=2
2026-06-02T13:27:34.786  READ   raw=None        stable=9.32      anomalies=2
2026-06-02T13:27:34.919  READ   raw=8           stable=9.32      anomalies=3
2026-06-02T13:27:35.051  READ   raw=8           stable=9.32      anomalies=4
2026-06-02T13:27:35.183  READ   raw=8           stable=9.32      anomalies=5
2026-06-02T13:27:35.314  READ   raw=8           stable=9.32      anomalies=6
2026-06-02T13:27:35.449  READ   raw=8           stable=9.32      anomalies=7
2026-06-02T13:27:35.582  READ   raw=8           stable=9.32      anomalies=8
2026-06-02T13:27:35.713  READ   raw=8           stable=9.32      anomalies=9
2026-06-02T13:27:35.844  READ   raw=8           stable=9.32      anomalies=10
2026-06-02T13:27:35.970  READ   raw=None        stable=9.32      anomalies=10
2026-06-02T13:27:36.097  READ   raw=None        stable=9.32      anomalies=10
2026-06-02T13:27:36.223  READ   raw=None        stable=9.32      anomalies=10
2026-06-02T13:27:36.359  READ   raw=None        stable=9.32      anomalies=10
2026-06-02T13:27:36.494  READ   raw=None        stable=9.32      anomalies=10
2026-06-02T13:27:36.629  READ   raw=None        stable=9.32      anomalies=10
2026-06-02T13:27:36.758  READ   raw=None        stable=9.32      anomalies=10
2026-06-02T13:27:36.882  READ   raw=None        stable=9.32      anomalies=10
2026-06-02T13:27:37.008  READ   raw=None        stable=9.32      anomalies=10
2026-06-02T13:27:37.135  READ   raw=None        stable=9.32      anomalies=10
2026-06-02T13:27:37.262  READ   raw=None        stable=9.32      anomalies=10
2026-06-02T13:27:37.388  READ   raw=None        stable=9.32      anomalies=10
2026-06-02T13:27:37.513  READ   raw=None        stable=9.32      anomalies=10
2026-06-02T13:27:37.644  READ   raw=9           stable=9.32      anomalies=11
2026-06-02T13:27:37.776  READ   raw=9           stable=9.32      anomalies=12
2026-06-02T13:27:37.911  READ   raw=9           stable=9.32      anomalies=13
2026-06-02T13:27:38.036  READ   raw=None        stable=9.32      anomalies=13
2026-06-02T13:27:38.168  READ   raw=9           stable=9.32      anomalies=14
2026-06-02T13:27:38.292  READ   raw=None        stable=9.32      anomalies=14
2026-06-02T13:27:38.418  READ   raw=None        stable=9.32      anomalies=14
2026-06-02T13:27:38.543  READ   raw=None        stable=9.32      anomalies=14
2026-06-02T13:27:38.675  READ   raw=8           stable=9.32      anomalies=15
2026-06-02T13:27:38.808  READ   raw=8           stable=9.32      anomalies=16
2026-06-02T13:27:38.942  READ   raw=8           stable=9.32      anomalies=17
2026-06-02T13:27:39.075  READ   raw=8           stable=9.32      anomalies=18
2026-06-02T13:27:39.207  READ   raw=8           stable=9.32      anomalies=19
2026-06-02T13:27:39.340  READ   raw=8           stable=9.32      anomalies=20
2026-06-02T13:27:39.471  READ   raw=8           stable=9.32      anomalies=21
2026-06-02T13:27:39.604  READ   raw=8           stable=9.32      anomalies=22
2026-06-02T13:27:39.736  READ   raw=8           stable=9.32      anomalies=23
2026-06-02T13:27:39.868  READ   raw=None        stable=9.32      anomalies=23
2026-06-02T13:27:39.999  READ   raw=7           stable=9.32      anomalies=24
2026-06-02T13:27:40.130  READ   raw=7           stable=9.32      anomalies=25
2026-06-02T13:27:40.253  READ   raw=None        stable=9.32      anomalies=25
2026-06-02T13:27:40.379  READ   raw=None        stable=9.32      anomalies=25
2026-06-02T13:27:40.503  READ   raw=None        stable=9.32      anomalies=25
2026-06-02T13:27:40.628  READ   raw=None        stable=9.32      anomalies=25
2026-06-02T13:27:40.753  READ   raw=None        stable=9.32      anomalies=25
2026-06-02T13:27:40.891  READ   raw=927         stable=9.27      anomalies=0
2026-06-02T13:27:41.029  READ   raw=927         stable=9.27      anomalies=0
2026-06-02T13:27:41.165  READ   raw=928         stable=9.27      anomalies=0
2026-06-02T13:27:41.302  READ   raw=928         stable=9.27      anomalies=0
2026-06-02T13:27:41.439  READ   raw=928         stable=9.28      anomalies=0
2026-06-02T13:27:41.576  READ   raw=28          stable=9.28      anomalies=1
2026-06-02T13:27:41.713  READ   raw=28          stable=9.28      anomalies=2
2026-06-02T13:27:41.851  READ   raw=928         stable=9.28      anomalies=0
2026-06-02T13:27:41.988  READ   raw=928         stable=9.28      anomalies=0
2026-06-02T13:27:42.126  READ   raw=928         stable=9.28      anomalies=0
2026-06-02T13:27:42.262  READ   raw=928         stable=9.28      anomalies=0
2026-06-02T13:27:42.398  READ   raw=None        stable=9.28      anomalies=0
2026-06-02T13:27:42.538  READ   raw=932         stable=9.28      anomalies=0
2026-06-02T13:27:42.674  READ   raw=7           stable=9.28      anomalies=1
2026-06-02T13:27:42.811  READ   raw=932         stable=9.28      anomalies=0
2026-06-02T13:27:42.949  READ   raw=932         stable=9.28      anomalies=0
2026-06-02T13:27:43.086  READ   raw=932         stable=9.32      anomalies=0
2026-06-02T13:27:43.224  READ   raw=None        stable=9.32      anomalies=0
2026-06-02T13:27:43.361  READ   raw=932         stable=9.32      anomalies=0
2026-06-02T13:27:43.497  READ   raw=932         stable=9.32      anomalies=0
2026-06-02T13:27:43.633  READ   raw=934         stable=9.32      anomalies=0
2026-06-02T13:27:43.772  READ   raw=934         stable=9.32      anomalies=0
2026-06-02T13:27:43.909  READ   raw=934         stable=9.32      anomalies=0
2026-06-02T13:27:44.046  READ   raw=934         stable=9.34      anomalies=0
2026-06-02T13:27:44.183  READ   raw=934         stable=9.34      anomalies=0
2026-06-02T13:27:44.319  READ   raw=934         stable=9.34      anomalies=0
2026-06-02T13:27:44.457  READ   raw=934         stable=9.34      anomalies=0
2026-06-02T13:27:44.597  READ   raw=934         stable=9.34      anomalies=0
2026-06-02T13:27:44.735  READ   raw=934         stable=9.34      anomalies=0
2026-06-02T13:27:44.872  READ   raw=934         stable=9.34      anomalies=0
2026-06-02T13:27:45.009  READ   raw=934         stable=9.34      anomalies=0
2026-06-02T13:27:45.146  READ   raw=924         stable=9.34      anomalies=0
2026-06-02T13:27:45.281  READ   raw=7           stable=9.34      anomalies=1
2026-06-02T13:27:45.413  READ   raw=None        stable=9.34      anomalies=1
2026-06-02T13:27:45.545  READ   raw=None        stable=9.34      anomalies=1
2026-06-02T13:27:45.679  READ   raw=None        stable=9.34      anomalies=1
2026-06-02T13:27:45.802  READ   raw=None        stable=9.34      anomalies=1
2026-06-02T13:27:45.940  READ   raw=None        stable=9.34      anomalies=1
2026-06-02T13:27:46.063  READ   raw=None        stable=9.24      anomalies=1
2026-06-02T13:27:46.189  READ   raw=None        stable=9.24      anomalies=1
2026-06-02T13:27:46.312  READ   raw=None        stable=9.24      anomalies=1
2026-06-02T13:27:46.437  READ   raw=None        stable=9.24      anomalies=1
2026-06-02T13:27:46.562  READ   raw=None        stable=9.24      anomalies=1
2026-06-02T13:27:46.687  READ   raw=None        stable=9.24      anomalies=1
2026-06-02T13:27:46.811  READ   raw=None        stable=9.24      anomalies=1
2026-06-02T13:27:46.937  READ   raw=None        stable=9.24      anomalies=1
2026-06-02T13:27:47.061  READ   raw=None        stable=9.24      anomalies=1
2026-06-02T13:27:47.185  READ   raw=None        stable=9.24      anomalies=1
2026-06-02T13:27:47.309  READ   raw=None        stable=9.24      anomalies=1
2026-06-02T13:27:47.435  READ   raw=None        stable=9.24      anomalies=1
2026-06-02T13:27:47.560  READ   raw=None        stable=9.24      anomalies=1
2026-06-02T13:27:47.684  READ   raw=None        stable=9.24      anomalies=1
2026-06-02T13:27:47.809  READ   raw=None        stable=9.24      anomalies=1
2026-06-02T13:27:47.934  READ   raw=None        stable=9.24      anomalies=1
2026-06-02T13:27:48.081  READ   raw=0           stable=9.24      anomalies=2
2026-06-02T13:27:48.226  READ   raw=7           stable=9.24      anomalies=3
2026-06-02T13:27:48.371  READ   raw=None        stable=9.24      anomalies=3
2026-06-02T13:27:48.515  READ   raw=None        stable=9.24      anomalies=3
2026-06-02T13:27:48.669  READ   raw=7           stable=9.24      anomalies=4
2026-06-02T13:27:48.794  READ   raw=None        stable=9.24      anomalies=4
2026-06-02T13:27:48.920  READ   raw=None        stable=9.24      anomalies=4
2026-06-02T13:27:49.055  READ   raw=7           stable=9.24      anomalies=5
2026-06-02T13:27:49.180  READ   raw=None        stable=9.24      anomalies=5
2026-06-02T13:27:49.304  READ   raw=None        stable=9.24      anomalies=5
2026-06-02T13:27:49.429  READ   raw=None        stable=9.24      anomalies=5
2026-06-02T13:27:49.560  READ   raw=None        stable=9.24      anomalies=5
2026-06-02T13:27:49.687  READ   raw=None        stable=9.24      anomalies=5
2026-06-02T13:27:49.813  READ   raw=None        stable=9.24      anomalies=5
2026-06-02T13:27:49.939  READ   raw=None        stable=9.24      anomalies=5
2026-06-02T13:27:50.063  READ   raw=None        stable=9.24      anomalies=5
2026-06-02T13:27:50.187  READ   raw=None        stable=9.24      anomalies=5
2026-06-02T13:27:50.311  READ   raw=None        stable=9.24      anomalies=5
2026-06-02T13:27:50.435  READ   raw=None        stable=9.24      anomalies=5
2026-06-02T13:27:50.573  READ   raw=None        stable=9.24      anomalies=5
2026-06-02T13:27:50.700  READ   raw=None        stable=9.24      anomalies=5
2026-06-02T13:27:50.825  READ   raw=None        stable=9.24      anomalies=5
2026-06-02T13:27:50.949  READ   raw=None        stable=9.24      anomalies=5
2026-06-02T13:27:51.076  READ   raw=None        stable=9.24      anomalies=5
2026-06-02T13:27:51.200  READ   raw=None        stable=9.24      anomalies=5
2026-06-02T13:27:51.325  READ   raw=None        stable=9.24      anomalies=5
2026-06-02T13:27:51.452  READ   raw=None        stable=9.24      anomalies=5
2026-06-02T13:27:51.578  READ   raw=None        stable=9.24      anomalies=5
2026-06-02T13:27:51.701  READ   raw=None        stable=9.24      anomalies=5
2026-06-02T13:27:51.825  READ   raw=None        stable=9.24      anomalies=5
2026-06-02T13:27:51.950  READ   raw=None        stable=9.24      anomalies=5
2026-06-02T13:27:52.077  READ   raw=None        stable=9.24      anomalies=5
2026-06-02T13:27:52.202  READ   raw=None        stable=9.24      anomalies=5
2026-06-02T13:27:52.330  READ   raw=None        stable=9.24      anomalies=5
2026-06-02T13:27:52.454  READ   raw=None        stable=9.24      anomalies=5
2026-06-02T13:27:52.579  READ   raw=None        stable=9.24      anomalies=5
2026-06-02T13:27:52.705  READ   raw=None        stable=9.24      anomalies=5
2026-06-02T13:27:52.829  READ   raw=None        stable=9.24      anomalies=5
2026-06-02T13:27:52.953  READ   raw=None        stable=9.24      anomalies=5
2026-06-02T13:27:53.080  READ   raw=None        stable=9.24      anomalies=5
2026-06-02T13:27:53.203  READ   raw=None        stable=9.24      anomalies=5
2026-06-02T13:27:53.329  READ   raw=None        stable=9.24      anomalies=5
2026-06-02T13:27:53.452  READ   raw=None        stable=9.24      anomalies=5
2026-06-02T13:27:53.577  READ   raw=None        stable=9.24      anomalies=5
2026-06-02T13:27:53.701  READ   raw=None        stable=9.24      anomalies=5
2026-06-02T13:27:53.826  READ   raw=None        stable=9.24      anomalies=5
2026-06-02T13:27:53.951  READ   raw=None        stable=9.24      anomalies=5
2026-06-02T13:27:54.075  READ   raw=None        stable=9.24      anomalies=5
2026-06-02T13:27:54.199  READ   raw=None        stable=9.24      anomalies=5
2026-06-02T13:27:54.324  READ   raw=None        stable=9.24      anomalies=5
2026-06-02T13:27:54.451  READ   raw=None        stable=9.24      anomalies=5
2026-06-02T13:27:54.577  READ   raw=None        stable=9.24      anomalies=5
2026-06-02T13:27:54.701  READ   raw=None        stable=9.24      anomalies=5
2026-06-02T13:27:54.826  READ   raw=None        stable=9.24      anomalies=5
2026-06-02T13:27:54.949  READ   raw=None        stable=9.24      anomalies=5
2026-06-02T13:27:55.075  READ   raw=None        stable=9.24      anomalies=5
2026-06-02T13:27:55.203  READ   raw=None        stable=9.24      anomalies=5
2026-06-02T13:27:55.327  READ   raw=None        stable=9.24      anomalies=5
2026-06-02T13:27:55.451  READ   raw=None        stable=9.24      anomalies=5
2026-06-02T13:27:55.575  READ   raw=None        stable=9.24      anomalies=5
2026-06-02T13:27:55.698  READ   raw=None        stable=9.24      anomalies=5
2026-06-02T13:27:55.823  READ   raw=None        stable=9.24      anomalies=5
2026-06-02T13:27:55.948  READ   raw=None        stable=9.24      anomalies=5
2026-06-02T13:27:56.086  READ   raw=903         stable=9.03      anomalies=0
2026-06-02T13:27:56.223  READ   raw=903         stable=9.03      anomalies=0
2026-06-02T13:27:56.371  READ   raw=None        stable=9.03      anomalies=0
2026-06-02T13:27:56.506  READ   raw=None        stable=9.03      anomalies=0
2026-06-02T13:27:56.652  READ   raw=None        stable=9.03      anomalies=0
2026-06-02T13:27:56.794  READ   raw=7           stable=9.03      anomalies=1
2026-06-02T13:27:56.918  READ   raw=None        stable=9.03      anomalies=1
2026-06-02T13:27:57.054  READ   raw=93          stable=9.03      anomalies=0
2026-06-02T13:27:57.192  READ   raw=95          stable=9.03      anomalies=0
2026-06-02T13:27:57.330  READ   raw=395         stable=9.30      anomalies=1
2026-06-02T13:27:57.468  READ   raw=395         stable=9.30      anomalies=2
2026-06-02T13:27:57.606  READ   raw=395         stable=9.30      anomalies=3
2026-06-02T13:27:57.744  READ   raw=395         stable=9.30      anomalies=4
2026-06-02T13:27:57.881  READ   raw=395         stable=9.30      anomalies=5
2026-06-02T13:27:58.018  READ   raw=395         stable=9.30      anomalies=6
2026-06-02T13:27:58.156  READ   raw=390         stable=9.50      anomalies=7
2026-06-02T13:27:58.296  READ   raw=390         stable=9.50      anomalies=8
2026-06-02T13:27:58.433  READ   raw=390         stable=9.50      anomalies=9
2026-06-02T13:27:58.570  READ   raw=390         stable=9.50      anomalies=10
2026-06-02T13:27:58.708  READ   raw=390         stable=9.50      anomalies=11
2026-06-02T13:27:58.844  READ   raw=390         stable=9.50      anomalies=12
2026-06-02T13:27:58.980  READ   raw=390         stable=9.50      anomalies=13
2026-06-02T13:27:59.111  READ   raw=0           stable=9.50      anomalies=14
2026-06-02T13:27:59.234  READ   raw=None        stable=9.50      anomalies=14
2026-06-02T13:27:59.359  READ   raw=None        stable=9.50      anomalies=14
2026-06-02T13:27:59.484  READ   raw=None        stable=9.50      anomalies=14
2026-06-02T13:27:59.611  READ   raw=None        stable=9.50      anomalies=14
2026-06-02T13:27:59.735  READ   raw=None        stable=9.50      anomalies=14
2026-06-02T13:27:59.862  READ   raw=None        stable=9.50      anomalies=14
2026-06-02T13:27:59.990  READ   raw=None        stable=9.50      anomalies=14
2026-06-02T13:28:00.114  READ   raw=None        stable=9.50      anomalies=14
2026-06-02T13:28:00.240  READ   raw=None        stable=9.50      anomalies=14
2026-06-02T13:28:00.365  READ   raw=None        stable=9.50      anomalies=14
2026-06-02T13:28:00.491  READ   raw=None        stable=9.50      anomalies=14
2026-06-02T13:28:00.618  READ   raw=None        stable=9.50      anomalies=14
2026-06-02T13:28:00.743  READ   raw=None        stable=9.50      anomalies=14
2026-06-02T13:28:00.867  READ   raw=None        stable=9.50      anomalies=14
2026-06-02T13:28:00.994  READ   raw=None        stable=9.50      anomalies=14
2026-06-02T13:28:01.125  READ   raw=None        stable=9.50      anomalies=14
2026-06-02T13:28:01.261  GPIO   pin=6  state=HIGH  duration_ms=250
2026-06-02T13:28:01.261  READ   raw=885         stable=8.85      anomalies=0  TICKLE
2026-06-02T13:28:01.400  READ   raw=885         stable=8.85      anomalies=0
2026-06-02T13:28:01.512  GPIO   pin=6  state=LOW
2026-06-02T13:28:01.536  GPIO   pin=6  state=HIGH  duration_ms=250
2026-06-02T13:28:01.536  READ   raw=885         stable=8.85      anomalies=0  TICKLE
2026-06-02T13:28:01.672  READ   raw=885         stable=8.85      anomalies=0
2026-06-02T13:28:01.786  GPIO   pin=6  state=LOW
2026-06-02T13:28:01.808  GPIO   pin=6  state=HIGH  duration_ms=250
2026-06-02T13:28:01.808  READ   raw=885         stable=8.85      anomalies=0  TICKLE
2026-06-02T13:28:01.944  READ   raw=885         stable=8.85      anomalies=0
2026-06-02T13:28:02.058  GPIO   pin=6  state=LOW
2026-06-02T13:28:02.080  GPIO   pin=6  state=HIGH  duration_ms=250
2026-06-02T13:28:02.080  READ   raw=885         stable=8.85      anomalies=0  TICKLE
2026-06-02T13:28:02.220  READ   raw=887         stable=8.85      anomalies=0
2026-06-02T13:28:02.330  GPIO   pin=6  state=LOW
2026-06-02T13:28:02.357  GPIO   pin=6  state=HIGH  duration_ms=250
2026-06-02T13:28:02.357  READ   raw=887         stable=8.85      anomalies=0  TICKLE
2026-06-02T13:28:02.496  READ   raw=887         stable=8.85      anomalies=0
2026-06-02T13:28:02.607  GPIO   pin=6  state=LOW
2026-06-02T13:28:02.632  GPIO   pin=6  state=HIGH  duration_ms=250
2026-06-02T13:28:02.632  READ   raw=887         stable=8.85      anomalies=0  TICKLE
2026-06-02T13:28:02.773  READ   raw=None        stable=8.87      anomalies=0
2026-06-02T13:28:02.882  GPIO   pin=6  state=LOW
2026-06-02T13:28:02.931  GPIO   pin=6  state=HIGH  duration_ms=250
2026-06-02T13:28:02.931  READ   raw=80          stable=8.87      anomalies=1  TICKLE
2026-06-02T13:28:03.067  READ   raw=887         stable=8.87      anomalies=0
2026-06-02T13:28:03.181  GPIO   pin=6  state=LOW
2026-06-02T13:28:03.205  GPIO   pin=6  state=HIGH  duration_ms=250
2026-06-02T13:28:03.205  READ   raw=887         stable=8.87      anomalies=0  TICKLE
2026-06-02T13:28:03.345  READ   raw=88          stable=8.87      anomalies=0
2026-06-02T13:28:03.455  GPIO   pin=6  state=LOW
2026-06-02T13:28:03.482  GPIO   pin=6  state=HIGH  duration_ms=250
2026-06-02T13:28:03.482  READ   raw=86          stable=8.87      anomalies=0  TICKLE
2026-06-02T13:28:03.621  READ   raw=86          stable=8.87      anomalies=0
2026-06-02T13:28:03.732  GPIO   pin=6  state=LOW
2026-06-02T13:28:03.758  GPIO   pin=6  state=HIGH  duration_ms=250
2026-06-02T13:28:03.758  READ   raw=886         stable=8.87      anomalies=0  TICKLE
2026-06-02T13:28:03.895  READ   raw=886         stable=8.87      anomalies=0
2026-06-02T13:28:04.008  GPIO   pin=6  state=LOW
2026-06-02T13:28:04.031  GPIO   pin=6  state=HIGH  duration_ms=250
2026-06-02T13:28:04.031  READ   raw=886         stable=8.86      anomalies=0  TICKLE
2026-06-02T13:28:04.170  READ   raw=886         stable=8.86      anomalies=0
2026-06-02T13:28:04.281  GPIO   pin=6  state=LOW
2026-06-02T13:28:04.307  GPIO   pin=6  state=HIGH  duration_ms=250
2026-06-02T13:28:04.307  READ   raw=886         stable=8.86      anomalies=0  TICKLE
2026-06-02T13:28:04.445  READ   raw=886         stable=8.86      anomalies=0
2026-06-02T13:28:04.558  GPIO   pin=6  state=LOW
2026-06-02T13:28:04.581  GPIO   pin=6  state=HIGH  duration_ms=250
2026-06-02T13:28:04.581  READ   raw=886         stable=8.86      anomalies=0  TICKLE
2026-06-02T13:28:04.718  READ   raw=9.16        stable=8.86      anomalies=0
2026-06-02T13:28:04.831  GPIO   pin=6  state=LOW
2026-06-02T13:28:04.855  GPIO   pin=6  state=HIGH  duration_ms=250
2026-06-02T13:28:04.855  READ   raw=916         stable=8.86      anomalies=0  TICKLE
2026-06-02T13:28:04.992  READ   raw=9.16        stable=8.86      anomalies=0
2026-06-02T13:28:05.105  GPIO   pin=6  state=LOW
2026-06-02T13:28:05.132  GPIO   pin=6  state=HIGH  duration_ms=250
2026-06-02T13:28:05.132  READ   raw=916         stable=8.86      anomalies=0  TICKLE
2026-06-02T13:28:05.270  READ   raw=916         stable=9.16      anomalies=0
2026-06-02T13:28:05.382  GPIO   pin=6  state=LOW
2026-06-02T13:28:05.408  READ   raw=None        stable=9.16      anomalies=0
2026-06-02T13:28:05.546  READ   raw=9.16        stable=9.16      anomalies=0
2026-06-02T13:28:05.702  READ   raw=9.16        stable=9.16      anomalies=0
2026-06-02T13:28:05.839  READ   raw=9.16        stable=9.16      anomalies=0
2026-06-02T13:28:05.978  READ   raw=None        stable=9.16      anomalies=0
2026-06-02T13:28:06.115  READ   raw=10          stable=9.16      anomalies=1
2026-06-02T13:28:06.253  READ   raw=10.11       stable=9.16      anomalies=0
2026-06-02T13:28:06.391  READ   raw=10.11       stable=9.16      anomalies=0
2026-06-02T13:28:06.529  READ   raw=10.11       stable=9.16      anomalies=0
2026-06-02T13:28:06.667  READ   raw=10.11       stable=10.11     anomalies=0
2026-06-02T13:28:06.804  READ   raw=1011        stable=10.11     anomalies=0
2026-06-02T13:28:06.941  READ   raw=1011        stable=10.11     anomalies=0
2026-06-02T13:28:07.078  READ   raw=1011.       stable=10.11     anomalies=0
2026-06-02T13:28:07.214  READ   raw=1011        stable=10.11     anomalies=0
2026-06-02T13:28:07.351  READ   raw=1011        stable=10.11     anomalies=0
2026-06-02T13:28:07.491  READ   raw=1132.       stable=10.11     anomalies=0
2026-06-02T13:28:07.628  READ   raw=1132        stable=10.11     anomalies=0
2026-06-02T13:28:07.766  READ   raw=1132.       stable=10.11     anomalies=0
2026-06-02T13:28:07.904  READ   raw=1132.       stable=10.11     anomalies=0
2026-06-02T13:28:08.040  READ   raw=7132        stable=11.32     anomalies=1
2026-06-02T13:28:08.178  READ   raw=7132        stable=11.32     anomalies=2
2026-06-02T13:28:08.315  READ   raw=7132        stable=11.32     anomalies=3
2026-06-02T13:28:08.454  READ   raw=7132        stable=11.32     anomalies=4
2026-06-02T13:28:08.592  READ   raw=7132        stable=11.32     anomalies=5
2026-06-02T13:28:08.730  READ   raw=1242        stable=11.32     anomalies=0
2026-06-02T13:28:08.869  READ   raw=1247.       stable=11.32     anomalies=0
2026-06-02T13:28:09.008  READ   raw=1247.       stable=12.47     anomalies=0
2026-06-02T13:28:09.146  READ   raw=1247.       stable=12.47     anomalies=0
2026-06-02T13:28:09.284  READ   raw=1247.       stable=12.47     anomalies=0
2026-06-02T13:28:09.421  READ   raw=1247.       stable=12.47     anomalies=0
2026-06-02T13:28:09.559  READ   raw=1247.       stable=12.47     anomalies=0
2026-06-02T13:28:09.696  READ   raw=1247.       stable=12.47     anomalies=0
2026-06-02T13:28:09.834  READ   raw=1247.       stable=12.47     anomalies=0
2026-06-02T13:28:09.972  READ   raw=124         stable=12.47     anomalies=0
2026-06-02T13:28:10.109  READ   raw=357.        stable=12.47     anomalies=1
2026-06-02T13:28:10.246  READ   raw=73.50       stable=12.47     anomalies=2
2026-06-02T13:28:10.388  READ   raw=73.50       stable=12.47     anomalies=3
2026-06-02T13:28:10.526  READ   raw=73.50       stable=12.47     anomalies=4
2026-06-02T13:28:10.664  READ   raw=73.50       stable=12.47     anomalies=5
2026-06-02T13:28:10.801  READ   raw=73.50       stable=12.47     anomalies=6
2026-06-02T13:28:10.939  READ   raw=73.50       stable=12.40     anomalies=7
2026-06-02T13:28:11.076  READ   raw=73.50       stable=12.40     anomalies=8
2026-06-02T13:28:11.214  READ   raw=73.50       stable=12.40     anomalies=9
2026-06-02T13:28:11.353  READ   raw=73.50       stable=12.40     anomalies=10
2026-06-02T13:28:11.493  READ   raw=14.47       stable=12.40     anomalies=11
2026-06-02T13:28:11.631  READ   raw=1447.       stable=12.40     anomalies=12
2026-06-02T13:28:11.771  READ   raw=14.47.      stable=12.40     anomalies=12
2026-06-02T13:28:11.909  READ   raw=1447.       stable=12.40     anomalies=13
2026-06-02T13:28:12.046  READ   raw=1447        stable=12.40     anomalies=14
2026-06-02T13:28:12.183  READ   raw=1447.       stable=12.40     anomalies=15
2026-06-02T13:28:12.322  READ   raw=1447.       stable=12.40     anomalies=16
2026-06-02T13:28:12.461  READ   raw=1447.       stable=12.40     anomalies=17
2026-06-02T13:28:12.600  READ   raw=1447.       stable=12.40     anomalies=18
2026-06-02T13:28:12.739  READ   raw=7547        stable=12.40     anomalies=19
2026-06-02T13:28:12.881  READ   raw=75.39.      stable=12.40     anomalies=19
2026-06-02T13:28:13.020  READ   raw=75.39.      stable=12.40     anomalies=19
2026-06-02T13:28:13.159  READ   raw=75.39.      stable=12.40     anomalies=19
2026-06-02T13:28:13.296  READ   raw=75.39.      stable=12.40     anomalies=19
2026-06-02T13:28:13.435  READ   raw=75.39.      stable=12.40     anomalies=19
2026-06-02T13:28:13.573  READ   raw=75.39       stable=12.40     anomalies=20
2026-06-02T13:28:13.711  READ   raw=75.39.      stable=12.40     anomalies=20
2026-06-02T13:28:13.849  READ   raw=75.39       stable=12.40     anomalies=21
2026-06-02T13:28:13.988  READ   raw=75.39       stable=12.40     anomalies=22
2026-06-02T13:28:14.126  READ   raw=6.20.       stable=12.40     anomalies=22
2026-06-02T13:28:14.266  READ   raw=76.20.      stable=12.40     anomalies=22
2026-06-02T13:28:14.403  READ   raw=76.20.      stable=12.40     anomalies=22
2026-06-02T13:28:14.543  READ   raw=76.20       stable=12.40     anomalies=23
2026-06-02T13:28:14.681  READ   raw=76.20       stable=12.40     anomalies=24
2026-06-02T13:28:14.818  READ   raw=76.20.      stable=12.40     anomalies=24
2026-06-02T13:28:14.950  READ   raw=20          stable=12.40     anomalies=25
2026-06-02T13:28:15.082  READ   raw=20.         stable=12.40     anomalies=26
2026-06-02T13:28:15.251  READ   raw=23
7        stable=12.40     anomalies=26
2026-06-02T13:28:15.386  READ   raw=4           stable=12.40     anomalies=27
2026-06-02T13:28:15.687  READ   raw=4
7
.       stable=12.40     anomalies=27
2026-06-02T13:28:16.070  READ   raw=None        stable=12.40     anomalies=27
2026-06-02T13:28:16.409  READ   raw=7.          stable=12.40     anomalies=28
2026-06-02T13:28:16.692  READ   raw=4           stable=12.40     anomalies=29
2026-06-02T13:28:16.945  READ   raw=None        stable=12.40     anomalies=29
2026-06-02T13:28:17.201  READ   raw=8
7 7       stable=12.40     anomalies=29
2026-06-02T13:28:17.475  READ   raw=.
25.       stable=12.40     anomalies=29
2026-06-02T13:28:17.722  READ   raw=None        stable=12.40     anomalies=29
2026-06-02T13:28:17.970  READ   raw=7
.         stable=12.40     anomalies=29
2026-06-02T13:28:18.322  READ   raw=.           stable=12.40     anomalies=29
2026-06-02T13:28:18.612  READ   raw=.
.
.       stable=12.40     anomalies=29
2026-06-02T13:28:18.850  READ   raw=.
.         stable=12.40     anomalies=29
2026-06-02T13:28:19.181  READ   raw=.           stable=12.40     anomalies=29
2026-06-02T13:28:19.468  READ   raw=.7 .        stable=12.40     anomalies=29
2026-06-02T13:28:19.658  READ   raw=None        stable=12.40     anomalies=29
2026-06-02T13:28:19.955  READ   raw=7           stable=12.40     anomalies=30
2026-06-02T13:28:20.247  READ   raw=5.
7        stable=12.40     anomalies=30
2026-06-02T13:28:20.553  READ   raw=040
7 .
7

2

2
7  stable=12.40     anomalies=30
2026-06-02T13:28:20.754  READ   raw=None        stable=12.40     anomalies=30
2026-06-02T13:28:20.938  READ   raw=None        stable=12.40     anomalies=30
2026-06-02T13:28:21.132  READ   raw=. 2
3
.     stable=12.40     anomalies=30
2026-06-02T13:28:21.418  READ   raw=.
0
3       stable=12.40     anomalies=30
2026-06-02T13:28:21.679  READ   raw=4           stable=12.40     anomalies=31
2026-06-02T13:28:21.856  READ   raw=None        stable=12.40     anomalies=31
2026-06-02T13:28:22.067  READ   raw=None        stable=12.40     anomalies=31
2026-06-02T13:28:22.334  READ   raw=8           stable=12.40     anomalies=32
2026-06-02T13:28:22.543  READ   raw=55          stable=12.40     anomalies=33
2026-06-02T13:28:22.727  READ   raw=.           stable=12.40     anomalies=33
2026-06-02T13:28:22.937  READ   raw=5           stable=12.40     anomalies=34
2026-06-02T13:28:23.193  READ   raw=.
.
.       stable=12.40     anomalies=34
                                                                                                                                                                                                                                                                                                                                                                                                                                                                                                                                                                                                                                                                                                                                 