# seenums run started: 2026-06-04T11:39:02.469363
# initial_value=4.2  max_delta=2.0  forced_reset_count=never
# gpio: pin=6  ms=250  tickle_low_threshold=3.5
#
# timestamp                     event
#----------------------------------------------------------------------
2026-06-04T11:39:03.029  READ   raw=None        stable=4.20      anomalies=0
2026-06-04T11:39:03.247  READ   raw=None        stable=4.20      anomalies=0
2026-06-04T11:39:03.376  READ   raw=None        stable=4.20      anomalies=0
2026-06-04T11:39:03.494  READ   raw=None        stable=4.20      anomalies=0
2026-06-04T11:39:03.609  READ   raw=None        stable=4.20      anomalies=0
2026-06-04T11:39:03.725  READ   raw=None        stable=4.20      anomalies=0
2026-06-04T11:39:03.840  READ   raw=None        stable=4.20      anomalies=0
2026-06-04T11:39:03.956  READ   raw=None        stable=4.20      anomalies=0
2026-06-04T11:39:04.079  READ   raw=None        stable=4.20      anomalies=0
2026-06-04T11:39:04.195  READ   raw=None        stable=4.20      anomalies=0
2026-06-04T11:39:04.311  READ   raw=None        stable=4.20      anomalies=0
2026-06-04T11:39:04.427  READ   raw=None        stable=4.20      anomalies=0
2026-06-04T11:39:04.545  READ   raw=None        stable=4.20      anomalies=0
2026-06-04T11:39:04.660  READ   raw=None        stable=4.20      anomalies=0
2026-06-04T11:39:04.778  READ   raw=None        stable=4.20      anomalies=0
2026-06-04T11:39:04.893  READ   raw=None        stable=4.20      anomalies=0
2026-06-04T11:39:05.020  READ   raw=None        stable=4.20      anomalies=0
2026-06-04T11:39:05.154  READ   raw=2           stable=4.20      anomalies=1
2026-06-04T11:39:05.274  READ   raw=None        stable=4.20      anomalies=1
2026-06-04T11:39:05.399  READ   raw=4           stable=4.00      anomalies=0
2026-06-04T11:39:05.530  READ   raw=None        stable=4.00      anomalies=0
2026-06-04T11:39:05.648  READ   raw=None        stable=4.00      anomalies=0
2026-06-04T11:39:05.764  READ   raw=None        stable=4.00      anomalies=0
2026-06-04T11:39:05.887  READ   raw=None        stable=4.00      anomalies=0
2026-06-04T11:39:06.023  READ   raw=.           stable=4.00      anomalies=0
2026-06-04T11:39:06.138  READ   raw=None        stable=4.00      anomalies=0
2026-06-04T11:39:06.259  READ   raw=None        stable=4.00      anomalies=0
2026-06-04T11:39:06.375  READ   raw=None        stable=4.00      anomalies=0
2026-06-04T11:39:06.492  READ   raw=None        stable=4.00      anomalies=0
2026-06-04T11:39:06.620  READ   raw=02          stable=4.00      anomalies=1
2026-06-04T11:39:06.737  READ   raw=None        stable=4.00      anomalies=1
2026-06-04T11:39:06.859  READ   raw=None        stable=4.00      anomalies=1
2026-06-04T11:39:06.987  READ   raw=None        stable=4.00      anomalies=1
2026-06-04T11:39:07.116  READ   raw=4           stable=4.00      anomalies=0
2026-06-04T11:39:07.239  READ   raw=None        stable=4.00      anomalies=0
2026-06-04T11:39:07.356  READ   raw=None        stable=4.00      anomalies=0
2026-06-04T11:39:07.478  READ   raw=None        stable=4.00      anomalies=0
2026-06-04T11:39:07.602  READ   raw=None        stable=4.00      anomalies=0
2026-06-04T11:39:07.731  READ   raw=None        stable=4.00      anomalies=0
2026-06-04T11:39:07.860  READ   raw=None        stable=4.00      anomalies=0
2026-06-04T11:39:07.990  READ   raw=None        stable=4.00      anomalies=0
2026-06-04T11:39:08.117  READ   raw=None        stable=4.00      anomalies=0
2026-06-04T11:39:08.233  READ   raw=None        stable=4.00      anomalies=0
2026-06-04T11:39:08.357  READ   raw=None        stable=4.00      anomalies=0
2026-06-04T11:39:08.474  READ   raw=None        stable=4.00      anomalies=0
2026-06-04T11:39:08.590  READ   raw=None        stable=4.00      anomalies=0
2026-06-04T11:39:08.704  READ   raw=None        stable=4.00      anomalies=0
2026-06-04T11:39:08.821  READ   raw=None        stable=4.00      anomalies=0
2026-06-04T11:39:08.937  READ   raw=None        stable=4.00      anomalies=0
2026-06-04T11:39:09.054  READ   raw=None        stable=4.00      anomalies=0
2026-06-04T11:39:09.178  READ   raw=None        stable=4.00      anomalies=0
2026-06-04T11:39:09.295  READ   raw=None        stable=4.00      anomalies=0
2026-06-04T11:39:09.413  READ   raw=None        stable=4.00      anomalies=0
2026-06-04T11:39:09.529  READ   raw=None        stable=4.00      anomalies=0
2026-06-04T11:39:09.645  READ   raw=None        stable=4.00      anomalies=0
2026-06-04T11:39:09.762  READ   raw=None        stable=4.00      anomalies=0
2026-06-04T11:39:09.877  READ   raw=None        stable=4.00      anomalies=0
2026-06-04T11:39:09.992  READ   raw=None        stable=4.00      anomalies=0
2026-06-04T11:39:10.109  READ   raw=None        stable=4.00      anomalies=0
2026-06-04T11:39:10.225  READ   raw=None        stable=4.00      anomalies=0
2026-06-04T11:39:10.343  READ   raw=None        stable=4.00      anomalies=0
2026-06-04T11:39:10.460  READ   raw=None        stable=4.00      anomalies=0
2026-06-04T11:39:10.575  READ   raw=None        stable=4.00      anomalies=0
2026-06-04T11:39:10.692  READ   raw=None        stable=4.00      anomalies=0
2026-06-04T11:39:10.807  READ   raw=None        stable=4.00      anomalies=0
2026-06-04T11:39:10.923  READ   raw=None        stable=4.00      anomalies=0
2026-06-04T11:39:11.041  READ   raw=None        stable=4.00      anomalies=0
2026-06-04T11:39:11.156  READ   raw=None        stable=4.00      anomalies=0
2026-06-04T11:39:11.271  READ   raw=None        stable=4.00      anomalies=0
2026-06-04T11:39:11.387  READ   raw=None        stable=4.00      anomalies=0
2026-06-04T11:39:11.502  READ   raw=None        stable=4.00      anomalies=0
2026-06-04T11:39:11.617  READ   raw=None        stable=4.00      anomalies=0
2026-06-04T11:39:11.732  READ   raw=None        stable=4.00      anomalies=0
2026-06-04T11:39:11.850  READ   raw=None        stable=4.00      anomalies=0
2026-06-04T11:39:11.965  READ   raw=None        stable=4.00      anomalies=0
2026-06-04T11:39:12.092  READ   raw=None        stable=4.00      anomalies=0
2026-06-04T11:39:12.214  READ   raw=None        stable=4.00      anomalies=0
2026-06-04T11:39:12.330  READ   raw=None        stable=4.00      anomalies=0
2026-06-04T11:39:12.446  READ   raw=None        stable=4.00      anomalies=0
2026-06-04T11:39:12.564  READ   raw=None        stable=4.00      anomalies=0
2026-06-04T11:39:12.682  READ   raw=None        stable=4.00      anomalies=0
2026-06-04T11:39:12.801  READ   raw=None        stable=4.00      anomalies=0
2026-06-04T11:39:12.918  READ   raw=None        stable=4.00      anomalies=0
2026-06-04T11:39:13.036  READ   raw=None        stable=4.00      anomalies=0
2026-06-04T11:39:13.154  READ   raw=None        stable=4.00      anomalies=0
2026-06-04T11:39:13.271  READ   raw=None        stable=4.00      anomalies=0
2026-06-04T11:39:13.388  READ   raw=None        stable=4.00      anomalies=0
2026-06-04T11:39:13.505  READ   raw=None        stable=4.00      anomalies=0
2026-06-04T11:39:13.622  READ   raw=None        stable=4.00      anomalies=0
2026-06-04T11:39:13.742  READ   raw=None        stable=4.00      anomalies=0
2026-06-04T11:39:13.857  READ   raw=None        stable=4.00      anomalies=0
2026-06-04T11:39:13.973  READ   raw=None        stable=4.00      anomalies=0
2026-06-04T11:39:14.088  READ   raw=None        stable=4.00      anomalies=0
2026-06-04T11:39:14.204  READ   raw=None        stable=4.00      anomalies=0
2026-06-04T11:39:14.319  READ   raw=None        stable=4.00      anomalies=0
2026-06-04T11:39:14.435  READ   raw=None        stable=4.00      anomalies=0
2026-06-04T11:39:14.552  READ   raw=None        stable=4.00      anomalies=0
2026-06-04T11:39:14.676  READ   raw=None        stable=4.00      anomalies=0
2026-06-04T11:39:14.792  READ   raw=None        stable=4.00      anomalies=0
2026-06-04T11:39:14.909  READ   raw=None        stable=4.00      anomalies=0
2026-06-04T11:39:15.026  READ   raw=None        stable=4.00      anomalies=0
2026-06-04T11:39:15.146  READ   raw=None        stable=4.00      anomalies=0
2026-06-04T11:39:15.276  READ   raw=None        stable=4.00      anomalies=0
2026-06-04T11:39:15.407  READ   raw=.           stable=4.00      anomalies=0
2026-06-04T11:39:15.531  READ   raw=None        stable=4.00      anomalies=0
2026-06-04T11:39:15.659  READ   raw=None        stable=4.00      anomalies=0
2026-06-04T11:39:15.782  READ   raw=None        stable=4.00      anomalies=0
2026-06-04T11:39:15.910  READ   raw=03          stable=4.00      anomalies=1
2026-06-04T11:39:16.032  READ   raw=None        stable=4.00      anomalies=1
2026-06-04T11:39:16.161  READ   raw=None        stable=4.00      anomalies=1
2026-06-04T11:39:16.290  READ   raw=None        stable=4.00      anomalies=1
2026-06-04T11:39:16.418  READ   raw=None        stable=4.00      anomalies=1
2026-06-04T11:39:16.545  READ   raw=None        stable=4.00      anomalies=1
2026-06-04T11:39:16.672  READ   raw=None        stable=4.00      anomalies=1
2026-06-04T11:39:16.795  READ   raw=None        stable=4.00      anomalies=1
2026-06-04T11:39:16.922  READ   raw=None        stable=4.00      anomalies=1
2026-06-04T11:39:17.051  READ   raw=None        stable=4.00      anomalies=1
2026-06-04T11:39:17.178  READ   raw=None        stable=4.00      anomalies=1
2026-06-04T11:39:17.308  READ   raw=None        stable=4.00      anomalies=1
2026-06-04T11:39:17.435  READ   raw=None        stable=4.00      anomalies=1
2026-06-04T11:39:17.565  READ   raw=None        stable=4.00      anomalies=1
2026-06-04T11:39:17.693  READ   raw=None        stable=4.00      anomalies=1
2026-06-04T11:39:17.819  READ   raw=None        stable=4.00      anomalies=1
2026-06-04T11:39:17.938  READ   raw=None        stable=4.00      anomalies=1
2026-06-04T11:39:18.065  READ   raw=None        stable=4.00      anomalies=1
2026-06-04T11:39:18.194  READ   raw=2           stable=4.00      anomalies=2
2026-06-04T11:39:18.321  READ   raw=None        stable=4.00      anomalies=2
2026-06-04T11:39:18.444  READ   raw=None        stable=4.00      anomalies=2
2026-06-04T11:39:18.560  READ   raw=None        stable=4.00      anomalies=2
2026-06-04T11:39:18.680  READ   raw=None        stable=4.00      anomalies=2
2026-06-04T11:39:18.800  READ   raw=None        stable=4.00      anomalies=2
2026-06-04T11:39:18.916  READ   raw=None        stable=4.00      anomalies=2
2026-06-04T11:39:19.032  READ   raw=None        stable=4.00      anomalies=2
2026-06-04T11:39:19.151  READ   raw=None        stable=4.00      anomalies=2
2026-06-04T11:39:19.267  READ   raw=None        stable=4.00      anomalies=2
2026-06-04T11:39:19.382  READ   raw=None        stable=4.00      anomalies=2
2026-06-04T11:39:19.499  READ   raw=None        stable=4.00      anomalies=2
2026-06-04T11:39:19.616  READ   raw=None        stable=4.00      anomalies=2
2026-06-04T11:39:19.731  READ   raw=None        stable=4.00      anomalies=2
2026-06-04T11:39:19.846  READ   raw=None        stable=4.00      anomalies=2
2026-06-04T11:39:19.962  READ   raw=None        stable=4.00      anomalies=2
2026-06-04T11:39:20.078  READ   raw=None        stable=4.00      anomalies=2
2026-06-04T11:39:20.195  READ   raw=None        stable=4.00      anomalies=2
2026-06-04T11:39:20.310  READ   raw=None        stable=4.00      anomalies=2
2026-06-04T11:39:20.426  READ   raw=None        stable=4.00      anomalies=2
2026-06-04T11:39:20.543  READ   raw=None        stable=4.00      anomalies=2
2026-06-04T11:39:20.660  READ   raw=None        stable=4.00      anomalies=2
2026-06-04T11:39:20.775  READ   raw=None        stable=4.00      anomalies=2
2026-06-04T11:39:20.891  READ   raw=None        stable=4.00      anomalies=2
2026-06-04T11:39:21.006  READ   raw=None        stable=4.00      anomalies=2
2026-06-04T11:39:21.120  READ   raw=None        stable=4.00      anomalies=2
2026-06-04T11:39:21.237  READ   raw=None        stable=4.00      anomalies=2
2026-06-04T11:39:21.355  READ   raw=None        stable=4.00      anomalies=2
2026-06-04T11:39:21.471  READ   raw=None        stable=4.00      anomalies=2
2026-06-04T11:39:21.588  READ   raw=None        stable=4.00      anomalies=2
2026-06-04T11:39:21.704  READ   raw=None        stable=4.00      anomalies=2
2026-06-04T11:39:21.820  READ   raw=None        stable=4.00      anomalies=2
2026-06-04T11:39:21.939  READ   raw=None        stable=4.00      anomalies=2
2026-06-04T11:39:22.054  READ   raw=None        stable=4.00      anomalies=2
2026-06-04T11:39:22.171  READ   raw=None        stable=4.00      anomalies=2
2026-06-04T11:39:22.287  READ   raw=None        stable=4.00      anomalies=2
2026-06-04T11:39:22.405  READ   raw=None        stable=4.00      anomalies=2
2026-06-04T11:39:22.520  READ   raw=None        stable=4.00      anomalies=2
2026-06-04T11:39:22.637  READ   raw=None        stable=4.00      anomalies=2
2026-06-04T11:39:22.753  READ   raw=None        stable=4.00      anomalies=2
2026-06-04T11:39:22.870  READ   raw=None        stable=4.00      anomalies=2
2026-06-04T11:39:22.985  READ   raw=None        stable=4.00      anomalies=2
2026-06-04T11:39:23.101  READ   raw=None        stable=4.00      anomalies=2
2026-06-04T11:39:23.217  READ   raw=None        stable=4.00      anomalies=2
2026-06-04T11:39:23.334  READ   raw=None        stable=4.00      anomalies=2
2026-06-04T11:39:23.451  READ   raw=None        stable=4.00      anomalies=2
2026-06-04T11:39:23.581  READ   raw=None        stable=4.00      anomalies=2
2026-06-04T11:39:23.698  READ   raw=None        stable=4.00      anomalies=2
2026-06-04T11:39:23.823  READ   raw=None        stable=4.00      anomalies=2
2026-06-04T11:39:23.952  READ   raw=None        stable=4.00      anomalies=2
2026-06-04T11:39:24.083  READ   raw=2           stable=4.00      anomalies=3
2026-06-04T11:39:24.217  READ   raw=.           stable=4.00      anomalies=3
2026-06-04T11:39:24.361  READ   raw=None        stable=4.00      anomalies=3
2026-06-04T11:39:24.492  READ   raw=None        stable=4.00      anomalies=3
2026-06-04T11:39:24.621  READ   raw=None        stable=4.00      anomalies=3
2026-06-04T11:39:24.738  READ   raw=None        stable=4.00      anomalies=3
2026-06-04T11:39:24.869  READ   raw=None        stable=4.00      anomalies=3
2026-06-04T11:39:24.996  READ   raw=.           stable=4.00      anomalies=3
2026-06-04T11:39:25.119  READ   raw=..          stable=4.00      anomalies=3
2026-06-04T11:39:25.244  READ   raw=None        stable=4.00      anomalies=3
2026-06-04T11:39:25.363  READ   raw=7           stable=4.00      anomalies=4
2026-06-04T11:39:25.487  READ   raw=None        stable=4.00      anomalies=4
2026-06-04T11:39:25.617  READ   raw=.           stable=4.00      anomalies=4
2026-06-04T11:39:25.749  READ   raw=.           stable=4.00      anomalies=4
2026-06-04T11:39:25.871  READ   raw=None        stable=4.00      anomalies=4
2026-06-04T11:39:25.988  READ   raw=None        stable=4.00      anomalies=4
2026-06-04T11:39:26.105  READ   raw=None        stable=4.00      anomalies=4
2026-06-04T11:39:26.222  READ   raw=None        stable=4.00      anomalies=4
2026-06-04T11:39:26.339  READ   raw=None        stable=4.00      anomalies=4
2026-06-04T11:39:26.454  READ   raw=None        stable=4.00      anomalies=4
2026-06-04T11:39:26.570  READ   raw=None        stable=4.00      anomalies=4
2026-06-04T11:39:26.685  READ   raw=None        stable=4.00      anomalies=4
2026-06-04T11:39:26.801  READ   raw=None        stable=4.00      anomalies=4
2026-06-04T11:39:26.918  READ   raw=None        stable=4.00      anomalies=4
2026-06-04T11:39:27.034  READ   raw=None        stable=4.00      anomalies=4
2026-06-04T11:39:27.152  READ   raw=None        stable=4.00      anomalies=4
2026-06-04T11:39:27.269  READ   raw=None        stable=4.00      anomalies=4
2026-06-04T11:39:27.387  READ   raw=None        stable=4.00      anomalies=4
2026-06-04T11:39:27.502  READ   raw=None        stable=4.00      anomalies=4
2026-06-04T11:39:27.620  READ   raw=None        stable=4.00      anomalies=4
2026-06-04T11:39:27.738  READ   raw=None        stable=4.00      anomalies=4
2026-06-04T11:39:27.854  READ   raw=None        stable=4.00      anomalies=4
2026-06-04T11:39:27.971  READ   raw=None        stable=4.00      anomalies=4
2026-06-04T11:39:28.087  READ   raw=None        stable=4.00      anomalies=4
2026-06-04T11:39:28.204  READ   raw=None        stable=4.00      anomalies=4
2026-06-04T11:39:28.321  READ   raw=None        stable=4.00      anomalies=4
2026-06-04T11:39:28.438  READ   raw=None        stable=4.00      anomalies=4
2026-06-04T11:39:28.562  READ   raw=None        stable=4.00      anomalies=4
2026-06-04T11:39:28.683  READ   raw=None        stable=4.00      anomalies=4
2026-06-04T11:39:28.802  READ   raw=None        stable=4.00      anomalies=4
2026-06-04T11:39:28.918  READ   raw=None        stable=4.00      anomalies=4
2026-06-04T11:39:29.033  READ   raw=None        stable=4.00      anomalies=4
2026-06-04T11:39:29.151  READ   raw=None        stable=4.00      anomalies=4
2026-06-04T11:39:29.268  READ   raw=None        stable=4.00      anomalies=4
2026-06-04T11:39:29.426  # run ended: 2026-06-04T11:39:29.426397
