# seenums run started: 2026-06-04T11:19:42.657692
# initial_value=4.54  max_delta=1.5  forced_reset_count=30
#
# timestamp                     event
#----------------------------------------------------------------------
2026-06-04T11:19:43.398  READ   raw=None        stable=4.54      anomalies=0
2026-06-04T11:19:45.703  READ   raw=None        stable=4.54      anomalies=0
2026-06-04T11:19:45.846  READ   raw=None        stable=4.54      anomalies=0
2026-06-04T11:19:46.019  READ   raw=None        stable=4.54      anomalies=0
2026-06-04T11:19:46.160  READ   raw=None        stable=4.54      anomalies=0
2026-06-04T11:19:46.292  READ   raw=.           stable=4.54      anomalies=0
2026-06-04T11:19:46.433  READ   raw=.           stable=4.54      anomalies=0
2026-06-04T11:19:46.559  READ   raw=None        stable=4.54      anomalies=0
2026-06-04T11:19:46.706  READ   raw=None        stable=4.54      anomalies=0
2026-06-04T11:19:46.847  READ   raw=None        stable=4.54      anomalies=0
2026-06-04T11:19:46.989  READ   raw=None        stable=4.54      anomalies=0
2026-06-04T11:19:47.128  READ   raw=None        stable=4.54      anomalies=0
2026-06-04T11:19:47.268  READ   raw=1           stable=4.54      anomalies=1
2026-06-04T11:19:47.407  READ   raw=None        stable=4.54      anomalies=1
2026-06-04T11:19:47.540  READ   raw=None        stable=4.54      anomalies=1
2026-06-04T11:19:47.682  READ   raw=None        stable=4.54      anomalies=1
2026-06-04T11:19:47.821  READ   raw=7           stable=4.54      anomalies=2
2026-06-04T11:19:47.960  READ   raw=7           stable=4.54      anomalies=3
2026-06-04T11:19:48.098  READ   raw=None        stable=4.54      anomalies=3
2026-06-04T11:19:48.256  READ   raw=None        stable=4.54      anomalies=3
2026-06-04T11:19:48.411  READ   raw=.
7         stable=4.54      anomalies=3
2026-06-04T11:19:48.552  READ   raw=None        stable=4.54      anomalies=3
2026-06-04T11:19:48.695  READ   raw=None        stable=4.54      anomalies=3
2026-06-04T11:19:48.837  READ   raw=None        stable=4.54      anomalies=3
2026-06-04T11:19:48.981  READ   raw=None        stable=4.54      anomalies=3
2026-06-04T11:19:49.123  READ   raw=None        stable=4.54      anomalies=3
2026-06-04T11:19:49.265  READ   raw=None        stable=4.54      anomalies=3
2026-06-04T11:19:49.424  READ   raw=None        stable=4.54      anomalies=3
2026-06-04T11:19:49.585  READ   raw=None        stable=4.54      anomalies=3
2026-06-04T11:19:49.744  READ   raw=None        stable=4.54      anomalies=3
2026-06-04T11:19:49.901  READ   raw=None        stable=4.54      anomalies=3
2026-06-04T11:19:50.067  READ   raw=None        stable=4.54      anomalies=3
2026-06-04T11:19:50.209  READ   raw=None        stable=4.54      anomalies=3
2026-06-04T11:19:50.334  READ   raw=None        stable=4.54      anomalies=3
2026-06-04T11:19:50.461  READ   raw=None        stable=4.54      anomalies=3
2026-06-04T11:19:50.601  READ   raw=None        stable=4.54      anomalies=3
2026-06-04T11:19:50.729  READ   raw=None        stable=4.54      anomalies=3
2026-06-04T11:19:50.857  READ   raw=None        stable=4.54      anomalies=3
2026-06-04T11:19:50.983  READ   raw=None        stable=4.54      anomalies=3
2026-06-04T11:19:51.128  READ   raw=None        stable=4.54      anomalies=3
2026-06-04T11:19:51.252  READ   raw=None        stable=4.54      anomalies=3
2026-06-04T11:19:51.391  READ   raw=None        stable=4.54      anomalies=3
2026-06-04T11:19:51.529  READ   raw=None        stable=4.54      anomalies=3
2026-06-04T11:19:51.667  READ   raw=None        stable=4.54      anomalies=3
2026-06-04T11:19:51.791  READ   raw=None        stable=4.54      anomalies=3
2026-06-04T11:19:51.916  READ   raw=None        stable=4.54      anomalies=3
2026-06-04T11:19:52.041  READ   raw=None        stable=4.54      anomalies=3
2026-06-04T11:19:52.168  READ   raw=None        stable=4.54      anomalies=3
2026-06-04T11:19:52.294  READ   raw=None        stable=4.54      anomalies=3
2026-06-04T11:19:52.417  READ   raw=None        stable=4.54      anomalies=3
2026-06-04T11:19:52.540  READ   raw=None        stable=4.54      anomalies=3
2026-06-04T11:19:52.663  READ   raw=None        stable=4.54      anomalies=3
2026-06-04T11:19:52.787  READ   raw=None        stable=4.54      anomalies=3
2026-06-04T11:19:52.911  READ   raw=None        stable=4.54      anomalies=3
2026-06-04T11:19:53.035  READ   raw=None        stable=4.54      anomalies=3
2026-06-04T11:19:53.159  READ   raw=None        stable=4.54      anomalies=3
2026-06-04T11:19:53.284  READ   raw=None        stable=4.54      anomalies=3
2026-06-04T11:19:53.409  READ   raw=None        stable=4.54      anomalies=3
2026-06-04T11:19:53.534  READ   raw=None        stable=4.54      anomalies=3
2026-06-04T11:19:53.680  READ   raw=None        stable=4.54      anomalies=3
2026-06-04T11:19:53.805  READ   raw=None        stable=4.54      anomalies=3
2026-06-04T11:19:53.928  READ   raw=None        stable=4.54      anomalies=3
2026-06-04T11:19:54.051  READ   raw=None        stable=4.54      anomalies=3
2026-06-04T11:19:54.175  READ   raw=None        stable=4.54      anomalies=3
2026-06-04T11:19:54.298  READ   raw=None        stable=4.54      anomalies=3
2026-06-04T11:19:54.422  READ   raw=None        stable=4.54      anomalies=3
2026-06-04T11:19:54.546  READ   raw=None        stable=4.54      anomalies=3
2026-06-04T11:19:54.672  READ   raw=None        stable=4.54      anomalies=3
2026-06-04T11:19:54.797  READ   raw=None        stable=4.54      anomalies=3
2026-06-04T11:19:54.921  READ   raw=None        stable=4.54      anomalies=3
2026-06-04T11:19:55.045  READ   raw=None        stable=4.54      anomalies=3
2026-06-04T11:19:55.172  READ   raw=None        stable=4.54      anomalies=3
2026-06-04T11:19:55.296  READ   raw=None        stable=4.54      anomalies=3
2026-06-04T11:19:55.420  READ   raw=None        stable=4.54      anomalies=3
2026-06-04T11:19:55.543  READ   raw=None        stable=4.54      anomalies=3
2026-06-04T11:19:55.670  READ   raw=None        stable=4.54      anomalies=3
2026-06-04T11:19:55.794  READ   raw=None        stable=4.54      anomalies=3
2026-06-04T11:19:55.918  READ   raw=None        stable=4.54      anomalies=3
2026-06-04T11:19:56.044  READ   raw=None        stable=4.54      anomalies=3
2026-06-04T11:19:56.169  READ   raw=None        stable=4.54      anomalies=3
2026-06-04T11:19:56.292  READ   raw=None        stable=4.54      anomalies=3
2026-06-04T11:19:56.416  READ   raw=None        stable=4.54      anomalies=3
2026-06-04T11:19:56.540  READ   raw=None        stable=4.54      anomalies=3
2026-06-04T11:19:56.664  READ   raw=None        stable=4.54      anomalies=3
2026-06-04T11:19:56.789  READ   raw=None        stable=4.54      anomalies=3
2026-06-04T11:19:56.914  READ   raw=None        stable=4.54      anomalies=3
2026-06-04T11:19:57.038  READ   raw=None        stable=4.54      anomalies=3
2026-06-04T11:19:57.162  READ   raw=None        stable=4.54      anomalies=3
2026-06-04T11:19:57.287  READ   raw=None        stable=4.54      anomalies=3
2026-06-04T11:19:57.412  READ   raw=None        stable=4.54      anomalies=3
2026-06-04T11:19:57.537  READ   raw=None        stable=4.54      anomalies=3
2026-06-04T11:19:57.665  READ   raw=None        stable=4.54      anomalies=3
2026-06-04T11:19:57.792  READ   raw=None        stable=4.54      anomalies=3
2026-06-04T11:19:57.916  READ   raw=None        stable=4.54      anomalies=3
2026-06-04T11:19:58.041  READ   raw=None        stable=4.54      anomalies=3
2026-06-04T11:19:58.168  READ   raw=None        stable=4.54      anomalies=3
2026-06-04T11:19:58.293  READ   raw=None        stable=4.54      anomalies=3
2026-06-04T11:19:58.418  READ   raw=None        stable=4.54      anomalies=3
2026-06-04T11:19:58.544  READ   raw=None        stable=4.54      anomalies=3
2026-06-04T11:19:58.668  READ   raw=None        stable=4.54      anomalies=3
2026-06-04T11:19:58.792  READ   raw=None        stable=4.54      anomalies=3
2026-06-04T11:19:58.917  READ   raw=None        stable=4.54      anomalies=3
2026-06-04T11:19:59.042  READ   raw=None        stable=4.54      anomalies=3
2026-06-04T11:19:59.168  READ   raw=None        stable=4.54      anomalies=3
2026-06-04T11:19:59.292  READ   raw=None        stable=4.54      anomalies=3
2026-06-04T11:19:59.416  READ   raw=None        stable=4.54      anomalies=3
2026-06-04T11:19:59.540  READ   raw=None        stable=4.54      anomalies=3
2026-06-04T11:19:59.666  READ   raw=None        stable=4.54      anomalies=3
2026-06-04T11:19:59.792  READ   raw=None        stable=4.54      anomalies=3
2026-06-04T11:19:59.932  READ   raw=002         stable=4.54      anomalies=4
2026-06-04T11:20:00.059  READ   raw=None        stable=4.54      anomalies=4
2026-06-04T11:20:00.189  READ   raw=None        stable=4.54      anomalies=4
2026-06-04T11:20:00.327  READ   raw=None        stable=4.54      anomalies=4
2026-06-04T11:20:00.458  READ   raw=None        stable=4.54      anomalies=4
2026-06-04T11:20:00.603  READ   raw=None        stable=4.54      anomalies=4
2026-06-04T11:20:00.743  READ   raw=None        stable=4.54      anomalies=4
2026-06-04T11:20:00.892  READ   raw=None        stable=4.54      anomalies=4
2026-06-04T11:20:01.035  READ   raw=None        stable=4.54      anomalies=4
2026-06-04T11:20:01.170  READ   raw=None        stable=4.54      anomalies=4
2026-06-04T11:20:01.308  READ   raw=None        stable=4.54      anomalies=4
2026-06-04T11:20:01.444  READ   raw=None        stable=4.54      anomalies=4
2026-06-04T11:20:01.569  READ   raw=None        stable=4.54      anomalies=4
2026-06-04T11:20:01.696  READ   raw=None        stable=4.54      anomalies=4
2026-06-04T11:20:01.828  READ   raw=None        stable=4.54      anomalies=4
2026-06-04T11:20:01.964  READ   raw=None        stable=4.54      anomalies=4
2026-06-04T11:20:02.089  READ   raw=None        stable=4.54      anomalies=4
2026-06-04T11:20:02.221  READ   raw=None        stable=4.54      anomalies=4
2026-06-04T11:20:02.355  READ   raw=None        stable=4.54      anomalies=4
2026-06-04T11:20:02.493  READ   raw=None        stable=4.54      anomalies=4
2026-06-04T11:20:02.638  READ   raw=2           stable=4.54      anomalies=5
2026-06-04T11:20:02.775  READ   raw=None        stable=4.54      anomalies=5
2026-06-04T11:20:02.912  READ   raw=2           stable=4.54      anomalies=6
2026-06-04T11:20:03.049  READ   raw=2           stable=4.54      anomalies=7
2026-06-04T11:20:03.186  READ   raw=None        stable=4.54      anomalies=7
2026-06-04T11:20:03.322  READ   raw=7           stable=4.54      anomalies=8
2026-06-04T11:20:03.456  READ   raw=None        stable=4.54      anomalies=8
2026-06-04T11:20:03.596  READ   raw=None        stable=4.54      anomalies=8
2026-06-04T11:20:03.746  READ   raw=None        stable=4.54      anomalies=8
2026-06-04T11:20:03.881  READ   raw=2           stable=4.54      anomalies=9
2026-06-04T11:20:04.017  READ   raw=2           stable=4.54      anomalies=10
2026-06-04T11:20:04.153  READ   raw=None        stable=4.54      anomalies=10
2026-06-04T11:20:04.289  READ   raw=None        stable=4.54      anomalies=10
2026-06-04T11:20:04.423  READ   raw=7.          stable=4.54      anomalies=11
2026-06-04T11:20:04.559  READ   raw=None        stable=4.54      anomalies=11
2026-06-04T11:20:04.694  READ   raw=None        stable=4.54      anomalies=11
2026-06-04T11:20:04.839  READ   raw=2           stable=4.54      anomalies=12
2026-06-04T11:20:04.978  READ   raw=None        stable=4.54      anomalies=12
2026-06-04T11:20:05.051  # run ended: 2026-06-04T11:20:05.051608
