# seenums run started: 2026-06-04T11:34:16.270244
# initial_value=4.2  max_delta=2.0  forced_reset_count=never
# gpio: pin=6  ms=250  tickle_low_threshold=3.5
#
# timestamp                     event
#----------------------------------------------------------------------
2026-06-04T11:34:17.226  READ   raw=None        stable=4.20      anomalies=0
2026-06-04T11:34:17.567  READ   raw=None        stable=4.20      anomalies=0
2026-06-04T11:34:18.127  READ   raw=7           stable=4.20      anomalies=1
2026-06-04T11:34:18.710  READ   raw=.           stable=4.20      anomalies=1
2026-06-04T11:34:19.266  READ   raw=None        stable=4.20      anomalies=1
2026-06-04T11:34:19.835  READ   raw=02          stable=4.20      anomalies=2
2026-06-04T11:34:20.400  READ   raw=002         stable=4.20      anomalies=3
2026-06-04T11:34:20.546  READ   raw=None        stable=4.20      anomalies=3
2026-06-04T11:34:20.693  READ   raw=None        stable=4.20      anomalies=3
2026-06-04T11:34:20.834  READ   raw=None        stable=4.20      anomalies=3
2026-06-04T11:34:21.021  READ   raw=None        stable=4.20      anomalies=3
2026-06-04T11:34:21.207  READ   raw=None        stable=4.20      anomalies=3
2026-06-04T11:34:21.407  READ   raw=None        stable=4.20      anomalies=3
2026-06-04T11:34:21.594  READ   raw=None        stable=4.20      anomalies=3
2026-06-04T11:34:21.768  READ   raw=None        stable=4.20      anomalies=3
2026-06-04T11:34:22.289  READ   raw=02.         stable=4.20      anomalies=4
2026-06-04T11:34:22.417  READ   raw=02          stable=4.20      anomalies=5
2026-06-04T11:34:22.543  READ   raw=02          stable=4.20      anomalies=6
2026-06-04T11:34:22.670  READ   raw=02          stable=4.20      anomalies=7
2026-06-04T11:34:22.796  READ   raw=02          stable=4.20      anomalies=8
2026-06-04T11:34:22.923  READ   raw=02          stable=4.20      anomalies=9
2026-06-04T11:34:23.051  READ   raw=02          stable=4.20      anomalies=10
2026-06-04T11:34:23.177  READ   raw=02          stable=4.20      anomalies=11
2026-06-04T11:34:23.303  READ   raw=01          stable=4.20      anomalies=12
2026-06-04T11:34:23.429  READ   raw=01          stable=4.20      anomalies=13
2026-06-04T11:34:23.555  READ   raw=01          stable=4.20      anomalies=14
2026-06-04T11:34:23.673  READ   raw=None        stable=4.20      anomalies=14
2026-06-04T11:34:23.792  READ   raw=None        stable=4.20      anomalies=14
2026-06-04T11:34:23.908  READ   raw=None        stable=4.20      anomalies=14
2026-06-04T11:34:24.026  READ   raw=None        stable=4.20      anomalies=14
2026-06-04T11:34:24.144  READ   raw=None        stable=4.20      anomalies=14
2026-06-04T11:34:24.261  READ   raw=None        stable=4.20      anomalies=14
2026-06-04T11:34:24.379  READ   raw=None        stable=4.20      anomalies=14
2026-06-04T11:34:24.498  READ   raw=None        stable=4.20      anomalies=14
2026-06-04T11:34:24.616  READ   raw=None        stable=4.20      anomalies=14
2026-06-04T11:34:24.734  READ   raw=None        stable=4.20      anomalies=14
2026-06-04T11:34:24.853  READ   raw=None        stable=4.20      anomalies=14
2026-06-04T11:34:24.971  READ   raw=None        stable=4.20      anomalies=14
2026-06-04T11:34:25.089  READ   raw=None        stable=4.20      anomalies=14
2026-06-04T11:34:25.207  READ   raw=None        stable=4.20      anomalies=14
2026-06-04T11:34:25.325  READ   raw=None        stable=4.20      anomalies=14
2026-06-04T11:34:25.444  READ   raw=None        stable=4.20      anomalies=14
2026-06-04T11:34:25.561  READ   raw=None        stable=4.20      anomalies=14
2026-06-04T11:34:25.679  READ   raw=None        stable=4.20      anomalies=14
2026-06-04T11:34:25.796  READ   raw=None        stable=4.20      anomalies=14
2026-06-04T11:34:25.914  READ   raw=None        stable=4.20      anomalies=14
2026-06-04T11:34:26.032  READ   raw=None        stable=4.20      anomalies=14
2026-06-04T11:34:26.149  READ   raw=None        stable=4.20      anomalies=14
2026-06-04T11:34:26.268  READ   raw=None        stable=4.20      anomalies=14
2026-06-04T11:34:26.386  READ   raw=None        stable=4.20      anomalies=14
2026-06-04T11:34:26.504  READ   raw=None        stable=4.20      anomalies=14
2026-06-04T11:34:26.622  READ   raw=None        stable=4.20      anomalies=14
2026-06-04T11:34:26.742  READ   raw=None        stable=4.20      anomalies=14
2026-06-04T11:34:26.863  READ   raw=None        stable=4.20      anomalies=14
2026-06-04T11:34:26.981  READ   raw=None        stable=4.20      anomalies=14
2026-06-04T11:34:27.102  READ   raw=None        stable=4.20      anomalies=14
2026-06-04T11:34:27.221  READ   raw=None        stable=4.20      anomalies=14
2026-06-04T11:34:27.339  READ   raw=None        stable=4.20      anomalies=14
2026-06-04T11:34:27.458  READ   raw=None        stable=4.20      anomalies=14
2026-06-04T11:34:27.576  READ   raw=None        stable=4.20      anomalies=14
2026-06-04T11:34:27.694  READ   raw=None        stable=4.20      anomalies=14
2026-06-04T11:34:27.812  READ   raw=None        stable=4.20      anomalies=14
2026-06-04T11:34:27.929  READ   raw=None        stable=4.20      anomalies=14
2026-06-04T11:34:28.048  READ   raw=None        stable=4.20      anomalies=14
2026-06-04T11:34:28.167  READ   raw=None        stable=4.20      anomalies=14
2026-06-04T11:34:28.295  READ   raw=None        stable=4.20      anomalies=14
2026-06-04T11:34:28.424  READ   raw=2           stable=4.20      anomalies=15
2026-06-04T11:34:28.545  READ   raw=None        stable=4.20      anomalies=15
2026-06-04T11:34:28.663  READ   raw=None        stable=4.20      anomalies=15
2026-06-04T11:34:28.792  READ   raw=None        stable=4.20      anomalies=15
2026-06-04T11:34:28.919  READ   raw=None        stable=4.20      anomalies=15
2026-06-04T11:34:29.044  READ   raw=None        stable=4.20      anomalies=15
2026-06-04T11:34:29.170  READ   raw=.           stable=4.20      anomalies=15
2026-06-04T11:34:29.298  READ   raw=None        stable=4.20      anomalies=15
2026-06-04T11:34:29.417  READ   raw=None        stable=4.20      anomalies=15
2026-06-04T11:34:29.542  READ   raw=None        stable=4.20      anomalies=15
2026-06-04T11:34:29.667  READ   raw=.           stable=4.20      anomalies=15
2026-06-04T11:34:29.803  READ   raw=.           stable=4.20      anomalies=15
2026-06-04T11:34:29.929  READ   raw=None        stable=4.20      anomalies=15
2026-06-04T11:34:30.052  READ   raw=7           stable=4.20      anomalies=16
2026-06-04T11:34:30.170  READ   raw=None        stable=4.20      anomalies=16
2026-06-04T11:34:30.288  READ   raw=None        stable=4.20      anomalies=16
2026-06-04T11:34:30.406  READ   raw=None        stable=4.20      anomalies=16
2026-06-04T11:34:30.531  READ   raw=None        stable=4.20      anomalies=16
2026-06-04T11:34:30.659  READ   raw=None        stable=4.20      anomalies=16
2026-06-04T11:34:30.776  READ   raw=None        stable=4.20      anomalies=16
2026-06-04T11:34:30.900  READ   raw=None        stable=4.20      anomalies=16
2026-06-04T11:34:31.018  READ   raw=None        stable=4.20      anomalies=16
2026-06-04T11:34:31.143  READ   raw=7           stable=4.20      anomalies=17
2026-06-04T11:34:31.266  READ   raw=None        stable=4.20      anomalies=17
2026-06-04T11:34:31.388  READ   raw=7           stable=4.20      anomalies=18
2026-06-04T11:34:31.512  READ   raw=None        stable=4.20      anomalies=18
2026-06-04T11:34:31.637  READ   raw=None        stable=4.20      anomalies=18
2026-06-04T11:34:31.764  READ   raw=None        stable=4.20      anomalies=18
2026-06-04T11:34:31.888  READ   raw=None        stable=4.20      anomalies=18
2026-06-04T11:34:32.012  READ   raw=None        stable=4.20      anomalies=18
2026-06-04T11:34:32.133  READ   raw=None        stable=4.20      anomalies=18
2026-06-04T11:34:32.253  READ   raw=None        stable=4.20      anomalies=18
2026-06-04T11:34:32.379  READ   raw=None        stable=4.20      anomalies=18
2026-06-04T11:34:32.518  READ   raw=None        stable=4.20      anomalies=18
2026-06-04T11:34:32.643  READ   raw=None        stable=4.20      anomalies=18
2026-06-04T11:34:32.759  READ   raw=None        stable=4.20      anomalies=18
2026-06-04T11:34:32.876  READ   raw=None        stable=4.20      anomalies=18
2026-06-04T11:34:32.997  READ   raw=None        stable=4.20      anomalies=18
2026-06-04T11:34:33.114  READ   raw=None        stable=4.20      anomalies=18
2026-06-04T11:34:33.230  READ   raw=None        stable=4.20      anomalies=18
2026-06-04T11:34:33.348  READ   raw=None        stable=4.20      anomalies=18
2026-06-04T11:34:33.470  READ   raw=None        stable=4.20      anomalies=18
2026-06-04T11:34:33.592  READ   raw=None        stable=4.20      anomalies=18
2026-06-04T11:34:33.715  READ   raw=None        stable=4.20      anomalies=18
2026-06-04T11:34:33.839  READ   raw=None        stable=4.20      anomalies=18
2026-06-04T11:34:33.963  READ   raw=None        stable=4.20      anomalies=18
2026-06-04T11:34:34.084  READ   raw=None        stable=4.20      anomalies=18
2026-06-04T11:34:34.206  READ   raw=None        stable=4.20      anomalies=18
2026-06-04T11:34:34.341  # run ended: 2026-06-04T11:34:34.341296
