# seenums run started: 2026-06-02T13:21:20.329153
# initial_value=10.0  max_delta=2.0  forced_reset_count=never
# gpio: pin=6  ms=250  tickle_low_threshold=9.0
#
# timestamp                     event
#----------------------------------------------------------------------
2026-06-02T13:21:20.871  READ   raw=None        stable=10.00     anomalies=0
2026-06-02T13:21:21.114  READ   raw=None        stable=10.00     anomalies=0
2026-06-02T13:21:21.251  READ   raw=7           stable=10.00     anomalies=1
2026-06-02T13:21:21.379  READ   raw=None        stable=10.00     anomalies=1
2026-06-02T13:21:21.505  READ   raw=None        stable=10.00     anomalies=1
2026-06-02T13:21:21.634  READ   raw=None        stable=10.00     anomalies=1
2026-06-02T13:21:21.762  READ   raw=.           stable=10.00     anomalies=1
2026-06-02T13:21:21.888  READ   raw=None        stable=10.00     anomalies=1
2026-06-02T13:21:22.016  READ   raw=None        stable=10.00     anomalies=1
2026-06-02T13:21:22.145  READ   raw=None        stable=10.00     anomalies=1
2026-06-02T13:21:22.269  READ   raw=None        stable=10.00     anomalies=1
2026-06-02T13:21:22.394  READ   raw=None        stable=10.00     anomalies=1
2026-06-02T13:21:22.520  READ   raw=None        stable=10.00     anomalies=1
2026-06-02T13:21:22.645  READ   raw=None        stable=10.00     anomalies=1
2026-06-02T13:21:22.771  READ   raw=None        stable=10.00     anomalies=1
2026-06-02T13:21:22.896  READ   raw=None        stable=10.00     anomalies=1
2026-06-02T13:21:23.043  READ   raw=2           stable=10.00     anomalies=2
2026-06-02T13:21:23.169  READ   raw=None        stable=10.00     anomalies=2
2026-06-02T13:21:23.404  READ   raw=None        stable=10.00     anomalies=2
2026-06-02T13:21:23.546  READ   raw=None        stable=10.00     anomalies=2
2026-06-02T13:21:23.690  READ   raw=None        stable=10.00     anomalies=2
2026-06-02T13:21:23.818  READ   raw=None        stable=10.00     anomalies=2
2026-06-02T13:21:23.948  READ   raw=None        stable=10.00     anomalies=2
2026-06-02T13:21:24.074  READ   raw=None        stable=10.00     anomalies=2
2026-06-02T13:21:24.202  READ   raw=None        stable=10.00     anomalies=2
2026-06-02T13:21:24.329  READ   raw=None        stable=10.00     anomalies=2
2026-06-02T13:21:24.457  READ   raw=None        stable=10.00     anomalies=2
2026-06-02T13:21:24.582  READ   raw=None        stable=10.00     anomalies=2
2026-06-02T13:21:24.709  READ   raw=None        stable=10.00     anomalies=2
2026-06-02T13:21:24.835  READ   raw=None        stable=10.00     anomalies=2
2026-06-02T13:21:24.960  READ   raw=None        stable=10.00     anomalies=2
2026-06-02T13:21:25.104  READ   raw=None        stable=10.00     anomalies=2
2026-06-02T13:21:25.245  READ   raw=None        stable=10.00     anomalies=2
2026-06-02T13:21:25.388  READ   raw=None        stable=10.00     anomalies=2
2026-06-02T13:21:25.531  READ   raw=None        stable=10.00     anomalies=2
2026-06-02T13:21:25.659  READ   raw=None        stable=10.00     anomalies=2
2026-06-02T13:21:25.786  READ   raw=None        stable=10.00     anomalies=2
2026-06-02T13:21:25.914  READ   raw=None        stable=10.00     anomalies=2
2026-06-02T13:21:26.050  READ   raw=None        stable=10.00     anomalies=2
2026-06-02T13:21:26.178  READ   raw=None        stable=10.00     anomalies=2
2026-06-02T13:21:26.304  READ   raw=None        stable=10.00     anomalies=2
2026-06-02T13:21:26.429  READ   raw=None        stable=10.00     anomalies=2
2026-06-02T13:21:26.555  READ   raw=None        stable=10.00     anomalies=2
2026-06-02T13:21:26.679  READ   raw=None        stable=10.00     anomalies=2
2026-06-02T13:21:26.807  READ   raw=None        stable=10.00     anomalies=2
2026-06-02T13:21:26.933  READ   raw=None        stable=10.00     anomalies=2
2026-06-02T13:21:27.059  READ   raw=None        stable=10.00     anomalies=2
2026-06-02T13:21:27.199  READ   raw=None        stable=10.00     anomalies=2
2026-06-02T13:21:27.337  READ   raw=None        stable=10.00     anomalies=2
2026-06-02T13:21:27.478  READ   raw=None        stable=10.00     anomalies=2
2026-06-02T13:21:27.615  READ   raw=None        stable=10.00     anomalies=2
2026-06-02T13:21:27.753  READ   raw=None        stable=10.00     anomalies=2
2026-06-02T13:21:27.889  READ   raw=.           stable=10.00     anomalies=2
2026-06-02T13:21:28.024  READ   raw=None        stable=10.00     anomalies=2
2026-06-02T13:21:28.150  READ   raw=None        stable=10.00     anomalies=2
2026-06-02T13:21:28.274  READ   raw=None        stable=10.00     anomalies=2
2026-06-02T13:21:28.401  READ   raw=None        stable=10.00     anomalies=2
2026-06-02T13:21:28.539  READ   raw=None        stable=10.00     anomalies=2
2026-06-02T13:21:28.677  READ   raw=None        stable=10.00     anomalies=2
2026-06-02T13:21:28.816  READ   raw=None        stable=10.00     anomalies=2
2026-06-02T13:21:28.940  READ   raw=None        stable=10.00     anomalies=2
2026-06-02T13:21:29.065  READ   raw=None        stable=10.00     anomalies=2
2026-06-02T13:21:29.190  READ   raw=None        stable=10.00     anomalies=2
2026-06-02T13:21:29.317  READ   raw=None        stable=10.00     anomalies=2
2026-06-02T13:21:29.442  READ   raw=None        stable=10.00     anomalies=2
2026-06-02T13:21:29.566  READ   raw=None        stable=10.00     anomalies=2
2026-06-02T13:21:29.691  READ   raw=None        stable=10.00     anomalies=2
2026-06-02T13:21:29.816  READ   raw=None        stable=10.00     anomalies=2
2026-06-02T13:21:29.941  READ   raw=None        stable=10.00     anomalies=2
2026-06-02T13:21:30.067  READ   raw=None        stable=10.00     anomalies=2
2026-06-02T13:21:30.191  READ   raw=None        stable=10.00     anomalies=2
2026-06-02T13:21:30.316  READ   raw=None        stable=10.00     anomalies=2
2026-06-02T13:21:30.461  READ   raw=7           stable=10.00     anomalies=3
2026-06-02T13:21:30.601  READ   raw=None        stable=10.00     anomalies=3
2026-06-02T13:21:30.735  READ   raw=None        stable=10.00     anomalies=3
2026-06-02T13:21:30.867  READ   raw=None        stable=10.00     anomalies=3
2026-06-02T13:21:31.000  READ   raw=None        stable=10.00     anomalies=3
2026-06-02T13:21:31.140  READ   raw=004         stable=10.00     anomalies=4
2026-06-02T13:21:31.283  READ   raw=003         stable=10.00     anomalies=5
2026-06-02T13:21:31.424  READ   raw=003         stable=10.00     anomalies=6
2026-06-02T13:21:31.563  READ   raw=003         stable=10.00     anomalies=7
2026-06-02T13:21:31.707  READ   raw=03          stable=10.00     anomalies=8
2026-06-02T13:21:31.847  READ   raw=03          stable=10.00     anomalies=9
2026-06-02T13:21:31.986  READ   raw=03          stable=10.00     anomalies=10
2026-06-02T13:21:32.125  READ   raw=03          stable=10.00     anomalies=11
2026-06-02T13:21:32.265  READ   raw=03          stable=10.00     anomalies=12
2026-06-02T13:21:32.405  READ   raw=02          stable=10.00     anomalies=13
2026-06-02T13:21:32.545  READ   raw=02          stable=10.00     anomalies=14
2026-06-02T13:21:32.686  READ   raw=02          stable=10.00     anomalies=15
2026-06-02T13:21:32.828  READ   raw=02          stable=10.00     anomalies=16
2026-06-02T13:21:32.970  READ   raw=02          stable=10.00     anomalies=17
2026-06-02T13:21:33.111  READ   raw=02          stable=10.00     anomalies=18
2026-06-02T13:21:33.252  READ   raw=02          stable=10.00     anomalies=19
2026-06-02T13:21:33.390  READ   raw=02          stable=10.00     anomalies=20
2026-06-02T13:21:33.531  READ   raw=02          stable=10.00     anomalies=21
2026-06-02T13:21:33.671  READ   raw=02          stable=10.00     anomalies=22
2026-06-02T13:21:33.811  READ   raw=02          stable=10.00     anomalies=23
2026-06-02T13:21:33.950  READ   raw=02          stable=10.00     anomalies=24
2026-06-02T13:21:34.090  READ   raw=02          stable=10.00     anomalies=25
2026-06-02T13:21:34.231  READ   raw=02          stable=10.00     anomalies=26
2026-06-02T13:21:34.372  READ   raw=02          stable=10.00     anomalies=27
2026-06-02T13:21:34.511  READ   raw=02          stable=10.00     anomalies=28
2026-06-02T13:21:34.648  READ   raw=02          stable=10.00     anomalies=29
2026-06-02T13:21:34.788  READ   raw=02          stable=10.00     anomalies=30
2026-06-02T13:21:34.926  READ   raw=02          stable=10.00     anomalies=31
2026-06-02T13:21:35.065  READ   raw=02          stable=10.00     anomalies=32
2026-06-02T13:21:35.205  READ   raw=02          stable=10.00     anomalies=33
2026-06-02T13:21:35.346  READ   raw=02          stable=10.00     anomalies=34
2026-06-02T13:21:35.486  READ   raw=02          stable=10.00     anomalies=35
2026-06-02T13:21:35.626  READ   raw=02          stable=10.00     anomalies=36
2026-06-02T13:21:35.765  READ   raw=02          stable=10.00     anomalies=37
2026-06-02T13:21:35.904  READ   raw=02          stable=10.00     anomalies=38
2026-06-02T13:21:36.043  READ   raw=02          stable=10.00     anomalies=39
2026-06-02T13:21:36.184  READ   raw=02          stable=10.00     anomalies=40
2026-06-02T13:21:36.324  READ   raw=02          stable=10.00     anomalies=41
2026-06-02T13:21:36.464  READ   raw=None        stable=10.00     anomalies=41
2026-06-02T13:21:36.609  READ   raw=02          stable=10.00     anomalies=42
2026-06-02T13:21:36.754  READ   raw=02          stable=10.00     anomalies=43
2026-06-02T13:21:36.896  READ   raw=02          stable=10.00     anomalies=44
2026-06-02T13:21:37.036  READ   raw=02          stable=10.00     anomalies=45
2026-06-02T13:21:37.177  READ   raw=02          stable=10.00     anomalies=46
2026-06-02T13:21:37.319  READ   raw=02          stable=10.00     anomalies=47
2026-06-02T13:21:37.462  READ   raw=02          stable=10.00     anomalies=48
2026-06-02T13:21:37.602  READ   raw=02          stable=10.00     anomalies=49
2026-06-02T13:21:37.746  READ   raw=02          stable=10.00     anomalies=50
2026-06-02T13:21:37.887  READ   raw=02          stable=10.00     anomalies=51
2026-06-02T13:21:38.027  READ   raw=02          stable=10.00     anomalies=52
2026-06-02T13:21:38.167  READ   raw=02          stable=10.00     anomalies=53
2026-06-02T13:21:38.308  READ   raw=02          stable=10.00     anomalies=54
2026-06-02T13:21:38.450  READ   raw=02          stable=10.00     anomalies=55
2026-06-02T13:21:38.590  READ   raw=02          stable=10.00     anomalies=56
2026-06-02T13:21:38.729  READ   raw=02          stable=10.00     anomalies=57
2026-06-02T13:21:38.870  READ   raw=02          stable=10.00     anomalies=58
2026-06-02T13:21:39.011  READ   raw=02          stable=10.00     anomalies=59
2026-06-02T13:21:39.151  READ   raw=02          stable=10.00     anomalies=60
2026-06-02T13:21:39.291  READ   raw=02          stable=10.00     anomalies=61
2026-06-02T13:21:39.435  READ   raw=02          stable=10.00     anomalies=62
2026-06-02T13:21:39.577  READ   raw=02          stable=10.00     anomalies=63
2026-06-02T13:21:39.719  READ   raw=02          stable=10.00     anomalies=64
2026-06-02T13:21:39.860  READ   raw=02          stable=10.00     anomalies=65
2026-06-02T13:21:40.013  READ   raw=02          stable=10.00     anomalies=66
2026-06-02T13:21:40.158  READ   raw=02          stable=10.00     anomalies=67
2026-06-02T13:21:40.301  READ   raw=02          stable=10.00     anomalies=68
2026-06-02T13:21:40.439  READ   raw=02          stable=10.00     anomalies=69
2026-06-02T13:21:40.581  READ   raw=02          stable=10.00     anomalies=70
2026-06-02T13:21:40.726  READ   raw=03          stable=10.00     anomalies=71
2026-06-02T13:21:40.869  READ   raw=03          stable=10.00     anomalies=72
2026-06-02T13:21:41.010  READ   raw=03          stable=10.00     anomalies=73
2026-06-02T13:21:41.149  READ   raw=03          stable=10.00     anomalies=74
2026-06-02T13:21:41.287  READ   raw=03          stable=10.00     anomalies=75
2026-06-02T13:21:41.426  READ   raw=03          stable=10.00     anomalies=76
2026-06-02T13:21:41.566  READ   raw=03          stable=10.00     anomalies=77
2026-06-02T13:21:41.709  READ   raw=03          stable=10.00     anomalies=78
2026-06-02T13:21:41.848  READ   raw=04          stable=10.00     anomalies=79
2026-06-02T13:21:41.991  READ   raw=04          stable=10.00     anomalies=80
2026-06-02T13:21:42.135  READ   raw=04          stable=10.00     anomalies=81
2026-06-02T13:21:42.273  READ   raw=04          stable=10.00     anomalies=82
2026-06-02T13:21:42.414  READ   raw=04          stable=10.00     anomalies=83
2026-06-02T13:21:42.554  READ   raw=04          stable=10.00     anomalies=84
2026-06-02T13:21:42.697  READ   raw=04          stable=10.00     anomalies=85
2026-06-02T13:21:42.838  READ   raw=04          stable=10.00     anomalies=86
2026-06-02T13:21:42.978  READ   raw=04          stable=10.00     anomalies=87
2026-06-02T13:21:43.119  READ   raw=04          stable=10.00     anomalies=88
2026-06-02T13:21:43.259  READ   raw=04          stable=10.00     anomalies=89
2026-06-02T13:21:43.400  READ   raw=04          stable=10.00     anomalies=90
2026-06-02T13:21:43.540  READ   raw=04          stable=10.00     anomalies=91
2026-06-02T13:21:43.682  READ   raw=04          stable=10.00     anomalies=92
2026-06-02T13:21:43.835  READ   raw=04          stable=10.00     anomalies=93
2026-06-02T13:21:43.980  READ   raw=04          stable=10.00     anomalies=94
2026-06-02T13:21:44.121  READ   raw=04          stable=10.00     anomalies=95
2026-06-02T13:21:44.261  READ   raw=04          stable=10.00     anomalies=96
2026-06-02T13:21:44.401  READ   raw=04          stable=10.00     anomalies=97
2026-06-02T13:21:44.542  READ   raw=02          stable=10.00     anomalies=98
2026-06-02T13:21:44.683  READ   raw=02          stable=10.00     anomalies=99
2026-06-02T13:21:44.825  READ   raw=02          stable=10.00     anomalies=100
2026-06-02T13:21:44.965  READ   raw=02          stable=10.00     anomalies=101
2026-06-02T13:21:45.108  READ   raw=02          stable=10.00     anomalies=102
2026-06-02T13:21:45.251  READ   raw=02          stable=10.00     anomalies=103
2026-06-02T13:21:45.393  READ   raw=02          stable=10.00     anomalies=104
2026-06-02T13:21:45.537  READ   raw=02          stable=10.00     anomalies=105
2026-06-02T13:21:45.678  READ   raw=02          stable=10.00     anomalies=106
2026-06-02T13:21:45.818  READ   raw=04          stable=10.00     anomalies=107
2026-06-02T13:21:45.959  READ   raw=04          stable=10.00     anomalies=108
2026-06-02T13:21:46.101  READ   raw=04          stable=10.00     anomalies=109
2026-06-02T13:21:46.243  READ   raw=04          stable=10.00     anomalies=110
2026-06-02T13:21:46.387  READ   raw=04          stable=10.00     anomalies=111
2026-06-02T13:21:46.527  READ   raw=04          stable=10.00     anomalies=112
2026-06-02T13:21:46.667  READ   raw=04          stable=10.00     anomalies=113
2026-06-02T13:21:46.809  READ   raw=04          stable=10.00     anomalies=114
2026-06-02T13:21:46.949  READ   raw=04          stable=10.00     anomalies=115
2026-06-02T13:21:47.091  READ   raw=02          stable=10.00     anomalies=116
2026-06-02T13:21:47.231  READ   raw=02          stable=10.00     anomalies=117
2026-06-02T13:21:47.370  READ   raw=02          stable=10.00     anomalies=118
2026-06-02T13:21:47.511  READ   raw=02          stable=10.00     anomalies=119
2026-06-02T13:21:47.652  READ   raw=02          stable=10.00     anomalies=120
2026-06-02T13:21:47.792  READ   raw=02          stable=10.00     anomalies=121
2026-06-02T13:21:47.932  READ   raw=02          stable=10.00     anomalies=122
2026-06-02T13:21:48.074  READ   raw=02          stable=10.00     anomalies=123
2026-06-02T13:21:48.216  READ   raw=02          stable=10.00     anomalies=124
2026-06-02T13:21:48.359  READ   raw=03          stable=10.00     anomalies=125
2026-06-02T13:21:48.499  READ   raw=03          stable=10.00     anomalies=126
2026-06-02T13:21:48.639  READ   raw=03          stable=10.00     anomalies=127
2026-06-02T13:21:48.779  READ   raw=03          stable=10.00     anomalies=128
2026-06-02T13:21:48.921  READ   raw=03          stable=10.00     anomalies=129
2026-06-02T13:21:49.065  READ   raw=03          stable=10.00     anomalies=130
2026-06-02T13:21:49.205  READ   raw=03          stable=10.00     anomalies=131
2026-06-02T13:21:49.348  READ   raw=03          stable=10.00     anomalies=132
2026-06-02T13:21:49.491  READ   raw=03          stable=10.00     anomalies=133
2026-06-02T13:21:49.634  READ   raw=03          stable=10.00     anomalies=134
2026-06-02T13:21:49.773  READ   raw=04          stable=10.00     anomalies=135
2026-06-02T13:21:49.915  READ   raw=04          stable=10.00     anomalies=136
2026-06-02T13:21:50.060  READ   raw=04          stable=10.00     anomalies=137
2026-06-02T13:21:50.217  READ   raw=04          stable=10.00     anomalies=138
2026-06-02T13:21:50.358  READ   raw=04          stable=10.00     anomalies=139
2026-06-02T13:21:50.498  READ   raw=04          stable=10.00     anomalies=140
2026-06-02T13:21:50.639  READ   raw=04          stable=10.00     anomalies=141
2026-06-02T13:21:50.781  READ   raw=04          stable=10.00     anomalies=142
2026-06-02T13:21:50.923  READ   raw=04          stable=10.00     anomalies=143
2026-06-02T13:21:51.065  READ   raw=07          stable=10.00     anomalies=144
2026-06-02T13:21:51.206  READ   raw=02          stable=10.00     anomalies=145
2026-06-02T13:21:51.347  READ   raw=02          stable=10.00     anomalies=146
2026-06-02T13:21:51.488  READ   raw=02          stable=10.00     anomalies=147
2026-06-02T13:21:51.629  READ   raw=02          stable=10.00     anomalies=148
2026-06-02T13:21:51.771  READ   raw=02          stable=10.00     anomalies=149
2026-06-02T13:21:51.914  READ   raw=02          stable=10.00     anomalies=150
2026-06-02T13:21:52.055  READ   raw=02          stable=10.00     anomalies=151
2026-06-02T13:21:52.194  READ   raw=02          stable=10.00     anomalies=152
2026-06-02T13:21:52.335  READ   raw=02          stable=10.00     anomalies=153
2026-06-02T13:21:52.474  READ   raw=02          stable=10.00     anomalies=154
2026-06-02T13:21:52.615  READ   raw=02          stable=10.00     anomalies=155
2026-06-02T13:21:52.757  READ   raw=02          stable=10.00     anomalies=156
2026-06-02T13:21:52.897  READ   raw=02          stable=10.00     anomalies=157
2026-06-02T13:21:53.037  READ   raw=02          stable=10.00     anomalies=158
2026-06-02T13:21:53.177  READ   raw=02          stable=10.00     anomalies=159
2026-06-02T13:21:53.318  READ   raw=02          stable=10.00     anomalies=160
2026-06-02T13:21:53.460  READ   raw=02          stable=10.00     anomalies=161
2026-06-02T13:21:53.600  READ   raw=02          stable=10.00     anomalies=162
2026-06-02T13:21:53.740  READ   raw=02          stable=10.00     anomalies=163
2026-06-02T13:21:53.881  READ   raw=02          stable=10.00     anomalies=164
2026-06-02T13:21:54.023  READ   raw=02          stable=10.00     anomalies=165
2026-06-02T13:21:54.165  READ   raw=02          stable=10.00     anomalies=166
2026-06-02T13:21:54.308  READ   raw=02          stable=10.00     anomalies=167
2026-06-02T13:21:54.449  READ   raw=02          stable=10.00     anomalies=168
2026-06-02T13:21:54.590  READ   raw=02          stable=10.00     anomalies=169
2026-06-02T13:21:54.731  READ   raw=02          stable=10.00     anomalies=170
2026-06-02T13:21:54.872  READ   raw=02          stable=10.00     anomalies=171
2026-06-02T13:21:55.013  READ   raw=01          stable=10.00     anomalies=172
2026-06-02T13:21:55.158  READ   raw=01          stable=10.00     anomalies=173
2026-06-02T13:21:55.314  READ   raw=01          stable=10.00     anomalies=174
2026-06-02T13:21:55.455  READ   raw=01          stable=10.00     anomalies=175
2026-06-02T13:21:55.596  READ   raw=01          stable=10.00     anomalies=176
2026-06-02T13:21:55.742  READ   raw=01          stable=10.00     anomalies=177
2026-06-02T13:21:55.884  READ   raw=01          stable=10.00     anomalies=178
2026-06-02T13:21:56.027  READ   raw=01          stable=10.00     anomalies=179
2026-06-02T13:21:56.168  READ   raw=02          stable=10.00     anomalies=180
2026-06-02T13:21:56.313  READ   raw=02          stable=10.00     anomalies=181
2026-06-02T13:21:56.455  READ   raw=02          stable=10.00     anomalies=182
2026-06-02T13:21:56.595  READ   raw=02          stable=10.00     anomalies=183
2026-06-02T13:21:56.736  READ   raw=02          stable=10.00     anomalies=184
2026-06-02T13:21:56.880  READ   raw=02          stable=10.00     anomalies=185
2026-06-02T13:21:57.022  READ   raw=02          stable=10.00     anomalies=186
2026-06-02T13:21:57.161  READ   raw=02          stable=10.00     anomalies=187
2026-06-02T13:21:57.303  READ   raw=02          stable=10.00     anomalies=188
2026-06-02T13:21:57.445  READ   raw=02          stable=10.00     anomalies=189
2026-06-02T13:21:57.587  READ   raw=02          stable=10.00     anomalies=190
2026-06-02T13:21:57.732  READ   raw=03          stable=10.00     anomalies=191
2026-06-02T13:21:57.872  READ   raw=03          stable=10.00     anomalies=192
2026-06-02T13:21:58.015  READ   raw=03          stable=10.00     anomalies=193
2026-06-02T13:21:58.157  READ   raw=03          stable=10.00     anomalies=194
2026-06-02T13:21:58.298  READ   raw=03          stable=10.00     anomalies=195
2026-06-02T13:21:58.439  READ   raw=03          stable=10.00     anomalies=196
2026-06-02T13:21:58.580  READ   raw=03          stable=10.00     anomalies=197
2026-06-02T13:21:58.725  READ   raw=03          stable=10.00     anomalies=198
2026-06-02T13:21:58.867  READ   raw=03          stable=10.00     anomalies=199
2026-06-02T13:21:59.011  READ   raw=01          stable=10.00     anomalies=200
2026-06-02T13:21:59.151  READ   raw=01          stable=10.00     anomalies=201
2026-06-02T13:21:59.292  READ   raw=01          stable=10.00     anomalies=202
2026-06-02T13:21:59.434  READ   raw=01          stable=10.00     anomalies=203
2026-06-02T13:21:59.574  READ   raw=01          stable=10.00     anomalies=204
2026-06-02T13:21:59.717  READ   raw=01          stable=10.00     anomalies=205
2026-06-02T13:21:59.859  READ   raw=01          stable=10.00     anomalies=206
2026-06-02T13:22:00.001  READ   raw=01          stable=10.00     anomalies=207
2026-06-02T13:22:00.143  READ   raw=01          stable=10.00     anomalies=208
2026-06-02T13:22:00.286  READ   raw=03          stable=10.00     anomalies=209
2026-06-02T13:22:00.426  READ   raw=03          stable=10.00     anomalies=210
2026-06-02T13:22:00.570  READ   raw=03          stable=10.00     anomalies=211
2026-06-02T13:22:00.715  READ   raw=03          stable=10.00     anomalies=212
2026-06-02T13:22:00.857  READ   raw=03          stable=10.00     anomalies=213
2026-06-02T13:22:01.002  READ   raw=03          stable=10.00     anomalies=214
2026-06-02T13:22:01.144  READ   raw=03          stable=10.00     anomalies=215
2026-06-02T13:22:01.285  READ   raw=03          stable=10.00     anomalies=216
2026-06-02T13:22:01.428  READ   raw=03          stable=10.00     anomalies=217
2026-06-02T13:22:01.570  READ   raw=03          stable=10.00     anomalies=218
2026-06-02T13:22:01.712  READ   raw=03          stable=10.00     anomalies=219
2026-06-02T13:22:01.853  READ   raw=03          stable=10.00     anomalies=220
2026-06-02T13:22:01.998  READ   raw=03          stable=10.00     anomalies=221
2026-06-02T13:22:02.141  READ   raw=03          stable=10.00     anomalies=222
2026-06-02T13:22:02.283  READ   raw=03          stable=10.00     anomalies=223
2026-06-02T13:22:02.425  READ   raw=03          stable=10.00     anomalies=224
2026-06-02T13:22:02.567  READ   raw=03          stable=10.00     anomalies=225
2026-06-02T13:22:02.711  READ   raw=03          stable=10.00     anomalies=226
2026-06-02T13:22:02.852  READ   raw=03          stable=10.00     anomalies=227
2026-06-02T13:22:02.991  READ   raw=03          stable=10.00     anomalies=228
2026-06-02T13:22:03.133  READ   raw=03          stable=10.00     anomalies=229
2026-06-02T13:22:03.274  READ   raw=03          stable=10.00     anomalies=230
2026-06-02T13:22:03.415  READ   raw=03          stable=10.00     anomalies=231
2026-06-02T13:22:03.555  READ   raw=03          stable=10.00     anomalies=232
2026-06-02T13:22:03.696  READ   raw=03          stable=10.00     anomalies=233
2026-06-02T13:22:03.838  READ   raw=03          stable=10.00     anomalies=234
2026-06-02T13:22:03.978  READ   raw=03          stable=10.00     anomalies=235
2026-06-02T13:22:04.119  READ   raw=None        stable=10.00     anomalies=235
2026-06-02T13:22:04.259  READ   raw=None        stable=10.00     anomalies=235
2026-06-02T13:22:04.401  READ   raw=02          stable=10.00     anomalies=236
2026-06-02T13:22:04.541  READ   raw=02          stable=10.00     anomalies=237
2026-06-02T13:22:04.682  READ   raw=02          stable=10.00     anomalies=238
2026-06-02T13:22:04.821  READ   raw=None        stable=10.00     anomalies=238
2026-06-02T13:22:04.964  READ   raw=None        stable=10.00     anomalies=238
2026-06-02T13:22:05.105  READ   raw=None        stable=10.00     anomalies=238
2026-06-02T13:22:05.248  READ   raw=02          stable=10.00     anomalies=239
2026-06-02T13:22:05.388  READ   raw=None        stable=10.00     anomalies=239
2026-06-02T13:22:05.527  READ   raw=None        stable=10.00     anomalies=239
2026-06-02T13:22:05.668  READ   raw=02          stable=10.00     anomalies=240
2026-06-02T13:22:05.808  READ   raw=None        stable=10.00     anomalies=240
2026-06-02T13:22:05.950  READ   raw=02          stable=10.00     anomalies=241
2026-06-02T13:22:06.096  READ   raw=None        stable=10.00     anomalies=241
2026-06-02T13:22:06.236  READ   raw=02          stable=10.00     anomalies=242
2026-06-02T13:22:06.378  READ   raw=02          stable=10.00     anomalies=243
2026-06-02T13:22:06.518  READ   raw=02          stable=10.00     anomalies=244
2026-06-02T13:22:06.658  READ   raw=02          stable=10.00     anomalies=245
2026-06-02T13:22:06.800  READ   raw=02          stable=10.00     anomalies=246
2026-06-02T13:22:06.941  READ   raw=02          stable=10.00     anomalies=247
2026-06-02T13:22:07.080  READ   raw=None        stable=10.00     anomalies=247
2026-06-02T13:22:07.221  READ   raw=02          stable=10.00     anomalies=248
2026-06-02T13:22:07.361  READ   raw=02          stable=10.00     anomalies=249
2026-06-02T13:22:07.504  READ   raw=02          stable=10.00     anomalies=250
2026-06-02T13:22:07.645  READ   raw=02          stable=10.00     anomalies=251
2026-06-02T13:22:07.788  READ   raw=02          stable=10.00     anomalies=252
2026-06-02T13:22:07.936  READ   raw=02          stable=10.00     anomalies=253
2026-06-02T13:22:08.082  READ   raw=02          stable=10.00     anomalies=254
2026-06-02T13:22:08.222  READ   raw=02          stable=10.00     anomalies=255
2026-06-02T13:22:08.366  READ   raw=02          stable=10.00     anomalies=256
2026-06-02T13:22:08.510  READ   raw=02          stable=10.00     anomalies=257
2026-06-02T13:22:08.655  READ   raw=None        stable=10.00     anomalies=257
2026-06-02T13:22:08.797  READ   raw=02          stable=10.00     anomalies=258
2026-06-02T13:22:08.940  READ   raw=02          stable=10.00     anomalies=259
2026-06-02T13:22:09.082  READ   raw=02          stable=10.00     anomalies=260
2026-06-02T13:22:09.231  READ   raw=02          stable=10.00     anomalies=261
2026-06-02T13:22:09.376  READ   raw=02          stable=10.00     anomalies=262
2026-06-02T13:22:09.535  # run ended: 2026-06-02T13:22:09.535514
