# seenums run started: 2026-06-04T11:37:10.360888
# initial_value=4.2  max_delta=2.0  forced_reset_count=never
# gpio: pin=6  ms=250  tickle_low_threshold=3.5
#
# timestamp                     event
#----------------------------------------------------------------------
2026-06-04T11:37:11.041  READ   raw=None        stable=4.20      anomalies=0
2026-06-04T11:37:11.280  READ   raw=None        stable=4.20      anomalies=0
2026-06-04T11:37:11.424  READ   raw=None        stable=4.20      anomalies=0
2026-06-04T11:37:11.546  READ   raw=None        stable=4.20      anomalies=0
2026-06-04T11:37:11.670  READ   raw=2           stable=4.20      anomalies=1
2026-06-04T11:37:11.793  READ   raw=.           stable=4.20      anomalies=1
2026-06-04T11:37:11.915  READ   raw=None        stable=4.20      anomalies=1
2026-06-04T11:37:12.037  READ   raw=None        stable=4.20      anomalies=1
2026-06-04T11:37:12.156  READ   raw=None        stable=4.20      anomalies=1
2026-06-04T11:37:12.277  READ   raw=None        stable=4.20      anomalies=1
2026-06-04T11:37:12.396  READ   raw=None        stable=4.20      anomalies=1
2026-06-04T11:37:12.512  READ   raw=None        stable=4.20      anomalies=1
2026-06-04T11:37:12.635  READ   raw=None        stable=4.20      anomalies=1
2026-06-04T11:37:12.753  READ   raw=None        stable=4.20      anomalies=1
2026-06-04T11:37:12.875  READ   raw=None        stable=4.20      anomalies=1
2026-06-04T11:37:12.999  READ   raw=.           stable=4.20      anomalies=1
2026-06-04T11:37:13.117  READ   raw=None        stable=4.20      anomalies=1
2026-06-04T11:37:13.239  READ   raw=None        stable=4.20      anomalies=1
2026-06-04T11:37:13.361  READ   raw=.           stable=4.20      anomalies=1
2026-06-04T11:37:13.483  READ   raw=None        stable=4.20      anomalies=1
2026-06-04T11:37:13.609  READ   raw=None        stable=4.20      anomalies=1
2026-06-04T11:37:13.726  READ   raw=None        stable=4.20      anomalies=1
2026-06-04T11:37:13.852  READ   raw=.           stable=4.20      anomalies=1
2026-06-04T11:37:13.976  READ   raw=None        stable=4.20      anomalies=1
2026-06-04T11:37:14.105  READ   raw=4           stable=4.00      anomalies=0
2026-06-04T11:37:14.227  READ   raw=None        stable=4.00      anomalies=0
2026-06-04T11:37:14.350  READ   raw=None        stable=4.00      anomalies=0
2026-06-04T11:37:14.473  READ   raw=2           stable=4.00      anomalies=1
2026-06-04T11:37:14.607  READ   raw=None        stable=4.00      anomalies=1
2026-06-04T11:37:14.729  READ   raw=.8          stable=4.00      anomalies=2
2026-06-04T11:37:14.847  READ   raw=None        stable=4.00      anomalies=2
2026-06-04T11:37:14.985  READ   raw=None        stable=4.00      anomalies=2
2026-06-04T11:37:15.103  READ   raw=None        stable=4.00      anomalies=2
2026-06-04T11:37:15.229  READ   raw=None        stable=4.00      anomalies=2
2026-06-04T11:37:15.351  READ   raw=None        stable=4.00      anomalies=2
2026-06-04T11:37:15.472  READ   raw=None        stable=4.00      anomalies=2
2026-06-04T11:37:15.592  READ   raw=None        stable=4.00      anomalies=2
2026-06-04T11:37:15.713  READ   raw=None        stable=4.00      anomalies=2
2026-06-04T11:37:15.833  READ   raw=None        stable=4.00      anomalies=2
2026-06-04T11:37:15.955  READ   raw=None        stable=4.00      anomalies=2
2026-06-04T11:37:16.077  READ   raw=None        stable=4.00      anomalies=2
2026-06-04T11:37:16.201  READ   raw=None        stable=4.00      anomalies=2
2026-06-04T11:37:16.321  READ   raw=None        stable=4.00      anomalies=2
2026-06-04T11:37:16.446  READ   raw=7           stable=4.00      anomalies=3
2026-06-04T11:37:16.572  READ   raw=None        stable=4.00      anomalies=3
2026-06-04T11:37:16.695  READ   raw=None        stable=4.00      anomalies=3
2026-06-04T11:37:16.820  READ   raw=None        stable=4.00      anomalies=3
2026-06-04T11:37:16.945  READ   raw=None        stable=4.00      anomalies=3
2026-06-04T11:37:17.066  READ   raw=None        stable=4.00      anomalies=3
2026-06-04T11:37:17.189  READ   raw=None        stable=4.00      anomalies=3
2026-06-04T11:37:17.310  READ   raw=.           stable=4.00      anomalies=3
2026-06-04T11:37:17.431  READ   raw=.           stable=4.00      anomalies=3
2026-06-04T11:37:17.552  READ   raw=None        stable=4.00      anomalies=3
2026-06-04T11:37:17.672  READ   raw=7           stable=4.00      anomalies=4
2026-06-04T11:37:17.795  READ   raw=None        stable=4.00      anomalies=4
2026-06-04T11:37:17.931  READ   raw=None        stable=4.00      anomalies=4
2026-06-04T11:37:18.054  READ   raw=None        stable=4.00      anomalies=4
2026-06-04T11:37:18.175  READ   raw=None        stable=4.00      anomalies=4
2026-06-04T11:37:18.291  READ   raw=None        stable=4.00      anomalies=4
2026-06-04T11:37:18.406  READ   raw=None        stable=4.00      anomalies=4
2026-06-04T11:37:18.531  READ   raw=None        stable=4.00      anomalies=4
2026-06-04T11:37:18.654  READ   raw=None        stable=4.00      anomalies=4
2026-06-04T11:37:18.776  READ   raw=None        stable=4.00      anomalies=4
2026-06-04T11:37:18.892  READ   raw=None        stable=4.00      anomalies=4
2026-06-04T11:37:19.010  READ   raw=None        stable=4.00      anomalies=4
2026-06-04T11:37:19.126  READ   raw=None        stable=4.00      anomalies=4
2026-06-04T11:37:19.241  READ   raw=None        stable=4.00      anomalies=4
2026-06-04T11:37:19.357  READ   raw=None        stable=4.00      anomalies=4
2026-06-04T11:37:19.473  READ   raw=None        stable=4.00      anomalies=4
2026-06-04T11:37:19.588  READ   raw=None        stable=4.00      anomalies=4
2026-06-04T11:37:19.703  READ   raw=None        stable=4.00      anomalies=4
2026-06-04T11:37:19.819  READ   raw=None        stable=4.00      anomalies=4
2026-06-04T11:37:19.937  READ   raw=None        stable=4.00      anomalies=4
2026-06-04T11:37:20.064  READ   raw=None        stable=4.00      anomalies=4
2026-06-04T11:37:20.185  READ   raw=None        stable=4.00      anomalies=4
2026-06-04T11:37:20.300  READ   raw=None        stable=4.00      anomalies=4
2026-06-04T11:37:20.416  READ   raw=None        stable=4.00      anomalies=4
2026-06-04T11:37:20.532  READ   raw=None        stable=4.00      anomalies=4
2026-06-04T11:37:20.649  READ   raw=None        stable=4.00      anomalies=4
2026-06-04T11:37:20.775  READ   raw=None        stable=4.00      anomalies=4
2026-06-04T11:37:20.897  READ   raw=None        stable=4.00      anomalies=4
2026-06-04T11:37:21.017  READ   raw=None        stable=4.00      anomalies=4
2026-06-04T11:37:21.134  READ   raw=None        stable=4.00      anomalies=4
2026-06-04T11:37:21.251  READ   raw=None        stable=4.00      anomalies=4
2026-06-04T11:37:21.436  # run ended: 2026-06-04T11:37:21.436464
