# seenums run started: 2026-06-04T11:32:43.048864
# initial_value=4.2  max_delta=2.0  forced_reset_count=never
# gpio: pin=6  ms=250  tickle_low_threshold=3.5
#
# timestamp                     event
#----------------------------------------------------------------------
2026-06-04T11:32:43.628  READ   raw=7
.         stable=4.20      anomalies=0
2026-06-04T11:32:43.995  READ   raw=5
.
7       stable=4.20      anomalies=0
2026-06-04T11:32:44.128  READ   raw=None        stable=4.20      anomalies=0
2026-06-04T11:32:44.257  READ   raw=None        stable=4.20      anomalies=0
2026-06-04T11:32:44.386  READ   raw=None        stable=4.20      anomalies=0
2026-06-04T11:32:44.512  READ   raw=None        stable=4.20      anomalies=0
2026-06-04T11:32:44.640  READ   raw=None        stable=4.20      anomalies=0
2026-06-04T11:32:44.772  READ   raw=None        stable=4.20      anomalies=0
2026-06-04T11:32:44.904  READ   raw=None        stable=4.20      anomalies=0
2026-06-04T11:32:45.036  READ   raw=None        stable=4.20      anomalies=0
2026-06-04T11:32:45.161  READ   raw=None        stable=4.20      anomalies=0
2026-06-04T11:32:45.292  READ   raw=None        stable=4.20      anomalies=0
2026-06-04T11:32:45.416  READ   raw=None        stable=4.20      anomalies=0
2026-06-04T11:32:45.546  READ   raw=None        stable=4.20      anomalies=0
2026-06-04T11:32:45.679  READ   raw=None        stable=4.20      anomalies=0
2026-06-04T11:32:45.811  READ   raw=None        stable=4.20      anomalies=0
2026-06-04T11:32:45.941  READ   raw=None        stable=4.20      anomalies=0
2026-06-04T11:32:46.074  READ   raw=None        stable=4.20      anomalies=0
2026-06-04T11:32:46.199  READ   raw=None        stable=4.20      anomalies=0
2026-06-04T11:32:46.328  READ   raw=None        stable=4.20      anomalies=0
2026-06-04T11:32:46.462  READ   raw=None        stable=4.20      anomalies=0
2026-06-04T11:32:46.597  READ   raw=None        stable=4.20      anomalies=0
2026-06-04T11:32:46.732  READ   raw=None        stable=4.20      anomalies=0
2026-06-04T11:32:46.866  READ   raw=None        stable=4.20      anomalies=0
2026-06-04T11:32:47.002  READ   raw=None        stable=4.20      anomalies=0
2026-06-04T11:32:47.133  READ   raw=None        stable=4.20      anomalies=0
2026-06-04T11:32:47.256  READ   raw=None        stable=4.20      anomalies=0
2026-06-04T11:32:47.386  READ   raw=None        stable=4.20      anomalies=0
2026-06-04T11:32:47.516  READ   raw=None        stable=4.20      anomalies=0
2026-06-04T11:32:47.647  READ   raw=None        stable=4.20      anomalies=0
2026-06-04T11:32:47.785  READ   raw=None        stable=4.20      anomalies=0
2026-06-04T11:32:47.914  READ   raw=None        stable=4.20      anomalies=0
2026-06-04T11:32:48.039  READ   raw=None        stable=4.20      anomalies=0
2026-06-04T11:32:48.164  READ   raw=None        stable=4.20      anomalies=0
2026-06-04T11:32:48.290  READ   raw=None        stable=4.20      anomalies=0
2026-06-04T11:32:48.422  READ   raw=None        stable=4.20      anomalies=0
2026-06-04T11:32:48.554  READ   raw=None        stable=4.20      anomalies=0
2026-06-04T11:32:48.684  READ   raw=None        stable=4.20      anomalies=0
2026-06-04T11:32:48.822  READ   raw=None        stable=4.20      anomalies=0
2026-06-04T11:32:48.952  READ   raw=None        stable=4.20      anomalies=0
2026-06-04T11:32:49.091  READ   raw=None        stable=4.20      anomalies=0
2026-06-04T11:32:49.218  READ   raw=None        stable=4.20      anomalies=0
2026-06-04T11:32:49.343  READ   raw=None        stable=4.20      anomalies=0
2026-06-04T11:32:49.468  READ   raw=None        stable=4.20      anomalies=0
2026-06-04T11:32:49.608  READ   raw=None        stable=4.20      anomalies=0
2026-06-04T11:32:49.750  READ   raw=None        stable=4.20      anomalies=0
2026-06-04T11:32:49.881  READ   raw=None        stable=4.20      anomalies=0
2026-06-04T11:32:50.009  READ   raw=None        stable=4.20      anomalies=0
2026-06-04T11:32:50.135  READ   raw=None        stable=4.20      anomalies=0
2026-06-04T11:32:50.264  READ   raw=None        stable=4.20      anomalies=0
2026-06-04T11:32:50.394  READ   raw=None        stable=4.20      anomalies=0
2026-06-04T11:32:50.520  READ   raw=None        stable=4.20      anomalies=0
2026-06-04T11:32:50.647  READ   raw=None        stable=4.20      anomalies=0
2026-06-04T11:32:50.775  READ   raw=None        stable=4.20      anomalies=0
2026-06-04T11:32:50.902  READ   raw=None        stable=4.20      anomalies=0
2026-06-04T11:32:51.037  READ   raw=None        stable=4.20      anomalies=0
2026-06-04T11:32:51.156  READ   raw=None        stable=4.20      anomalies=0
2026-06-04T11:32:51.283  READ   raw=None        stable=4.20      anomalies=0
2026-06-04T11:32:51.413  READ   raw=None        stable=4.20      anomalies=0
2026-06-04T11:32:51.549  READ   raw=None        stable=4.20      anomalies=0
2026-06-04T11:32:51.687  READ   raw=None        stable=4.20      anomalies=0
2026-06-04T11:32:51.826  READ   raw=None        stable=4.20      anomalies=0
2026-06-04T11:32:51.967  READ   raw=7           stable=4.20      anomalies=1
2026-06-04T11:32:52.108  READ   raw=None        stable=4.20      anomalies=1
2026-06-04T11:32:52.264  READ   raw=2
7         stable=4.20      anomalies=1
2026-06-04T11:32:52.401  READ   raw=None        stable=4.20      anomalies=1
2026-06-04T11:32:52.536  READ   raw=None        stable=4.20      anomalies=1
2026-06-04T11:32:52.672  READ   raw=None        stable=4.20      anomalies=1
2026-06-04T11:32:52.832  READ   raw=None        stable=4.20      anomalies=1
2026-06-04T11:32:52.976  READ   raw=7           stable=4.20      anomalies=2
2026-06-04T11:32:53.102  READ   raw=None        stable=4.20      anomalies=2
2026-06-04T11:32:53.235  READ   raw=None        stable=4.20      anomalies=2
2026-06-04T11:32:53.369  READ   raw=None        stable=4.20      anomalies=2
2026-06-04T11:32:53.504  READ   raw=None        stable=4.20      anomalies=2
2026-06-04T11:32:53.647  READ   raw=None        stable=4.20      anomalies=2
2026-06-04T11:32:53.784  READ   raw=None        stable=4.20      anomalies=2
2026-06-04T11:32:53.924  READ   raw=None        stable=4.20      anomalies=2
2026-06-04T11:32:54.061  READ   raw=None        stable=4.20      anomalies=2
2026-06-04T11:32:54.198  READ   raw=None        stable=4.20      anomalies=2
2026-06-04T11:32:54.334  READ   raw=None        stable=4.20      anomalies=2
2026-06-04T11:32:54.468  READ   raw=None        stable=4.20      anomalies=2
2026-06-04T11:32:54.602  READ   raw=None        stable=4.20      anomalies=2
2026-06-04T11:32:54.738  READ   raw=7           stable=4.20      anomalies=3
2026-06-04T11:32:54.872  READ   raw=7           stable=4.20      anomalies=4
2026-06-04T11:32:55.009  READ   raw=None        stable=4.20      anomalies=4
2026-06-04T11:32:55.147  READ   raw=None        stable=4.20      anomalies=4
2026-06-04T11:32:55.282  READ   raw=None        stable=4.20      anomalies=4
2026-06-04T11:32:55.416  READ   raw=None        stable=4.20      anomalies=4
2026-06-04T11:32:55.547  READ   raw=None        stable=4.20      anomalies=4
2026-06-04T11:32:55.681  READ   raw=None        stable=4.20      anomalies=4
2026-06-04T11:32:55.816  READ   raw=None        stable=4.20      anomalies=4
2026-06-04T11:32:55.952  READ   raw=None        stable=4.20      anomalies=4
2026-06-04T11:32:56.091  READ   raw=None        stable=4.20      anomalies=4
2026-06-04T11:32:56.262  READ   raw=7           stable=4.20      anomalies=5
2026-06-04T11:32:56.429  READ   raw=None        stable=4.20      anomalies=5
2026-06-04T11:32:56.561  READ   raw=None        stable=4.20      anomalies=5
2026-06-04T11:32:56.696  READ   raw=None        stable=4.20      anomalies=5
2026-06-04T11:32:56.834  READ   raw=None        stable=4.20      anomalies=5
2026-06-04T11:32:56.967  READ   raw=None        stable=4.20      anomalies=5
2026-06-04T11:32:57.100  READ   raw=None        stable=4.20      anomalies=5
2026-06-04T11:32:57.233  READ   raw=None        stable=4.20      anomalies=5
2026-06-04T11:32:57.368  READ   raw=None        stable=4.20      anomalies=5
2026-06-04T11:32:57.502  READ   raw=None        stable=4.20      anomalies=5
2026-06-04T11:32:57.655  READ   raw=None        stable=4.20      anomalies=5
2026-06-04T11:32:57.789  READ   raw=None        stable=4.20      anomalies=5
2026-06-04T11:32:57.922  READ   raw=7           stable=4.20      anomalies=6
2026-06-04T11:32:58.058  READ   raw=None        stable=4.20      anomalies=6
2026-06-04T11:32:58.194  READ   raw=None        stable=4.20      anomalies=6
2026-06-04T11:32:58.341  READ   raw=None        stable=4.20      anomalies=6
2026-06-04T11:32:58.477  READ   raw=None        stable=4.20      anomalies=6
2026-06-04T11:32:58.615  READ   raw=None        stable=4.20      anomalies=6
2026-06-04T11:32:58.756  READ   raw=None        stable=4.20      anomalies=6
2026-06-04T11:32:58.889  READ   raw=None        stable=4.20      anomalies=6
2026-06-04T11:32:59.023  READ   raw=None        stable=4.20      anomalies=6
2026-06-04T11:32:59.164  READ   raw=7           stable=4.20      anomalies=7
2026-06-04T11:32:59.304  READ   raw=None        stable=4.20      anomalies=7
2026-06-04T11:32:59.438  READ   raw=None        stable=4.20      anomalies=7
2026-06-04T11:32:59.569  READ   raw=None        stable=4.20      anomalies=7
2026-06-04T11:32:59.702  READ   raw=None        stable=4.20      anomalies=7
2026-06-04T11:32:59.835  READ   raw=None        stable=4.20      anomalies=7
2026-06-04T11:32:59.967  READ   raw=7           stable=4.20      anomalies=8
2026-06-04T11:33:00.097  READ   raw=None        stable=4.20      anomalies=8
2026-06-04T11:33:00.232  READ   raw=None        stable=4.20      anomalies=8
2026-06-04T11:33:00.375  READ   raw=None        stable=4.20      anomalies=8
2026-06-04T11:33:00.513  READ   raw=None        stable=4.20      anomalies=8
2026-06-04T11:33:00.653  READ   raw=None        stable=4.20      anomalies=8
2026-06-04T11:33:00.800  READ   raw=4           stable=4.00      anomalies=0
2026-06-04T11:33:00.924  READ   raw=None        stable=4.00      anomalies=0
2026-06-04T11:33:01.061  READ   raw=None        stable=4.00      anomalies=0
2026-06-04T11:33:01.188  READ   raw=None        stable=4.00      anomalies=0
2026-06-04T11:33:01.328  READ   raw=None        stable=4.00      anomalies=0
2026-06-04T11:33:01.453  READ   raw=None        stable=4.00      anomalies=0
2026-06-04T11:33:01.597  READ   raw=None        stable=4.00      anomalies=0
2026-06-04T11:33:01.768  READ   raw=4           stable=4.00      anomalies=0
2026-06-04T11:33:01.915  READ   raw=.           stable=4.00      anomalies=0
2026-06-04T11:33:02.055  READ   raw=None        stable=4.00      anomalies=0
2026-06-04T11:33:02.223  READ   raw=None        stable=4.00      anomalies=0
2026-06-04T11:33:02.388  READ   raw=None        stable=4.00      anomalies=0
2026-06-04T11:33:02.548  READ   raw=None        stable=4.00      anomalies=0
2026-06-04T11:33:02.686  READ   raw=7.          stable=4.00      anomalies=1
2026-06-04T11:33:02.826  READ   raw=None        stable=4.00      anomalies=1
2026-06-04T11:33:02.987  READ   raw=None        stable=4.00      anomalies=1
2026-06-04T11:33:03.140  READ   raw=5           stable=4.00      anomalies=2
2026-06-04T11:33:03.278  READ   raw=None        stable=4.00      anomalies=2
2026-06-04T11:33:03.420  READ   raw=None        stable=4.00      anomalies=2
2026-06-04T11:33:03.563  READ   raw=None        stable=4.00      anomalies=2
2026-06-04T11:33:03.704  READ   raw=None        stable=4.00      anomalies=2
2026-06-04T11:33:03.844  READ   raw=None        stable=4.00      anomalies=2
2026-06-04T11:33:03.983  READ   raw=None        stable=4.00      anomalies=2
2026-06-04T11:33:04.125  READ   raw=None        stable=4.00      anomalies=2
2026-06-04T11:33:04.263  READ   raw=None        stable=4.00      anomalies=2
2026-06-04T11:33:04.404  READ   raw=None        stable=4.00      anomalies=2
2026-06-04T11:33:04.541  READ   raw=None        stable=4.00      anomalies=2
2026-06-04T11:33:04.682  READ   raw=None        stable=4.00      anomalies=2
2026-06-04T11:33:04.820  READ   raw=None        stable=4.00      anomalies=2
2026-06-04T11:33:04.959  READ   raw=None        stable=4.00      anomalies=2
2026-06-04T11:33:05.098  READ   raw=None        stable=4.00      anomalies=2
2026-06-04T11:33:05.237  READ   raw=.           stable=4.00      anomalies=2
2026-06-04T11:33:05.376  READ   raw=None        stable=4.00      anomalies=2
2026-06-04T11:33:05.518  READ   raw=None        stable=4.00      anomalies=2
2026-06-04T11:33:05.656  READ   raw=None        stable=4.00      anomalies=2
2026-06-04T11:33:05.782  READ   raw=None        stable=4.00      anomalies=2
2026-06-04T11:33:05.908  READ   raw=None        stable=4.00      anomalies=2
2026-06-04T11:33:06.033  READ   raw=None        stable=4.00      anomalies=2
2026-06-04T11:33:06.159  READ   raw=None        stable=4.00      anomalies=2
2026-06-04T11:33:06.283  READ   raw=None        stable=4.00      anomalies=2
2026-06-04T11:33:06.410  READ   raw=None        stable=4.00      anomalies=2
2026-06-04T11:33:06.543  READ   raw=None        stable=4.00      anomalies=2
2026-06-04T11:33:06.680  READ   raw=None        stable=4.00      anomalies=2
2026-06-04T11:33:06.824  READ   raw=.001        stable=4.00      anomalies=3
2026-06-04T11:33:06.963  READ   raw=001         stable=4.00      anomalies=4
2026-06-04T11:33:07.103  READ   raw=001         stable=4.00      anomalies=5
2026-06-04T11:33:07.243  READ   raw=2001        stable=4.00      anomalies=6
2026-06-04T11:33:07.382  READ   raw=001         stable=4.00      anomalies=7
2026-06-04T11:33:07.512  READ   raw=None        stable=4.00      anomalies=7
2026-06-04T11:33:07.656  READ   raw=7           stable=4.00      anomalies=8
2026-06-04T11:33:07.807  READ   raw=None        stable=4.00      anomalies=8
2026-06-04T11:33:07.959  READ   raw=.....       stable=4.00      anomalies=8
2026-06-04T11:33:08.103  READ   raw=.           stable=4.00      anomalies=8
2026-06-04T11:33:08.254  READ   raw=..          stable=4.00      anomalies=8
2026-06-04T11:33:08.419  READ   raw=None        stable=4.00      anomalies=8
2026-06-04T11:33:08.584  READ   raw=..2         stable=4.00      anomalies=8
2026-06-04T11:33:08.748  READ   raw=.           stable=4.00      anomalies=8
2026-06-04T11:33:08.894  READ   raw=.           stable=4.00      anomalies=8
2026-06-04T11:33:09.043  READ   raw=.           stable=4.00      anomalies=8
2026-06-04T11:33:09.173  READ   raw=None        stable=4.00      anomalies=8
2026-06-04T11:33:09.300  READ   raw=7           stable=4.00      anomalies=9
2026-06-04T11:33:09.428  READ   raw=None        stable=4.00      anomalies=9
2026-06-04T11:33:09.552  READ   raw=None        stable=4.00      anomalies=9
2026-06-04T11:33:09.676  READ   raw=None        stable=4.00      anomalies=9
2026-06-04T11:33:09.802  READ   raw=None        stable=4.00      anomalies=9
2026-06-04T11:33:09.927  READ   raw=None        stable=4.00      anomalies=9
2026-06-04T11:33:10.053  READ   raw=None        stable=4.00      anomalies=9
2026-06-04T11:33:10.179  READ   raw=None        stable=4.00      anomalies=9
2026-06-04T11:33:10.305  READ   raw=None        stable=4.00      anomalies=9
2026-06-04T11:33:10.430  READ   raw=None        stable=4.00      anomalies=9
2026-06-04T11:33:10.556  READ   raw=None        stable=4.00      anomalies=9
2026-06-04T11:33:10.683  READ   raw=None        stable=4.00      anomalies=9
2026-06-04T11:33:10.811  READ   raw=None        stable=4.00      anomalies=9
2026-06-04T11:33:10.936  READ   raw=None        stable=4.00      anomalies=9
2026-06-04T11:33:11.064  READ   raw=None        stable=4.00      anomalies=9
2026-06-04T11:33:11.191  READ   raw=None        stable=4.00      anomalies=9
2026-06-04T11:33:11.316  READ   raw=None        stable=4.00      anomalies=9
2026-06-04T11:33:11.441  READ   raw=None        stable=4.00      anomalies=9
2026-06-04T11:33:11.567  READ   raw=None        stable=4.00      anomalies=9
2026-06-04T11:33:11.695  READ   raw=None        stable=4.00      anomalies=9
2026-06-04T11:33:11.819  READ   raw=None        stable=4.00      anomalies=9
2026-06-04T11:33:11.946  READ   raw=None        stable=4.00      anomalies=9
2026-06-04T11:33:12.072  READ   raw=None        stable=4.00      anomalies=9
2026-06-04T11:33:12.196  READ   raw=None        stable=4.00      anomalies=9
2026-06-04T11:33:12.321  READ   raw=None        stable=4.00      anomalies=9
2026-06-04T11:33:12.449  READ   raw=None        stable=4.00      anomalies=9
2026-06-04T11:33:12.595  READ   raw=.           stable=4.00      anomalies=9
2026-06-04T11:33:12.728  READ   raw=.           stable=4.00      anomalies=9
2026-06-04T11:33:12.877  READ   raw=None        stable=4.00      anomalies=9
2026-06-04T11:33:13.027  READ   raw=None        stable=4.00      anomalies=9
2026-06-04T11:33:13.166  READ   raw=None        stable=4.00      anomalies=9
2026-06-04T11:33:13.292  READ   raw=None        stable=4.00      anomalies=9
2026-06-04T11:33:13.420  READ   raw=7           stable=4.00      anomalies=10
2026-06-04T11:33:13.546  READ   raw=7           stable=4.00      anomalies=11
2026-06-04T11:33:13.676  READ   raw=None        stable=4.00      anomalies=11
2026-06-04T11:33:13.806  READ   raw=None        stable=4.00      anomalies=11
2026-06-04T11:33:13.937  READ   raw=None        stable=4.00      anomalies=11
2026-06-04T11:33:14.067  READ   raw=None        stable=4.00      anomalies=11
2026-06-04T11:33:14.204  READ   raw=None        stable=4.00      anomalies=11
2026-06-04T11:33:14.333  READ   raw=None        stable=4.00      anomalies=11
2026-06-04T11:33:14.466  READ   raw=None        stable=4.00      anomalies=11
2026-06-04T11:33:14.598  READ   raw=None        stable=4.00      anomalies=11
2026-06-04T11:33:14.730  READ   raw=None        stable=4.00      anomalies=11
2026-06-04T11:33:14.866  READ   raw=None        stable=4.00      anomalies=11
2026-06-04T11:33:14.998  READ   raw=None        stable=4.00      anomalies=11
2026-06-04T11:33:15.125  READ   raw=None        stable=4.00      anomalies=11
2026-06-04T11:33:15.272  READ   raw=None        stable=4.00      anomalies=11
2026-06-04T11:33:15.410  READ   raw=None        stable=4.00      anomalies=11
2026-06-04T11:33:15.540  READ   raw=None        stable=4.00      anomalies=11
2026-06-04T11:33:15.666  READ   raw=None        stable=4.00      anomalies=11
2026-06-04T11:33:15.796  READ   raw=None        stable=4.00      anomalies=11
2026-06-04T11:33:15.938  READ   raw=None        stable=4.00      anomalies=11
2026-06-04T11:33:16.146  # run ended: 2026-06-04T11:33:16.146659
