**************** Experiment 20251210 started ****************
2025-12-10T23:38:14-0800 [INFO] Sensors: time=2025-12-10T23:38:14 methane=1.9190001487731934 windspeed=2.68025 current=0.3234375
2025-12-10T23:38:19-0800 [INFO] Sensors: time=2025-12-10T23:38:19 methane=1.9190001487731934 windspeed=2.6765625 current=0.323125
2025-12-10T23:38:24-0800 [INFO] Sensors: time=2025-12-10T23:38:24 methane=1.9230000972747803 windspeed=2.6288125 current=0.323
2025-12-10T23:38:30-0800 [INFO] Sensors: time=2025-12-10T23:38:29 methane=1.9180001020431519 windspeed=2.6826875 current=0.3231875
2025-12-10T23:38:35-0800 [INFO] Sensors: time=2025-12-10T23:38:35 methane=1.9200000762939453 windspeed=2.6819375 current=0.323125
2025-12-10T23:38:40-0800 [INFO] Sensors: time=2025-12-10T23:38:40 methane=1.9220000505447388 windspeed=2.674875 current=0.323375
2025-12-10T23:38:45-0800 [INFO] Sensors: time=2025-12-10T23:38:45 methane=1.9190001487731934 windspeed=2.6157500000000002 current=0.323125
2025-12-10T23:38:50-0800 [INFO] Sensors: time=2025-12-10T23:38:50 methane=1.9230000972747803 windspeed=2.5994375 current=0.322875
2025-12-10T23:38:55-0800 [INFO] Sensors: time=2025-12-10T23:38:55 methane=1.9200000762939453 windspeed=2.6635625000000003 current=0.323375
2025-12-10T23:39:00-0800 [INFO] Sensors: time=2025-12-10T23:39:00 methane=1.9130001068115234 windspeed=2.6488125 current=0.3231875
2025-12-10T23:39:05-0800 [INFO] Sensors: time=2025-12-10T23:39:05 methane=1.9130001068115234 windspeed=2.6255 current=0.3229375
2025-12-10T23:39:11-0800 [INFO] Sensors: time=2025-12-10T23:39:10 methane=1.915000081062317 windspeed=2.596 current=0.3231875
2025-12-10T23:39:16-0800 [INFO] Sensors: time=2025-12-10T23:39:16 methane=1.9200000762939453 windspeed=2.589625 current=0.32306250000000003
2025-12-10T23:39:21-0800 [INFO] Sensors: time=2025-12-10T23:39:21 methane=1.9180001020431519 windspeed=2.6713750000000003 current=0.323375
2025-12-10T23:39:26-0800 [INFO] Quad bowport set to ON (GPIO 24)
2025-12-10T23:39:26-0800 [INFO] Sensors: time=2025-12-10T23:39:26 methane=1.9230000972747803 windspeed=2.667125 current=0.3955
2025-12-10T23:39:31-0800 [INFO] Sensors: time=2025-12-10T23:39:31 methane=1.9290001392364502 windspeed=2.641375 current=0.389375
2025-12-10T23:39:36-0800 [INFO] Sensors: time=2025-12-10T23:39:36 methane=1.9310001134872437 windspeed=2.68175 current=0.3919375
2025-12-10T23:39:41-0800 [INFO] Sensors: time=2025-12-10T23:39:41 methane=1.9260001182556152 windspeed=2.6361875 current=0.36825
2025-12-10T23:39:47-0800 [INFO] Sensors: time=2025-12-10T23:39:46 methane=1.9280000925064087 windspeed=2.6599375 current=0.40575
2025-12-10T23:39:52-0800 [INFO] Sensors: time=2025-12-10T23:39:52 methane=1.9320000410079956 windspeed=2.6990625 current=0.3955
2025-12-10T23:39:57-0800 [INFO] Sensors: time=2025-12-10T23:39:57 methane=1.9310001134872437 windspeed=2.6850625 current=0.3978125
2025-12-10T23:40:02-0800 [INFO] Sensors: time=2025-12-10T23:40:02 methane=1.9310001134872437 windspeed=2.70775 current=0.39968750000000003
2025-12-10T23:40:07-0800 [INFO] Sensors: time=2025-12-10T23:40:07 methane=1.9310001134872437 windspeed=2.6454375 current=0.3710625
2025-12-10T23:40:12-0800 [INFO] Sensors: time=2025-12-10T23:40:12 methane=1.9300000667572021 windspeed=2.6564375 current=0.41150000000000003
2025-12-10T23:40:17-0800 [INFO] Sensors: time=2025-12-10T23:40:17 methane=1.9350000619888306 windspeed=2.6960625 current=0.392125
2025-12-10T23:40:22-0800 [INFO] Sensors: time=2025-12-10T23:40:22 methane=1.937000036239624 windspeed=2.6460625 current=0.4060625
2025-12-10T23:40:27-0800 [INFO] Quad bowport set to OFF (GPIO 24)
2025-12-10T23:40:27-0800 [INFO] Quad bowstar set to ON (GPIO 25)
2025-12-10T23:40:28-0800 [INFO] Sensors: time=2025-12-10T23:40:27 methane=1.939000129699707 windspeed=2.6435 current=0.3999375
2025-12-10T23:40:33-0800 [INFO] Sensors: time=2025-12-10T23:40:33 methane=1.940000057220459 windspeed=2.437375 current=0.3939375
2025-12-10T23:40:38-0800 [INFO] Sensors: time=2025-12-10T23:40:38 methane=1.937000036239624 windspeed=2.517375 current=0.37243750000000003
2025-12-10T23:40:43-0800 [INFO] Sensors: time=2025-12-10T23:40:43 methane=1.9380000829696655 windspeed=2.6336875 current=0.4083125
2025-12-10T23:40:48-0800 [INFO] Sensors: time=2025-12-10T23:40:48 methane=1.9380000829696655 windspeed=2.7055625 current=0.3998125
2025-12-10T23:40:53-0800 [INFO] Sensors: time=2025-12-10T23:40:53 methane=1.939000129699707 windspeed=2.6506250000000002 current=0.4019375
2025-12-10T23:40:58-0800 [INFO] Sensors: time=2025-12-10T23:40:58 methane=1.9440001249313354 windspeed=2.6875625 current=0.40700000000000003
2025-12-10T23:41:04-0800 [INFO] Sensors: time=2025-12-10T23:41:03 methane=1.937000036239624 windspeed=2.6453125 current=0.3821875
2025-12-10T23:41:09-0800 [INFO] Sensors: time=2025-12-10T23:41:09 methane=1.9380000829696655 windspeed=2.6949375 current=0.40525
2025-12-10T23:41:14-0800 [INFO] Quad bowstar set to OFF (GPIO 25)
2025-12-10T23:41:14-0800 [INFO] Quad sternstar set to ON (GPIO 23)
2025-12-10T23:41:14-0800 [INFO] Sensors: time=2025-12-10T23:41:14 methane=1.9410001039505005 windspeed=2.6609375 current=0.3580625
2025-12-10T23:41:19-0800 [INFO] Sensors: time=2025-12-10T23:41:19 methane=1.939000129699707 windspeed=2.676 current=0.361875
2025-12-10T23:41:24-0800 [INFO] Sensors: time=2025-12-10T23:41:24 methane=1.940000057220459 windspeed=2.6650625 current=0.3815625
2025-12-10T23:41:29-0800 [INFO] Sensors: time=2025-12-10T23:41:29 methane=1.9410001039505005 windspeed=2.6791875000000003 current=0.3853125
2025-12-10T23:41:34-0800 [INFO] Sensors: time=2025-12-10T23:41:34 methane=1.943000078201294 windspeed=2.6605625 current=0.3799375
2025-12-10T23:41:40-0800 [INFO] Sensors: time=2025-12-10T23:41:39 methane=1.9480000734329224 windspeed=2.658 current=0.3565
2025-12-10T23:41:45-0800 [INFO] Sensors: time=2025-12-10T23:41:45 methane=1.9510000944137573 windspeed=2.6193750000000002 current=0.3820625
2025-12-10T23:41:50-0800 [INFO] Sensors: time=2025-12-10T23:41:50 methane=1.9520001411437988 windspeed=2.683125 current=0.3906875
2025-12-10T23:41:55-0800 [INFO] Sensors: time=2025-12-10T23:41:55 methane=1.9450000524520874 windspeed=2.6753125 current=0.38356250000000003
2025-12-10T23:42:00-0800 [INFO] Sensors: time=2025-12-10T23:42:00 methane=1.9380000829696655 windspeed=2.6485 current=0.3616875
2025-12-10T23:42:05-0800 [INFO] Sensors: time=2025-12-10T23:42:05 methane=1.939000129699707 windspeed=2.6675625 current=0.3655
2025-12-10T23:42:10-0800 [INFO] Sensors: time=2025-12-10T23:42:10 methane=1.939000129699707 windspeed=2.675375 current=0.38275000000000003
2025-12-10T23:42:15-0800 [INFO] Quad sternport set to ON (GPIO 16)
2025-12-10T23:42:15-0800 [INFO] Quad sternstar set to OFF (GPIO 23)
2025-12-10T23:42:15-0800 [INFO] Sensors: time=2025-12-10T23:42:15 methane=1.936000108718872 windspeed=2.7 current=0.3961875
2025-12-10T23:42:21-0800 [INFO] Sensors: time=2025-12-10T23:42:20 methane=1.936000108718872 windspeed=2.6765 current=0.3925625
2025-12-10T23:42:26-0800 [INFO] Sensors: time=2025-12-10T23:42:26 methane=1.933000087738037 windspeed=2.7005625 current=0.3868125
2025-12-10T23:42:31-0800 [INFO] Sensors: time=2025-12-10T23:42:31 methane=1.9290001392364502 windspeed=2.687625 current=0.37593750000000004
2025-12-10T23:42:36-0800 [INFO] Sensors: time=2025-12-10T23:42:36 methane=1.9310001134872437 windspeed=2.630125 current=0.36325
2025-12-10T23:42:41-0800 [INFO] Sensors: time=2025-12-10T23:42:41 methane=1.9220000505447388 windspeed=2.6945 current=0.39156250000000004
2025-12-10T23:42:46-0800 [INFO] Sensors: time=2025-12-10T23:42:46 methane=1.9200000762939453 windspeed=2.671625 current=0.4028125
2025-12-10T23:42:51-0800 [INFO] Sensors: time=2025-12-10T23:42:51 methane=1.9180001020431519 windspeed=2.6706875 current=0.3935625
2025-12-10T23:42:57-0800 [INFO] Sensors: time=2025-12-10T23:42:56 methane=1.9180001020431519 windspeed=2.67125 current=0.366375
2025-12-10T23:43:02-0800 [INFO] Sensors: time=2025-12-10T23:43:02 methane=1.9140000343322754 windspeed=2.665 current=0.376875
2025-12-10T23:43:07-0800 [INFO] Sensors: time=2025-12-10T23:43:07 methane=1.9160001277923584 windspeed=2.6586875 current=0.398625
2025-12-10T23:43:12-0800 [INFO] Sensors: time=2025-12-10T23:43:12 methane=1.9140000343322754 windspeed=2.7 current=0.3955625
2025-12-10T23:43:17-0800 [INFO] Quad sternport set to OFF (GPIO 16)
2025-12-10T23:43:17-0800 [INFO] Sensors: time=2025-12-10T23:43:17 methane=1.9140000343322754 windspeed=2.6438125 current=0.32325
2025-12-10T23:43:22-0800 [INFO] Sensors: time=2025-12-10T23:43:22 methane=1.9140000343322754 windspeed=2.68975 current=0.3231875
2025-12-10T23:43:27-0800 [INFO] Sensors: time=2025-12-10T23:43:27 methane=1.915000081062317 windspeed=2.6580625 current=0.323125
2025-12-10T23:43:32-0800 [INFO] Sensors: time=2025-12-10T23:43:32 methane=1.91100013256073 windspeed=2.659625 current=0.323375
2025-12-10T23:43:38-0800 [INFO] Sensors: time=2025-12-10T23:43:37 methane=1.9140000343322754 windspeed=2.69 current=0.32325
2025-12-10T23:43:43-0800 [INFO] Sensors: time=2025-12-10T23:43:43 methane=1.9100000858306885 windspeed=2.7029375 current=0.323375
2025-12-10T23:43:48-0800 [INFO] Sensors: time=2025-12-10T23:43:48 methane=1.9130001068115234 windspeed=2.6168125 current=0.3229375
2025-12-10T23:43:53-0800 [INFO] Sensors: time=2025-12-10T23:43:53 methane=1.91100013256073 windspeed=2.691875 current=0.32325
2025-12-10T23:43:58-0800 [INFO] Sensors: time=2025-12-10T23:43:58 methane=1.909000039100647 windspeed=2.6470625 current=0.3233125
2025-12-10T23:44:03-0800 [INFO] Sensors: time=2025-12-10T23:44:03 methane=1.912000060081482 windspeed=2.565875 current=0.32325
2025-12-10T23:44:08-0800 [INFO] Sensors: time=2025-12-10T23:44:08 methane=1.912000060081482 windspeed=2.57375 current=0.323375
2025-12-10T23:44:14-0800 [INFO] Sensors: time=2025-12-10T23:44:13 methane=1.9180001020431519 windspeed=2.6375625 current=0.32306250000000003
2025-12-10T23:44:19-0800 [INFO] Quad bowport set to ON (GPIO 24)
2025-12-10T23:44:19-0800 [INFO] Sensors: time=2025-12-10T23:44:19 methane=1.9170000553131104 windspeed=2.5743125 current=0.39887500000000004
2025-12-10T23:44:24-0800 [INFO] Sensors: time=2025-12-10T23:44:24 methane=1.9210001230239868 windspeed=2.6669375 current=0.3951875
2025-12-10T23:44:29-0800 [INFO] Sensors: time=2025-12-10T23:44:29 methane=1.9260001182556152 windspeed=2.640375 current=0.3973125
2025-12-10T23:44:34-0800 [INFO] Sensors: time=2025-12-10T23:44:34 methane=1.9180001020431519 windspeed=2.6437500000000003 current=0.400125
2025-12-10T23:44:39-0800 [INFO] Sensors: time=2025-12-10T23:44:39 methane=1.9170000553131104 windspeed=2.675125 current=0.39987500000000004
2025-12-10T23:44:44-0800 [INFO] Sensors: time=2025-12-10T23:44:44 methane=1.9230000972747803 windspeed=2.64275 current=0.39725
2025-12-10T23:44:49-0800 [INFO] Sensors: time=2025-12-10T23:44:49 methane=1.9260001182556152 windspeed=2.692625 current=0.397625
2025-12-10T23:44:55-0800 [INFO] Sensors: time=2025-12-10T23:44:54 methane=1.9240001440048218 windspeed=2.6245 current=0.40218750000000003
2025-12-10T23:45:00-0800 [INFO] Sensors: time=2025-12-10T23:45:00 methane=1.9220000505447388 windspeed=2.6709375 current=0.40218750000000003
2025-12-10T23:45:05-0800 [INFO] Sensors: time=2025-12-10T23:45:05 methane=1.9230000972747803 windspeed=2.60125 current=0.4029375
2025-12-10T23:45:10-0800 [INFO] Sensors: time=2025-12-10T23:45:10 methane=1.9250000715255737 windspeed=2.59525 current=0.407875
2025-12-10T23:45:15-0800 [INFO] Sensors: time=2025-12-10T23:45:15 methane=1.9250000715255737 windspeed=2.6836875 current=0.40668750000000004
2025-12-10T23:45:20-0800 [INFO] Quad bowport set to OFF (GPIO 24)
2025-12-10T23:45:20-0800 [INFO] Quad bowstar set to ON (GPIO 25)
2025-12-10T23:45:20-0800 [INFO] Sensors: time=2025-12-10T23:45:20 methane=1.9240001440048218 windspeed=2.653125 current=0.4030625
2025-12-10T23:45:25-0800 [INFO] Sensors: time=2025-12-10T23:45:25 methane=1.9260001182556152 windspeed=2.508625 current=0.4050625
2025-12-10T23:45:31-0800 [INFO] Sensors: time=2025-12-10T23:45:30 methane=1.9290001392364502 windspeed=2.6621875 current=0.4055
2025-12-10T23:45:36-0800 [INFO] Sensors: time=2025-12-10T23:45:36 methane=1.9350000619888306 windspeed=2.66425 current=0.4030625
2025-12-10T23:45:41-0800 [INFO] Sensors: time=2025-12-10T23:45:41 methane=1.9340001344680786 windspeed=2.6798125 current=0.3995
2025-12-10T23:45:46-0800 [INFO] Sensors: time=2025-12-10T23:45:46 methane=1.9300000667572021 windspeed=2.6688125 current=0.400375
2025-12-10T23:45:51-0800 [INFO] Sensors: time=2025-12-10T23:45:51 methane=1.9230000972747803 windspeed=2.676375 current=0.38125000000000003
2025-12-10T23:45:56-0800 [INFO] Sensors: time=2025-12-10T23:45:56 methane=1.9220000505447388 windspeed=2.63625 current=0.39837500000000003
2025-12-10T23:46:01-0800 [INFO] Sensors: time=2025-12-10T23:46:01 methane=1.9220000505447388 windspeed=2.6026875 current=0.407375
2025-12-10T23:46:07-0800 [INFO] Sensors: time=2025-12-10T23:46:06 methane=1.9230000972747803 windspeed=2.6871875 current=0.4078125
2025-12-10T23:46:12-0800 [INFO] Sensors: time=2025-12-10T23:46:12 methane=1.9190001487731934 windspeed=2.6511875000000003 current=0.41775
2025-12-10T23:46:17-0800 [INFO] Sensors: time=2025-12-10T23:46:17 methane=1.9210001230239868 windspeed=2.6545625 current=0.4179375
2025-12-10T23:46:22-0800 [INFO] Quad bowstar set to OFF (GPIO 25)
2025-12-10T23:46:22-0800 [INFO] Quad sternstar set to ON (GPIO 23)
2025-12-10T23:46:22-0800 [INFO] Sensors: time=2025-12-10T23:46:22 methane=1.9190001487731934 windspeed=2.64825 current=0.379875
2025-12-10T23:46:27-0800 [INFO] Sensors: time=2025-12-10T23:46:27 methane=1.9170000553131104 windspeed=2.6575 current=0.3863125
2025-12-10T23:46:32-0800 [INFO] Sensors: time=2025-12-10T23:46:32 methane=1.9210001230239868 windspeed=2.59725 current=0.3814375
2025-12-10T23:46:37-0800 [INFO] Sensors: time=2025-12-10T23:46:37 methane=1.9320000410079956 windspeed=2.491625 current=0.3815625
2025-12-10T23:46:42-0800 [INFO] Sensors: time=2025-12-10T23:46:42 methane=1.9310001134872437 windspeed=2.5959375000000002 current=0.3793125
2025-12-10T23:46:48-0800 [INFO] Sensors: time=2025-12-10T23:46:47 methane=1.9310001134872437 windspeed=2.6421875 current=0.357375
2025-12-10T23:46:53-0800 [INFO] Sensors: time=2025-12-10T23:46:53 methane=1.9280000925064087 windspeed=2.704375 current=0.37875000000000003
2025-12-10T23:46:58-0800 [INFO] Sensors: time=2025-12-10T23:46:58 methane=1.9320000410079956 windspeed=2.641375 current=0.384
2025-12-10T23:47:03-0800 [INFO] Sensors: time=2025-12-10T23:47:03 methane=1.9340001344680786 windspeed=2.6448125 current=0.3844375
2025-12-10T23:47:08-0800 [INFO] Sensors: time=2025-12-10T23:47:08 methane=1.9380000829696655 windspeed=2.6428125000000002 current=0.3866875
2025-12-10T23:47:13-0800 [INFO] Sensors: time=2025-12-10T23:47:13 methane=1.936000108718872 windspeed=2.676375 current=0.393125
2025-12-10T23:47:18-0800 [INFO] Sensors: time=2025-12-10T23:47:18 methane=1.936000108718872 windspeed=2.646375 current=0.38506250000000003
2025-12-10T23:47:23-0800 [INFO] Quad sternport set to ON (GPIO 16)
2025-12-10T23:47:23-0800 [INFO] Quad sternstar set to OFF (GPIO 23)
2025-12-10T23:47:24-0800 [INFO] Sensors: time=2025-12-10T23:47:23 methane=1.9350000619888306 windspeed=2.6458125 current=0.38575
2025-12-10T23:47:29-0800 [INFO] Sensors: time=2025-12-10T23:47:29 methane=1.9310001134872437 windspeed=2.4954375 current=0.36
2025-12-10T23:47:34-0800 [INFO] Sensors: time=2025-12-10T23:47:34 methane=1.933000087738037 windspeed=2.5005625 current=0.373875
2025-12-10T23:47:39-0800 [INFO] Sensors: time=2025-12-10T23:47:39 methane=1.936000108718872 windspeed=2.6509375 current=0.3856875
2025-12-10T23:47:44-0800 [INFO] Sensors: time=2025-12-10T23:47:44 methane=1.9380000829696655 windspeed=2.494125 current=0.38706250000000003
2025-12-10T23:47:49-0800 [INFO] Sensors: time=2025-12-10T23:47:49 methane=1.9380000829696655 windspeed=2.4529375 current=0.389375
2025-12-10T23:47:54-0800 [INFO] Sensors: time=2025-12-10T23:47:54 methane=1.9350000619888306 windspeed=2.468875 current=0.387125
2025-12-10T23:47:59-0800 [INFO] Sensors: time=2025-12-10T23:47:59 methane=1.9350000619888306 windspeed=2.5795625 current=0.387375
2025-12-10T23:48:05-0800 [INFO] Sensors: time=2025-12-10T23:48:04 methane=1.9380000829696655 windspeed=2.4231875 current=0.3618125
2025-12-10T23:48:10-0800 [INFO] Sensors: time=2025-12-10T23:48:10 methane=1.936000108718872 windspeed=2.4442500000000003 current=0.3696875
2025-12-10T23:48:15-0800 [INFO] Sensors: time=2025-12-10T23:48:15 methane=1.9340001344680786 windspeed=2.49525 current=0.387125
2025-12-10T23:48:20-0800 [INFO] Sensors: time=2025-12-10T23:48:20 methane=1.9350000619888306 windspeed=2.5089375 current=0.387625
2025-12-10T23:48:25-0800 [INFO] Quad sternport set to OFF (GPIO 16)
2025-12-10T23:48:25-0800 [INFO] Sensors: time=2025-12-10T23:48:25 methane=1.937000036239624 windspeed=2.6445 current=0.323375
2025-12-10T23:48:30-0800 [INFO] Sensors: time=2025-12-10T23:48:30 methane=1.940000057220459 windspeed=2.5198125 current=0.323
2025-12-10T23:48:35-0800 [INFO] Sensors: time=2025-12-10T23:48:35 methane=1.936000108718872 windspeed=2.6636875 current=0.323125
2025-12-10T23:48:41-0800 [INFO] Sensors: time=2025-12-10T23:48:40 methane=1.9470001459121704 windspeed=2.6594375 current=0.32325
2025-12-10T23:48:46-0800 [INFO] Sensors: time=2025-12-10T23:48:46 methane=1.9440001249313354 windspeed=2.6761875 current=0.3231875
2025-12-10T23:48:51-0800 [INFO] Sensors: time=2025-12-10T23:48:51 methane=1.942000150680542 windspeed=2.6906875 current=0.3231875
2025-12-10T23:48:56-0800 [INFO] Sensors: time=2025-12-10T23:48:56 methane=1.940000057220459 windspeed=2.592625 current=0.323125
2025-12-10T23:49:01-0800 [INFO] Sensors: time=2025-12-10T23:49:01 methane=1.943000078201294 windspeed=2.6556875 current=0.3233125
2025-12-10T23:49:06-0800 [INFO] Sensors: time=2025-12-10T23:49:06 methane=1.942000150680542 windspeed=2.4789375000000002 current=0.3233125
2025-12-10T23:49:11-0800 [INFO] Sensors: time=2025-12-10T23:49:11 methane=1.9410001039505005 windspeed=2.6889375 current=0.323125
2025-12-10T23:49:17-0800 [INFO] Sensors: time=2025-12-10T23:49:16 methane=1.936000108718872 windspeed=2.441875 current=0.323125
2025-12-10T23:49:22-0800 [INFO] Sensors: time=2025-12-10T23:49:22 methane=1.9310001134872437 windspeed=2.5136875 current=0.323
2025-12-10T23:49:27-0800 [INFO] Quad bowport set to ON (GPIO 24)
2025-12-10T23:49:27-0800 [INFO] Sensors: time=2025-12-10T23:49:27 methane=1.9250000715255737 windspeed=2.6124375 current=0.384625
2025-12-10T23:49:32-0800 [INFO] Sensors: time=2025-12-10T23:49:32 methane=1.9270000457763672 windspeed=2.492375 current=0.38456250000000003
2025-12-10T23:49:37-0800 [INFO] Sensors: time=2025-12-10T23:49:37 methane=1.9240001440048218 windspeed=2.4865 current=0.375375
2025-12-10T23:49:42-0800 [INFO] Sensors: time=2025-12-10T23:49:42 methane=1.9230000972747803 windspeed=2.4555625 current=0.39687500000000003
2025-12-10T23:49:47-0800 [INFO] Sensors: time=2025-12-10T23:49:47 methane=1.9210001230239868 windspeed=2.45925 current=0.401
2025-12-10T23:49:52-0800 [INFO] Sensors: time=2025-12-10T23:49:52 methane=1.9210001230239868 windspeed=2.492 current=0.40075
2025-12-10T23:49:58-0800 [INFO] Sensors: time=2025-12-10T23:49:57 methane=1.9220000505447388 windspeed=2.4855625 current=0.3989375
2025-12-10T23:50:03-0800 [INFO] Sensors: time=2025-12-10T23:50:03 methane=1.9280000925064087 windspeed=2.599625 current=0.379625
2025-12-10T23:50:08-0800 [INFO] Sensors: time=2025-12-10T23:50:08 methane=1.9290001392364502 windspeed=2.4781875 current=0.37525000000000003
2025-12-10T23:50:13-0800 [INFO] Quad bowport set to OFF (GPIO 24)
2025-12-10T23:50:13-0800 [INFO] Quad bowstar set to ON (GPIO 25)
2025-12-10T23:50:13-0800 [INFO] Sensors: time=2025-12-10T23:50:13 methane=1.9320000410079956 windspeed=2.62625 current=0.3998125
2025-12-10T23:50:18-0800 [INFO] Sensors: time=2025-12-10T23:50:18 methane=1.9310001134872437 windspeed=2.5974375 current=0.3785625
2025-12-10T23:50:23-0800 [INFO] Sensors: time=2025-12-10T23:50:23 methane=1.9320000410079956 windspeed=2.6325 current=0.3878125
2025-12-10T23:50:28-0800 [INFO] Sensors: time=2025-12-10T23:50:28 methane=1.9290001392364502 windspeed=2.6425 current=0.3725625
2025-12-10T23:50:34-0800 [INFO] Sensors: time=2025-12-10T23:50:33 methane=1.9270000457763672 windspeed=2.6504375000000002 current=0.4035
2025-12-10T23:50:39-0800 [INFO] Sensors: time=2025-12-10T23:50:39 methane=1.9230000972747803 windspeed=2.4785625000000002 current=0.40425
2025-12-10T23:50:44-0800 [INFO] Sensors: time=2025-12-10T23:50:44 methane=1.9250000715255737 windspeed=2.516875 current=0.405
2025-12-10T23:50:49-0800 [INFO] Sensors: time=2025-12-10T23:50:49 methane=1.9260001182556152 windspeed=2.499875 current=0.41600000000000004
2025-12-10T23:50:54-0800 [INFO] Sensors: time=2025-12-10T23:50:54 methane=1.9270000457763672 windspeed=2.4640625000000003 current=0.4175
2025-12-10T23:50:59-0800 [INFO] Sensors: time=2025-12-10T23:50:59 methane=1.9270000457763672 windspeed=2.683375 current=0.40650000000000003
2025-12-10T23:51:04-0800 [INFO] Sensors: time=2025-12-10T23:51:04 methane=1.9280000925064087 windspeed=2.7029375 current=0.3935
2025-12-10T23:51:09-0800 [INFO] Sensors: time=2025-12-10T23:51:09 methane=1.9250000715255737 windspeed=2.6736875 current=0.3931875
2025-12-10T23:51:14-0800 [INFO] Quad bowstar set to OFF (GPIO 25)
2025-12-10T23:51:14-0800 [INFO] Quad sternstar set to ON (GPIO 23)
2025-12-10T23:51:15-0800 [INFO] Sensors: time=2025-12-10T23:51:14 methane=1.9290001392364502 windspeed=2.6278125 current=0.3795625
2025-12-10T23:51:20-0800 [INFO] Sensors: time=2025-12-10T23:51:20 methane=1.9230000972747803 windspeed=2.6830000000000003 current=0.3615625
2025-12-10T23:51:25-0800 [INFO] Sensors: time=2025-12-10T23:51:25 methane=1.9240001440048218 windspeed=2.695375 current=0.387875
2025-12-10T23:51:30-0800 [INFO] Sensors: time=2025-12-10T23:51:30 methane=1.9230000972747803 windspeed=2.589 current=0.38175000000000003
2025-12-10T23:51:35-0800 [INFO] Sensors: time=2025-12-10T23:51:35 methane=1.9210001230239868 windspeed=2.5678125 current=0.3821875
2025-12-10T23:51:40-0800 [INFO] Sensors: time=2025-12-10T23:51:40 methane=1.9200000762939453 windspeed=2.4588125 current=0.382375
2025-12-10T23:51:45-0800 [INFO] Sensors: time=2025-12-10T23:51:45 methane=1.9180001020431519 windspeed=2.5020000000000002 current=0.383
2025-12-10T23:51:51-0800 [INFO] Sensors: time=2025-12-10T23:51:50 methane=1.915000081062317 windspeed=2.625875 current=0.383625
2025-12-10T23:51:56-0800 [INFO] Sensors: time=2025-12-10T23:51:56 methane=1.9060001373291016 windspeed=2.70125 current=0.38425
2025-12-10T23:52:01-0800 [INFO] Sensors: time=2025-12-10T23:52:01 methane=1.912000060081482 windspeed=2.6823125 current=0.38675
2025-12-10T23:52:06-0800 [INFO] Sensors: time=2025-12-10T23:52:06 methane=1.9170000553131104 windspeed=2.6335625 current=0.3925
2025-12-10T23:52:11-0800 [INFO] Sensors: time=2025-12-10T23:52:11 methane=1.9170000553131104 windspeed=2.678 current=0.3929375
2025-12-10T23:52:16-0800 [INFO] Quad sternport set to ON (GPIO 16)
2025-12-10T23:52:16-0800 [INFO] Quad sternstar set to OFF (GPIO 23)
2025-12-10T23:52:16-0800 [INFO] Sensors: time=2025-12-10T23:52:16 methane=1.9170000553131104 windspeed=2.648375 current=0.38475
2025-12-10T23:52:21-0800 [INFO] Sensors: time=2025-12-10T23:52:21 methane=1.912000060081482 windspeed=2.61375 current=0.3816875
2025-12-10T23:52:27-0800 [INFO] Sensors: time=2025-12-10T23:52:26 methane=1.9170000553131104 windspeed=2.52925 current=0.379875
2025-12-10T23:52:32-0800 [INFO] Sensors: time=2025-12-10T23:52:32 methane=1.9190001487731934 windspeed=2.6285625 current=0.36175
2025-12-10T23:52:37-0800 [INFO] Sensors: time=2025-12-10T23:52:37 methane=1.9180001020431519 windspeed=2.617875 current=0.384625
2025-12-10T23:52:42-0800 [INFO] Sensors: time=2025-12-10T23:52:42 methane=1.9160001277923584 windspeed=2.7003125 current=0.38725
2025-12-10T23:52:47-0800 [INFO] Sensors: time=2025-12-10T23:52:47 methane=1.9140000343322754 windspeed=2.6613125 current=0.3935625
2025-12-10T23:52:52-0800 [INFO] Sensors: time=2025-12-10T23:52:52 methane=1.912000060081482 windspeed=2.6444375 current=0.3974375
2025-12-10T23:52:57-0800 [INFO] Sensors: time=2025-12-10T23:52:57 methane=1.912000060081482 windspeed=2.6725 current=0.3914375
2025-12-10T23:53:02-0800 [INFO] Sensors: time=2025-12-10T23:53:02 methane=1.912000060081482 windspeed=2.6800625 current=0.39025
2025-12-10T23:53:08-0800 [INFO] Sensors: time=2025-12-10T23:53:07 methane=1.9220000505447388 windspeed=2.5810625000000003 current=0.3903125
2025-12-10T23:53:13-0800 [INFO] Sensors: time=2025-12-10T23:53:13 methane=1.9250000715255737 windspeed=2.6495625 current=0.366
2025-12-10T23:53:18-0800 [INFO] Quad sternport set to OFF (GPIO 16)
2025-12-10T23:53:18-0800 [INFO] Sensors: time=2025-12-10T23:53:18 methane=1.9200000762939453 windspeed=2.6662500000000002 current=0.32325
2025-12-10T23:53:23-0800 [INFO] Sensors: time=2025-12-10T23:53:23 methane=1.9160001277923584 windspeed=2.6768125 current=0.323375
2025-12-10T23:53:28-0800 [INFO] Sensors: time=2025-12-10T23:53:28 methane=1.9180001020431519 windspeed=2.656625 current=0.3233125
2025-12-10T23:53:33-0800 [INFO] Sensors: time=2025-12-10T23:53:33 methane=1.9130001068115234 windspeed=2.6928125 current=0.323375
2025-12-10T23:53:38-0800 [INFO] Sensors: time=2025-12-10T23:53:38 methane=1.915000081062317 windspeed=2.5508125 current=0.3233125
2025-12-10T23:53:44-0800 [INFO] Sensors: time=2025-12-10T23:53:43 methane=1.909000039100647 windspeed=2.6014375 current=0.32325
2025-12-10T23:53:49-0800 [INFO] Sensors: time=2025-12-10T23:53:49 methane=1.915000081062317 windspeed=2.4876875000000003 current=0.3231875
2025-12-10T23:53:54-0800 [INFO] Sensors: time=2025-12-10T23:53:54 methane=1.91100013256073 windspeed=2.4635625 current=0.3231875
2025-12-10T23:53:59-0800 [INFO] Sensors: time=2025-12-10T23:53:59 methane=1.9100000858306885 windspeed=2.5335625 current=0.3235
2025-12-10T23:54:04-0800 [INFO] Sensors: time=2025-12-10T23:54:04 methane=1.9060001373291016 windspeed=2.539625 current=0.32325
2025-12-10T23:54:09-0800 [INFO] Sensors: time=2025-12-10T23:54:09 methane=1.9060001373291016 windspeed=2.40725 current=0.3233125
2025-12-10T23:54:14-0800 [INFO] Sensors: time=2025-12-10T23:54:14 methane=1.9040000438690186 windspeed=2.4133750000000003 current=0.3231875
2025-12-10T23:54:19-0800 [INFO] Quad bowport set to ON (GPIO 24)
2025-12-10T23:54:19-0800 [INFO] Sensors: time=2025-12-10T23:54:19 methane=1.9030001163482666 windspeed=2.483375 current=0.401
2025-12-10T23:54:25-0800 [INFO] Sensors: time=2025-12-10T23:54:24 methane=1.9000000953674316 windspeed=2.4336875 current=0.393
2025-12-10T23:54:30-0800 [INFO] Sensors: time=2025-12-10T23:54:30 methane=1.9000000953674316 windspeed=2.525 current=0.36893750000000003
2025-12-10T23:54:35-0800 [INFO] Sensors: time=2025-12-10T23:54:35 methane=1.8970000743865967 windspeed=2.4300625 current=0.3965
2025-12-10T23:54:40-0800 [INFO] Sensors: time=2025-12-10T23:54:40 methane=1.8960001468658447 windspeed=2.5451875 current=0.40025
2025-12-10T23:54:45-0800 [INFO] Sensors: time=2025-12-10T23:54:45 methane=1.8960001468658447 windspeed=2.508 current=0.40900000000000003
2025-12-10T23:54:50-0800 [INFO] Sensors: time=2025-12-10T23:54:50 methane=1.8970000743865967 windspeed=2.609625 current=0.39918750000000003
2025-12-10T23:54:55-0800 [INFO] Sensors: time=2025-12-10T23:54:55 methane=1.8980001211166382 windspeed=2.5776875 current=0.3708125
2025-12-10T23:55:01-0800 [INFO] Sensors: time=2025-12-10T23:55:00 methane=1.8990000486373901 windspeed=2.6836875 current=0.3785625
2025-12-10T23:55:06-0800 [INFO] Sensors: time=2025-12-10T23:55:06 methane=1.8950001001358032 windspeed=2.6729375 current=0.40218750000000003
2025-12-10T23:55:11-0800 [INFO] Sensors: time=2025-12-10T23:55:11 methane=1.8980001211166382 windspeed=2.693 current=0.40825
2025-12-10T23:55:16-0800 [INFO] Sensors: time=2025-12-10T23:55:16 methane=1.9010001420974731 windspeed=2.6973125000000002 current=0.40568750000000003
2025-12-10T23:55:21-0800 [INFO] Quad bowport set to OFF (GPIO 24)
2025-12-10T23:55:21-0800 [INFO] Quad bowstar set to ON (GPIO 25)
2025-12-10T23:55:21-0800 [INFO] Sensors: time=2025-12-10T23:55:21 methane=1.9060001373291016 windspeed=2.648625 current=0.4085625
2025-12-10T23:55:26-0800 [INFO] Sensors: time=2025-12-10T23:55:26 methane=1.9010001420974731 windspeed=2.6899375 current=0.3979375
2025-12-10T23:55:31-0800 [INFO] Sensors: time=2025-12-10T23:55:31 methane=1.9030001163482666 windspeed=2.6533125 current=0.40018750000000003
2025-12-10T23:55:37-0800 [INFO] Sensors: time=2025-12-10T23:55:36 methane=1.9040000438690186 windspeed=2.6400625 current=0.3738125
2025-12-10T23:55:42-0800 [INFO] Sensors: time=2025-12-10T23:55:41 methane=1.9060001373291016 windspeed=2.671125 current=0.4033125
2025-12-10T23:55:47-0800 [INFO] Sensors: time=2025-12-10T23:55:47 methane=1.908000111579895 windspeed=2.6544375000000002 current=0.413375
2025-12-10T23:55:52-0800 [INFO] Sensors: time=2025-12-10T23:55:52 methane=1.91100013256073 windspeed=2.6514375 current=0.4044375
2025-12-10T23:55:57-0800 [INFO] Sensors: time=2025-12-10T23:55:57 methane=1.909000039100647 windspeed=2.6679375 current=0.3995625
2025-12-10T23:56:02-0800 [INFO] Sensors: time=2025-12-10T23:56:02 methane=1.90500009059906 windspeed=2.685375 current=0.405875
2025-12-10T23:56:07-0800 [INFO] Sensors: time=2025-12-10T23:56:07 methane=1.90500009059906 windspeed=2.6153125 current=0.4068125
2025-12-10T23:56:12-0800 [INFO] Sensors: time=2025-12-10T23:56:12 methane=1.9010001420974731 windspeed=2.644 current=0.4120625
2025-12-10T23:56:18-0800 [INFO] Sensors: time=2025-12-10T23:56:17 methane=1.902000069618225 windspeed=2.6656875 current=0.4135625
2025-12-10T23:56:23-0800 [INFO] Quad bowstar set to OFF (GPIO 25)
2025-12-10T23:56:23-0800 [INFO] Quad sternstar set to ON (GPIO 23)
2025-12-10T23:56:23-0800 [INFO] Sensors: time=2025-12-10T23:56:23 methane=1.8960001468658447 windspeed=2.6465625 current=0.3815
2025-12-10T23:56:28-0800 [ERROR] Error reading methane sensor: Methane sensor read error: Packet missing closing '}'
2025-12-10T23:56:28-0800 [INFO] Sensors: time=2025-12-10T23:56:28 methane=NA windspeed=2.6145 current=0.3874375
2025-12-10T23:56:33-0800 [INFO] Sensors: time=2025-12-10T23:56:33 methane=1.8920000791549683 windspeed=2.4765 current=0.3806875
2025-12-10T23:56:38-0800 [INFO] Sensors: time=2025-12-10T23:56:38 methane=1.8940000534057617 windspeed=2.4964375 current=0.3814375
2025-12-10T23:56:43-0800 [INFO] Sensors: time=2025-12-10T23:56:43 methane=1.8970000743865967 windspeed=2.573 current=0.363375
2025-12-10T23:56:48-0800 [ERROR] Error reading methane sensor: Methane sensor read error: Packet missing closing '}'
2025-12-10T23:56:48-0800 [INFO] Sensors: time=2025-12-10T23:56:48 methane=NA windspeed=2.599375 current=0.359375
2025-12-10T23:56:54-0800 [INFO] Sensors: time=2025-12-10T23:56:53 methane=1.8970000743865967 windspeed=2.625 current=0.3923125
2025-12-10T23:56:59-0800 [INFO] Sensors: time=2025-12-10T23:56:59 methane=1.9000000953674316 windspeed=2.5580000000000003 current=0.39056250000000003
2025-12-10T23:57:04-0800 [INFO] Sensors: time=2025-12-10T23:57:04 methane=1.9060001373291016 windspeed=2.65725 current=0.382625
2025-12-10T23:57:09-0800 [ERROR] Error reading methane sensor: Methane sensor read error: Packet missing closing '}'
2025-12-10T23:57:09-0800 [INFO] Sensors: time=2025-12-10T23:57:09 methane=NA windspeed=2.5736875 current=0.36175
2025-12-10T23:57:14-0800 [INFO] Sensors: time=2025-12-10T23:57:14 methane=1.90500009059906 windspeed=2.683625 current=0.385
2025-12-10T23:57:19-0800 [INFO] Sensors: time=2025-12-10T23:57:19 methane=1.9030001163482666 windspeed=2.528875 current=0.3878125
2025-12-10T23:57:24-0800 [INFO] Quad sternport set to ON (GPIO 16)
2025-12-10T23:57:24-0800 [INFO] Quad sternstar set to OFF (GPIO 23)
2025-12-10T23:57:24-0800 [INFO] Sensors: time=2025-12-10T23:57:24 methane=1.9070000648498535 windspeed=2.5268125 current=0.3848125
2025-12-10T23:57:29-0800 [ERROR] Error reading methane sensor: Methane sensor read error: Packet missing closing '}'
2025-12-10T23:57:29-0800 [INFO] Sensors: time=2025-12-10T23:57:29 methane=NA windspeed=2.4884375 current=0.38475
2025-12-10T23:57:35-0800 [INFO] Sensors: time=2025-12-10T23:57:34 methane=1.8900001049041748 windspeed=2.4820625 current=0.39337500000000003
2025-12-10T23:57:40-0800 [INFO] Sensors: time=2025-12-10T23:57:40 methane=1.8910000324249268 windspeed=2.5031875 current=0.384375
2025-12-10T23:57:45-0800 [INFO] Sensors: time=2025-12-10T23:57:45 methane=1.8960001468658447 windspeed=2.5361875 current=0.385125
2025-12-10T23:57:50-0800 [INFO] Sensors: time=2025-12-10T23:57:50 methane=1.8990000486373901 windspeed=2.6146875 current=0.3858125
2025-12-10T23:57:55-0800 [INFO] Sensors: time=2025-12-10T23:57:55 methane=1.9040000438690186 windspeed=2.48325 current=0.3715625
2025-12-10T23:58:00-0800 [INFO] Sensors: time=2025-12-10T23:58:00 methane=1.9030001163482666 windspeed=2.6531875 current=0.3863125
2025-12-10T23:58:05-0800 [INFO] Sensors: time=2025-12-10T23:58:05 methane=1.9000000953674316 windspeed=2.6288125 current=0.38875
2025-12-10T23:58:11-0800 [INFO] Sensors: time=2025-12-10T23:58:10 methane=1.90500009059906 windspeed=2.61425 current=0.38875
2025-12-10T23:58:16-0800 [INFO] Sensors: time=2025-12-10T23:58:16 methane=1.9070000648498535 windspeed=2.625 current=0.3796875
2025-12-10T23:58:21-0800 [INFO] Sensors: time=2025-12-10T23:58:21 methane=1.912000060081482 windspeed=2.4655 current=0.3888125
2025-12-10T23:58:26-0800 [INFO] Quad sternport set to OFF (GPIO 16)
2025-12-10T23:58:26-0800 [INFO] Sensors: time=2025-12-10T23:58:26 methane=1.9160001277923584 windspeed=2.4503125 current=0.3234375
2025-12-10T23:58:31-0800 [INFO] Sensors: time=2025-12-10T23:58:31 methane=1.9170000553131104 windspeed=2.4339375 current=0.323125
2025-12-10T23:58:36-0800 [INFO] Sensors: time=2025-12-10T23:58:36 methane=1.9210001230239868 windspeed=2.4271875 current=0.323375
2025-12-10T23:58:41-0800 [INFO] Sensors: time=2025-12-10T23:58:41 methane=1.9180001020431519 windspeed=2.5350625 current=0.323375
2025-12-10T23:58:47-0800 [INFO] Sensors: time=2025-12-10T23:58:46 methane=1.9210001230239868 windspeed=2.488875 current=0.323
2025-12-10T23:58:52-0800 [INFO] Sensors: time=2025-12-10T23:58:52 methane=1.9190001487731934 windspeed=2.4631250000000002 current=0.3233125
2025-12-10T23:58:57-0800 [INFO] Sensors: time=2025-12-10T23:58:57 methane=1.9210001230239868 windspeed=2.404875 current=0.3233125
2025-12-10T23:59:02-0800 [INFO] Sensors: time=2025-12-10T23:59:02 methane=1.9190001487731934 windspeed=2.4761875 current=0.3235
2025-12-10T23:59:07-0800 [INFO] Sensors: time=2025-12-10T23:59:07 methane=1.9220000505447388 windspeed=2.4275 current=0.323
2025-12-10T23:59:12-0800 [INFO] Sensors: time=2025-12-10T23:59:12 methane=1.9210001230239868 windspeed=2.5905625 current=0.32356250000000003
2025-12-10T23:59:17-0800 [INFO] Sensors: time=2025-12-10T23:59:17 methane=1.9160001277923584 windspeed=2.4575 current=0.3234375
2025-12-10T23:59:23-0800 [INFO] Sensors: time=2025-12-10T23:59:22 methane=1.912000060081482 windspeed=2.462125 current=0.323125
2025-12-10T23:59:28-0800 [INFO] Quad bowport set to ON (GPIO 24)
2025-12-10T23:59:28-0800 [INFO] Sensors: time=2025-12-10T23:59:28 methane=1.909000039100647 windspeed=2.6241875 current=0.3973125
2025-12-10T23:59:33-0800 [INFO] Sensors: time=2025-12-10T23:59:33 methane=1.9040000438690186 windspeed=2.6650625 current=0.369625
2025-12-10T23:59:38-0800 [INFO] Sensors: time=2025-12-10T23:59:38 methane=1.9030001163482666 windspeed=2.49575 current=0.3938125
2025-12-10T23:59:43-0800 [INFO] Sensors: time=2025-12-10T23:59:43 methane=1.8970000743865967 windspeed=2.5538125000000003 current=0.396625
2025-12-10T23:59:48-0800 [INFO] Sensors: time=2025-12-10T23:59:48 methane=1.9000000953674316 windspeed=2.529 current=0.40700000000000003
2025-12-10T23:59:53-0800 [INFO] Sensors: time=2025-12-10T23:59:53 methane=1.902000069618225 windspeed=2.6544375000000002 current=0.40025
2025-12-10T23:59:58-0800 [INFO] Sensors: time=2025-12-10T23:59:58 methane=1.90500009059906 windspeed=2.658375 current=0.3999375
2025-12-11T00:00:04-0800 [INFO] Sensors: time=2025-12-11T00:00:03 methane=1.9060001373291016 windspeed=2.65925 current=0.374125
2025-12-11T00:00:09-0800 [INFO] Sensors: time=2025-12-11T00:00:09 methane=1.9070000648498535 windspeed=2.6201250000000003 current=0.40175
2025-12-11T00:00:14-0800 [INFO] Quad bowport set to OFF (GPIO 24)
2025-12-11T00:00:14-0800 [INFO] Quad bowstar set to ON (GPIO 25)
2025-12-11T00:00:14-0800 [INFO] Sensors: time=2025-12-11T00:00:14 methane=1.9070000648498535 windspeed=2.6865 current=0.3979375
2025-12-11T00:00:19-0800 [INFO] Sensors: time=2025-12-11T00:00:19 methane=1.9140000343322754 windspeed=2.67575 current=0.3921875
2025-12-11T00:00:24-0800 [INFO] Sensors: time=2025-12-11T00:00:24 methane=1.9140000343322754 windspeed=2.476875 current=0.3998125
2025-12-11T00:00:29-0800 [INFO] Sensors: time=2025-12-11T00:00:29 methane=1.91100013256073 windspeed=2.521 current=0.4018125
2025-12-11T00:00:34-0800 [INFO] Sensors: time=2025-12-11T00:00:34 methane=1.9130001068115234 windspeed=2.4745625 current=0.4054375
2025-12-11T00:00:40-0800 [INFO] Sensors: time=2025-12-11T00:00:39 methane=1.91100013256073 windspeed=2.6555 current=0.4030625
2025-12-11T00:00:45-0800 [INFO] Sensors: time=2025-12-11T00:00:45 methane=1.908000111579895 windspeed=2.5893125 current=0.38456250000000003
2025-12-11T00:00:50-0800 [INFO] Sensors: time=2025-12-11T00:00:50 methane=1.912000060081482 windspeed=2.6706875 current=0.37875000000000003
2025-12-11T00:00:55-0800 [INFO] Sensors: time=2025-12-11T00:00:55 methane=1.91100013256073 windspeed=2.64175 current=0.40525
2025-12-11T00:01:00-0800 [INFO] Sensors: time=2025-12-11T00:01:00 methane=1.9100000858306885 windspeed=2.4694375 current=0.4058125
2025-12-11T00:01:05-0800 [INFO] Sensors: time=2025-12-11T00:01:05 methane=1.909000039100647 windspeed=2.6631875000000003 current=0.4144375
2025-12-11T00:01:10-0800 [INFO] Sensors: time=2025-12-11T00:01:10 methane=1.915000081062317 windspeed=2.685375 current=0.4069375
2025-12-11T00:01:15-0800 [INFO] Quad bowstar set to OFF (GPIO 25)
2025-12-11T00:01:15-0800 [INFO] Quad sternstar set to ON (GPIO 23)
2025-12-11T00:01:15-0800 [INFO] Sensors: time=2025-12-11T00:01:15 methane=1.912000060081482 windspeed=2.6650625 current=0.38775
2025-12-11T00:01:21-0800 [INFO] Sensors: time=2025-12-11T00:01:20 methane=1.9170000553131104 windspeed=2.6555625000000003 current=0.3863125
2025-12-11T00:01:26-0800 [INFO] Sensors: time=2025-12-11T00:01:26 methane=1.9160001277923584 windspeed=2.6794375 current=0.3800625
2025-12-11T00:01:31-0800 [INFO] Sensors: time=2025-12-11T00:01:31 methane=1.9170000553131104 windspeed=2.684 current=0.3700625
2025-12-11T00:01:36-0800 [INFO] Sensors: time=2025-12-11T00:01:36 methane=1.9160001277923584 windspeed=2.6 current=0.3821875
2025-12-11T00:01:41-0800 [INFO] Sensors: time=2025-12-11T00:01:41 methane=1.912000060081482 windspeed=2.6551875000000003 current=0.3833125
2025-12-11T00:01:46-0800 [INFO] Sensors: time=2025-12-11T00:01:46 methane=1.908000111579895 windspeed=2.6583125 current=0.384125
2025-12-11T00:01:51-0800 [INFO] Sensors: time=2025-12-11T00:01:51 methane=1.9030001163482666 windspeed=2.6841875 current=0.3843125
2025-12-11T00:01:57-0800 [INFO] Sensors: time=2025-12-11T00:01:56 methane=1.9060001373291016 windspeed=2.66875 current=0.37575000000000003
2025-12-11T00:02:02-0800 [INFO] Sensors: time=2025-12-11T00:02:02 methane=1.9070000648498535 windspeed=2.6244375 current=0.375
2025-12-11T00:02:07-0800 [INFO] Sensors: time=2025-12-11T00:02:07 methane=1.9100000858306885 windspeed=2.657375 current=0.3856875
2025-12-11T00:02:12-0800 [INFO] Sensors: time=2025-12-11T00:02:12 methane=1.912000060081482 windspeed=2.6630625 current=0.3889375
2025-12-11T00:02:17-0800 [INFO] Quad sternport set to ON (GPIO 16)
2025-12-11T00:02:17-0800 [INFO] Quad sternstar set to OFF (GPIO 23)
2025-12-11T00:02:17-0800 [INFO] Sensors: time=2025-12-11T00:02:17 methane=1.908000111579895 windspeed=2.6655625 current=0.3851875
2025-12-11T00:02:22-0800 [INFO] Sensors: time=2025-12-11T00:02:22 methane=1.912000060081482 windspeed=2.6593125 current=0.3835
2025-12-11T00:02:27-0800 [INFO] Sensors: time=2025-12-11T00:02:27 methane=1.9100000858306885 windspeed=2.6845 current=0.3658125
2025-12-11T00:02:33-0800 [INFO] Sensors: time=2025-12-11T00:02:32 methane=1.9100000858306885 windspeed=2.6695625 current=0.387375
2025-12-11T00:02:38-0800 [INFO] Sensors: time=2025-12-11T00:02:38 methane=1.9030001163482666 windspeed=2.64825 current=0.3883125
2025-12-11T00:02:43-0800 [INFO] Sensors: time=2025-12-11T00:02:43 methane=1.9070000648498535 windspeed=2.6789375 current=0.3973125
2025-12-11T00:02:48-0800 [INFO] Sensors: time=2025-12-11T00:02:48 methane=1.9070000648498535 windspeed=2.6690625 current=0.392625
2025-12-11T00:02:53-0800 [INFO] Sensors: time=2025-12-11T00:02:53 methane=1.9030001163482666 windspeed=2.66175 current=0.39006250000000003
2025-12-11T00:02:58-0800 [INFO] Sensors: time=2025-12-11T00:02:58 methane=1.8990000486373901 windspeed=2.62025 current=0.3915
2025-12-11T00:03:03-0800 [INFO] Sensors: time=2025-12-11T00:03:03 methane=1.8930001258850098 windspeed=2.6710625 current=0.387375
2025-12-11T00:03:08-0800 [INFO] Sensors: time=2025-12-11T00:03:08 methane=1.8950001001358032 windspeed=2.616 current=0.39225
2025-12-11T00:03:14-0800 [INFO] Sensors: time=2025-12-11T00:03:13 methane=1.902000069618225 windspeed=2.62525 current=0.40325
2025-12-11T00:03:19-0800 [INFO] Quad sternport set to OFF (GPIO 16)
2025-12-11T00:03:19-0800 [INFO] Sensors: time=2025-12-11T00:03:19 methane=1.9070000648498535 windspeed=2.6479375000000003 current=0.323375
2025-12-11T00:03:24-0800 [INFO] Sensors: time=2025-12-11T00:03:24 methane=1.9010001420974731 windspeed=2.6083125000000003 current=0.3234375
2025-12-11T00:03:29-0800 [INFO] Sensors: time=2025-12-11T00:03:29 methane=1.8930001258850098 windspeed=2.6813125 current=0.3234375
2025-12-11T00:03:34-0800 [INFO] Sensors: time=2025-12-11T00:03:34 methane=1.90500009059906 windspeed=2.6688125 current=0.3234375
2025-12-11T00:03:39-0800 [INFO] Sensors: time=2025-12-11T00:03:39 methane=1.908000111579895 windspeed=2.6708125000000003 current=0.3231875
2025-12-11T00:03:44-0800 [INFO] Sensors: time=2025-12-11T00:03:44 methane=1.9040000438690186 windspeed=2.6155 current=0.32356250000000003
2025-12-11T00:03:50-0800 [INFO] Sensors: time=2025-12-11T00:03:49 methane=1.9000000953674316 windspeed=2.671875 current=0.3236875
2025-12-11T00:03:55-0800 [INFO] Sensors: time=2025-12-11T00:03:55 methane=1.9030001163482666 windspeed=2.646125 current=0.323625
2025-12-11T00:04:00-0800 [INFO] Sensors: time=2025-12-11T00:04:00 methane=1.8960001468658447 windspeed=2.6395 current=0.32325
2025-12-11T00:04:05-0800 [INFO] Sensors: time=2025-12-11T00:04:05 methane=1.8960001468658447 windspeed=2.67375 current=0.3233125
2025-12-11T00:04:10-0800 [INFO] Sensors: time=2025-12-11T00:04:10 methane=1.8960001468658447 windspeed=2.6448125 current=0.32325
2025-12-11T00:04:15-0800 [INFO] Sensors: time=2025-12-11T00:04:15 methane=1.9010001420974731 windspeed=2.6661875 current=0.323125
2025-12-11T00:04:20-0800 [INFO] Quad bowport set to ON (GPIO 24)
2025-12-11T00:04:20-0800 [INFO] Sensors: time=2025-12-11T00:04:20 methane=1.9040000438690186 windspeed=2.6758125 current=0.4059375
2025-12-11T00:04:25-0800 [INFO] Sensors: time=2025-12-11T00:04:25 methane=1.9070000648498535 windspeed=2.6445 current=0.402125
2025-12-11T00:04:31-0800 [INFO] Sensors: time=2025-12-11T00:04:30 methane=1.90500009059906 windspeed=2.6463125 current=0.39737500000000003
2025-12-11T00:04:36-0800 [INFO] Sensors: time=2025-12-11T00:04:36 methane=1.9060001373291016 windspeed=2.632625 current=0.3715
2025-12-11T00:04:41-0800 [INFO] Sensors: time=2025-12-11T00:04:41 methane=1.9030001163482666 windspeed=2.6663125 current=0.3945625
2025-12-11T00:04:46-0800 [INFO] Sensors: time=2025-12-11T00:04:46 methane=1.90500009059906 windspeed=2.6330625 current=0.40125
2025-12-11T00:04:51-0800 [INFO] Sensors: time=2025-12-11T00:04:51 methane=1.90500009059906 windspeed=2.662125 current=0.4023125
2025-12-11T00:04:56-0800 [INFO] Sensors: time=2025-12-11T00:04:56 methane=1.9010001420974731 windspeed=2.686375 current=0.4081875
2025-12-11T00:05:01-0800 [INFO] Sensors: time=2025-12-11T00:05:01 methane=1.8970000743865967 windspeed=2.6416875 current=0.394625
2025-12-11T00:05:07-0800 [INFO] Sensors: time=2025-12-11T00:05:06 methane=1.9010001420974731 windspeed=2.6390000000000002 current=0.3856875
2025-12-11T00:05:12-0800 [INFO] Sensors: time=2025-12-11T00:05:12 methane=1.8950001001358032 windspeed=2.6934375 current=0.40475
2025-12-11T00:05:17-0800 [INFO] Sensors: time=2025-12-11T00:05:17 methane=1.8970000743865967 windspeed=2.6116875 current=0.4049375
2025-12-11T00:05:22-0800 [INFO] Quad bowport set to OFF (GPIO 24)
2025-12-11T00:05:22-0800 [INFO] Quad bowstar set to ON (GPIO 25)
2025-12-11T00:05:22-0800 [INFO] Sensors: time=2025-12-11T00:05:22 methane=1.8940000534057617 windspeed=2.6310000000000002 current=0.4023125
2025-12-11T00:05:27-0800 [INFO] Sensors: time=2025-12-11T00:05:27 methane=1.8940000534057617 windspeed=2.6334375 current=0.399
2025-12-11T00:05:32-0800 [INFO] Sensors: time=2025-12-11T00:05:32 methane=1.8920000791549683 windspeed=2.6782500000000002 current=0.41125
2025-12-11T00:05:37-0800 [INFO] Sensors: time=2025-12-11T00:05:37 methane=1.8940000534057617 windspeed=2.59 current=0.40275
2025-12-11T00:05:42-0800 [INFO] Sensors: time=2025-12-11T00:05:42 methane=1.8900001049041748 windspeed=2.6504375000000002 current=0.40068750000000003
2025-12-11T00:05:48-0800 [INFO] Sensors: time=2025-12-11T00:05:47 methane=1.8910000324249268 windspeed=2.6563125 current=0.37425
2025-12-11T00:05:53-0800 [INFO] Sensors: time=2025-12-11T00:05:53 methane=1.8890000581741333 windspeed=2.6446875 current=0.40525
2025-12-11T00:05:58-0800 [INFO] Sensors: time=2025-12-11T00:05:58 methane=1.8890000581741333 windspeed=2.618625 current=0.4059375
2025-12-11T00:06:03-0800 [INFO] Sensors: time=2025-12-11T00:06:03 methane=1.8890000581741333 windspeed=2.6989375 current=0.41731250000000003
2025-12-11T00:06:08-0800 [INFO] Sensors: time=2025-12-11T00:06:08 methane=1.8880001306533813 windspeed=2.6295625 current=0.40718750000000004
2025-12-11T00:06:13-0800 [INFO] Sensors: time=2025-12-11T00:06:13 methane=1.8860000371932983 windspeed=2.6171875 current=0.3899375
2025-12-11T00:06:18-0800 [INFO] Sensors: time=2025-12-11T00:06:18 methane=1.8890000581741333 windspeed=2.6284375 current=0.4050625
2025-12-11T00:06:23-0800 [INFO] Quad bowstar set to OFF (GPIO 25)
2025-12-11T00:06:23-0800 [INFO] Quad sternstar set to ON (GPIO 23)
2025-12-11T00:06:24-0800 [INFO] Sensors: time=2025-12-11T00:06:23 methane=1.8910000324249268 windspeed=2.680375 current=0.3738125
2025-12-11T00:06:29-0800 [INFO] Sensors: time=2025-12-11T00:06:29 methane=1.8910000324249268 windspeed=2.672875 current=0.3768125
2025-12-11T00:06:34-0800 [INFO] Sensors: time=2025-12-11T00:06:34 methane=1.8910000324249268 windspeed=2.69575 current=0.381125
2025-12-11T00:06:39-0800 [INFO] Sensors: time=2025-12-11T00:06:39 methane=1.8910000324249268 windspeed=2.4705625 current=0.3819375
2025-12-11T00:06:44-0800 [INFO] Sensors: time=2025-12-11T00:06:44 methane=1.8860000371932983 windspeed=2.6725625 current=0.385125
2025-12-11T00:06:49-0800 [INFO] Sensors: time=2025-12-11T00:06:49 methane=1.8860000371932983 windspeed=2.5178125000000002 current=0.366
2025-12-11T00:06:54-0800 [INFO] Sensors: time=2025-12-11T00:06:54 methane=1.8780001401901245 windspeed=2.638875 current=0.38375000000000004
2025-12-11T00:07:00-0800 [INFO] Sensors: time=2025-12-11T00:06:59 methane=1.877000093460083 windspeed=2.6653125 current=0.3949375
2025-12-11T00:07:05-0800 [INFO] Sensors: time=2025-12-11T00:07:05 methane=1.880000114440918 windspeed=2.6391875000000002 current=0.3925625
2025-12-11T00:07:10-0800 [INFO] Sensors: time=2025-12-11T00:07:10 methane=1.8820000886917114 windspeed=2.6206875 current=0.385125
2025-12-11T00:07:15-0800 [INFO] Sensors: time=2025-12-11T00:07:15 methane=1.8790000677108765 windspeed=2.5089375 current=0.372625
2025-12-11T00:07:20-0800 [INFO] Sensors: time=2025-12-11T00:07:20 methane=1.8850001096725464 windspeed=2.657125 current=0.385125
2025-12-11T00:07:25-0800 [INFO] Quad sternport set to ON (GPIO 16)
2025-12-11T00:07:25-0800 [INFO] Quad sternstar set to OFF (GPIO 23)
2025-12-11T00:07:25-0800 [INFO] Sensors: time=2025-12-11T00:07:25 methane=1.8880001306533813 windspeed=2.51275 current=0.3599375
2025-12-11T00:07:30-0800 [INFO] Sensors: time=2025-12-11T00:07:30 methane=1.8850001096725464 windspeed=2.6266875 current=0.369625
2025-12-11T00:07:35-0800 [INFO] Sensors: time=2025-12-11T00:07:35 methane=1.8860000371932983 windspeed=2.5269375 current=0.38406250000000003
2025-12-11T00:07:41-0800 [INFO] Sensors: time=2025-12-11T00:07:40 methane=1.8910000324249268 windspeed=2.5139375 current=0.3856875
2025-12-11T00:07:46-0800 [INFO] Sensors: time=2025-12-11T00:07:46 methane=1.8900001049041748 windspeed=2.48175 current=0.39
2025-12-11T00:07:51-0800 [INFO] Sensors: time=2025-12-11T00:07:51 methane=1.8880001306533813 windspeed=2.452875 current=0.39137500000000003
2025-12-11T00:07:56-0800 [INFO] Sensors: time=2025-12-11T00:07:56 methane=1.8950001001358032 windspeed=2.6179375 current=0.3871875
2025-12-11T00:08:01-0800 [INFO] Sensors: time=2025-12-11T00:08:01 methane=1.9000000953674316 windspeed=2.5753125 current=0.376125
2025-12-11T00:08:06-0800 [INFO] Sensors: time=2025-12-11T00:08:06 methane=1.9030001163482666 windspeed=2.546375 current=0.3865
2025-12-11T00:08:11-0800 [INFO] Sensors: time=2025-12-11T00:08:11 methane=1.9040000438690186 windspeed=2.4686875 current=0.388625
2025-12-11T00:08:17-0800 [INFO] Sensors: time=2025-12-11T00:08:16 methane=1.9040000438690186 windspeed=2.428125 current=0.39487500000000003
2025-12-11T00:08:22-0800 [INFO] Sensors: time=2025-12-11T00:08:22 methane=1.90500009059906 windspeed=2.4673125000000002 current=0.39006250000000003
2025-12-11T00:08:27-0800 [INFO] Quad sternport set to OFF (GPIO 16)
2025-12-11T00:08:27-0800 [INFO] Sensors: time=2025-12-11T00:08:27 methane=1.9000000953674316 windspeed=2.6198125 current=0.323375
2025-12-11T00:08:32-0800 [INFO] Sensors: time=2025-12-11T00:08:32 methane=1.90500009059906 windspeed=2.414375 current=0.3234375
2025-12-11T00:08:37-0800 [INFO] Sensors: time=2025-12-11T00:08:37 methane=1.9030001163482666 windspeed=2.635125 current=0.323
2025-12-11T00:08:42-0800 [INFO] Sensors: time=2025-12-11T00:08:42 methane=1.902000069618225 windspeed=2.4889375 current=0.32325
2025-12-11T00:08:47-0800 [INFO] Sensors: time=2025-12-11T00:08:47 methane=1.8990000486373901 windspeed=2.5809375 current=0.32325
2025-12-11T00:08:52-0800 [INFO] Sensors: time=2025-12-11T00:08:52 methane=1.902000069618225 windspeed=2.57775 current=0.323375
2025-12-11T00:08:58-0800 [INFO] Sensors: time=2025-12-11T00:08:57 methane=1.8970000743865967 windspeed=2.6535 current=0.3234375
2025-12-11T00:09:03-0800 [INFO] Sensors: time=2025-12-11T00:09:03 methane=1.8960001468658447 windspeed=2.6644375 current=0.323375
2025-12-11T00:09:08-0800 [INFO] Sensors: time=2025-12-11T00:09:08 methane=1.8910000324249268 windspeed=2.66325 current=0.32325
2025-12-11T00:09:13-0800 [INFO] Sensors: time=2025-12-11T00:09:13 methane=1.8880001306533813 windspeed=2.6604375 current=0.323
2025-12-11T00:09:18-0800 [INFO] Sensors: time=2025-12-11T00:09:18 methane=1.8860000371932983 windspeed=2.6855625 current=0.323125
2025-12-11T00:09:23-0800 [INFO] Sensors: time=2025-12-11T00:09:23 methane=1.8850001096725464 windspeed=2.6611875 current=0.32356250000000003
2025-12-11T00:09:28-0800 [INFO] Sensors: time=2025-12-11T00:09:28 methane=1.8790000677108765 windspeed=2.4504375 current=0.3235
2025-12-11T00:09:34-0800 [INFO] Sensors: time=2025-12-11T00:09:33 methane=1.8850001096725464 windspeed=2.6099375 current=0.3233125
2025-12-11T00:09:39-0800 [INFO] Sensors: time=2025-12-11T00:09:39 methane=1.88100004196167 windspeed=2.490125 current=0.3235
2025-12-11T00:09:44-0800 [INFO] Sensors: time=2025-12-11T00:09:44 methane=1.8820000886917114 windspeed=2.5590625 current=0.3233125
2025-12-11T00:09:49-0800 [INFO] Sensors: time=2025-12-11T00:09:49 methane=1.8790000677108765 windspeed=2.5433125 current=0.3233125
2025-12-11T00:09:54-0800 [INFO] Sensors: time=2025-12-11T00:09:54 methane=1.8840000629425049 windspeed=2.5999375000000002 current=0.3233125
2025-12-11T00:09:59-0800 [INFO] Sensors: time=2025-12-11T00:09:59 methane=1.8850001096725464 windspeed=2.458875 current=0.3235
