# experiment_start: 2026-05-28T11:36:44.817230
# pins: 5 on=12000ms off=120000ms init=off, 6 on=3000ms off=60000ms init=on
2026-05-28T11:36:44.817  pin=5  state=off
2026-05-28T11:36:44.817  pin=6  state=on
2026-05-28T11:36:47.817  pin=6  state=off
2026-05-28T11:37:47.818  pin=6  state=on
2026-05-28T11:37:50.818  pin=6  state=off
2026-05-28T11:38:44.817  pin=5  state=on
2026-05-28T11:38:50.818  pin=6  state=on
2026-05-28T11:38:53.818  pin=6  state=off
2026-05-28T11:38:56.818  pin=5  state=off
2026-05-28T11:39:53.819  pin=6  state=on
2026-05-28T11:39:56.819  pin=6  state=off
2026-05-28T11:40:56.818  pin=5  state=on
2026-05-28T11:40:56.819  pin=6  state=on
2026-05-28T11:40:59.819  pin=6  state=off
2026-05-28T11:41:08.818  pin=5  state=off
2026-05-28T11:41:59.819  pin=6  state=on
2026-05-28T11:42:02.820  pin=6  state=off
2026-05-28T11:43:02.820  pin=6  state=on
2026-05-28T11:43:05.820  pin=6  state=off
2026-05-28T11:43:08.818  pin=5  state=on
2026-05-28T11:43:20.818  pin=5  state=off
2026-05-28T11:44:05.820  pin=6  state=on
2026-05-28T11:44:08.821  pin=6  state=off
2026-05-28T11:45:08.821  pin=6  state=on
2026-05-28T11:45:11.821  pin=6  state=off
2026-05-28T11:45:20.819  pin=5  state=on
2026-05-28T11:45:32.819  pin=5  state=off
2026-05-28T11:46:11.821  pin=6  state=on
2026-05-28T11:46:14.822  pin=6  state=off
2026-05-28T11:47:14.822  pin=6  state=on
2026-05-28T11:47:17.822  pin=6  state=off
2026-05-28T11:47:32.819  pin=5  state=on
2026-05-28T11:47:44.819  pin=5  state=off
2026-05-28T11:48:17.822  pin=6  state=on
2026-05-28T11:48:20.822  pin=6  state=off
2026-05-28T11:49:20.823  pin=6  state=on
2026-05-28T11:49:23.823  pin=6  state=off
2026-05-28T11:49:44.820  pin=5  state=on
2026-05-28T11:49:56.820  pin=5  state=off
2026-05-28T11:50:23.823  pin=6  state=on
2026-05-28T11:50:26.823  pin=6  state=off
2026-05-28T11:51:26.824  pin=6  state=on
2026-05-28T11:51:29.824  pin=6  state=off
2026-05-28T11:51:56.820  pin=5  state=on
2026-05-28T11:52:08.820  pin=5  state=off
2026-05-28T11:52:29.824  pin=6  state=on
2026-05-28T11:52:32.824  pin=6  state=off
2026-05-28T11:53:32.825  pin=6  state=on
2026-05-28T11:53:35.825  pin=6  state=off
2026-05-28T11:54:08.820  pin=5  state=on
2026-05-28T11:54:20.821  pin=5  state=off
2026-05-28T11:54:35.825  pin=6  state=on
2026-05-28T11:54:38.825  pin=6  state=off
2026-05-28T11:55:38.825  pin=6  state=on
2026-05-28T11:55:41.826  pin=6  state=off
2026-05-28T11:56:20.821  pin=5  state=on
2026-05-28T11:56:32.821  pin=5  state=off
2026-05-28T11:56:41.826  pin=6  state=on
2026-05-28T11:56:44.826  pin=6  state=off
2026-05-28T11:57:44.826  pin=6  state=on
2026-05-28T11:57:47.827  pin=6  state=off
2026-05-28T11:58:32.821  pin=5  state=on
2026-05-28T11:58:44.822  pin=5  state=off
2026-05-28T11:58:47.827  pin=6  state=on
2026-05-28T11:58:50.827  pin=6  state=off
2026-05-28T11:59:50.827  pin=6  state=on
2026-05-28T11:59:53.827  pin=6  state=off
2026-05-28T12:00:03.805  pin=5  state=off  [forced]
2026-05-28T12:00:03.805  pin=6  state=off  [forced]
# experiment_end: 2026-05-28T12:00:03.805106
