# experiment_start: 2026-06-04T12:43:56.940066
# pins: 5 on=60000ms off=120000ms init=on
2026-06-04T12:43:56.940  pin=5  state=on
2026-06-04T12:44:56.940  pin=5  state=off
2026-06-04T12:46:56.941  pin=5  state=on
2026-06-04T12:47:56.941  pin=5  state=off
2026-06-04T12:49:56.941  pin=5  state=on
2026-06-04T12:50:56.941  pin=5  state=off
2026-06-04T12:52:56.942  pin=5  state=on
2026-06-04T12:53:56.942  pin=5  state=off
2026-06-04T12:55:56.942  pin=5  state=on
2026-06-04T12:56:56.942  pin=5  state=off
2026-06-04T12:58:56.943  pin=5  state=on
2026-06-04T12:59:56.943  pin=5  state=off
2026-06-04T13:01:56.943  pin=5  state=on
2026-06-04T13:02:56.943  pin=5  state=off
2026-06-04T13:04:56.943  pin=5  state=on
2026-06-04T13:05:56.944  pin=5  state=off
2026-06-04T13:07:56.944  pin=5  state=on
2026-06-04T13:08:56.944  pin=5  state=off
2026-06-04T13:10:52.028  pin=5  state=off  [forced]
# experiment_end: 2026-06-04T13:10:52.028779
